              Parameter       mean  median    best [   68% interval] [   95% interval]
 1     background R1_Ar 252(31)e-9 0.000000253 0.000000258 [0.00000022 0.00000028] [0.00000019 0.00000031]
 2      intensity R1_Ar 0.9835(34)  0.9835  0.9835 [  0.980   0.987] [  0.977   0.990]
 3     background R1_Ar 277(29)e-9 0.000000277 0.000000281 [0.00000025 0.00000030] [0.00000022 0.00000033]
 4      intensity R1_Ar 0.9649(25) 0.96484 0.96499 [ 0.9624  0.9674] [ 0.9600  0.9699]
 5    Silicon interface  49.67(33)  49.768  50.000 [  49.39   49.94] [  48.73   49.99]
 6       SiOx interface   6.64(16)   6.634   6.599 [   6.48    6.81] [   6.34    6.96]
 7             SiOx rho  0.769(38)   0.766   0.769 [   0.73    0.81] [   0.71    0.85]
 8       SiOx thickness  44.81(18)  44.858  45.000 [  44.65   44.96] [  44.31   44.99]
 9  Permalloy interface   6.61(28)   6.620   6.654 [   6.33    6.90] [   6.04    7.14]
10       Permalloy rhoM  1.889(10)  1.8888  1.8883 [  1.879   1.899] [  1.868   1.909]
11        Permalloy rho  9.036(13)  9.0352  9.0341 [  9.022   9.049] [  9.010   9.062]
12  Permalloy thickness 109.29(14) 109.287 109.301 [ 109.14  109.43] [ 109.01  109.57]
13         Platinum rho  6.514(16)  6.5141  6.5126 [  6.497   6.531] [  6.482   6.546]
14   Platinum thickness  53.11(16)  53.105  53.107 [  52.95   53.26] [  52.81   53.41]
15     Nafion interface   8.27(19)   8.275   8.257 [   8.07    8.47] [   7.89    8.64]
16           Nafion rho 3.7874(84)  3.7873  3.7872 [  3.779   3.796] [  3.771   3.804]
17     Nafion thickness 271.49(18) 271.491 271.481 [ 271.32  271.67] [ 271.15  271.84]
18  Platinum:Water(W/T)  0.518(22)  0.5215  0.5273 [  0.493   0.541] [  0.468   0.548]
19    Water:Nafion(W/T)  26(20)e-3  0.0225  0.0012 [  0.007   0.047] [  0.001   0.075]
