              Parameter       mean  median    best [   68% interval] [   95% interval]
 1 background R1_D2OVap  14(15)e-9 0.0000000098 0.0000000024 [0.000000002 0.000000027] [0.000000000 0.000000055]
 2  intensity R1_D2OVap 0.9677(23) 0.96768 0.96766 [ 0.9655  0.9699] [ 0.9634  0.9721]
 3 background R1_D2OVap 259(33)e-9 0.000000257 0.000000256 [0.00000023 0.00000029] [0.00000020 0.00000033]
 4  intensity R1_D2OVap 0.9638(20) 0.96401 0.96436 [ 0.9619  0.9657] [ 0.9595  0.9675]
 5    Silicon interface   58.6(10)  58.633  58.608 [  57.70   59.40] [  56.30   60.71]
 6          Silicon rho  2.201(23)  2.1999  2.2000 [  2.183   2.227] [  2.153   2.247]
 7       SiOx interface  6.384(66)   6.387   6.382 [   6.32    6.45] [   6.23    6.50]
 8             SiOx rho  0.748(19)  0.7464  0.7464 [  0.732   0.765] [  0.706   0.790]
 9       SiOx thickness 59.947(70)  59.975  59.998 [  59.90   60.00] [  59.73   60.00]
10  Permalloy interface   6.70(14)   6.681   6.677 [   6.58    6.83] [   6.45    7.02]
11       Permalloy rhoM 1.8831(70)  1.8823  1.8810 [  1.876   1.890] [  1.871   1.898]
12        Permalloy rho 8.9256(95)  8.9253  8.9238 [  8.917   8.935] [  8.906   8.945]
13  Permalloy thickness 109.08(11) 109.081 109.048 [ 108.97  109.19] [ 108.87  109.26]
14   Platinum interface   5.71(31)   5.718   5.716 [   5.56    5.85] [   5.06    6.28]
15         Platinum rho  6.424(12)  6.4246  6.4249 [  6.412   6.436] [  6.402   6.450]
16   Platinum thickness  48.23(16)  48.219  48.234 [  48.09   48.37] [  47.92   48.57]
17           Nafion rho 4.4603(78)  4.4606  4.4591 [  4.452   4.468] [  4.444   4.475]
18 Interfacial thickness  83.94(46)  83.868  83.828 [  83.56   84.32] [  83.20   85.09]
19     Interfacial z[0] 0.0354(20) 0.03530 0.03539 [ 0.0338  0.0370] [ 0.0315  0.0405]
20     Interfacial z[1] 0.0402(32)  0.0410  0.0411 [  0.037   0.043] [  0.032   0.045]
21     Interfacial z[2]  0.856(18)  0.8550  0.8545 [  0.842   0.870] [  0.819   0.896]
22     Interfacial z[3]  0.959(21)  0.9615  0.9615 [  0.944   0.976] [  0.905   0.995]
23     Interfacial z[4]  0.892(13)  0.8907  0.8907 [  0.884   0.902] [  0.866   0.925]
24     Interfacial z[5] 0.9981(24) 0.99905 0.99987 [ 0.9964  0.9998] [ 0.9908  1.0000]
25     Nafion interface   7.25(10)   7.246   7.245 [   7.16    7.34] [   7.05    7.48]
26     Nafion thickness 241.48(45) 241.565 241.592 [ 241.11  241.83] [ 240.38  242.18]
27     Water fraction 0  0.463(17)  0.4619  0.4619 [  0.453   0.474] [  0.430   0.500]
28     Water fraction 1 0.80(98)e-3 0.00044 0.00003 [ 0.0001  0.0016] [ 0.0000  0.0036]
29     Water fraction 2 0.0989(55)  0.0993  0.0997 [  0.094   0.103] [  0.086   0.109]
30     Water fraction 3  29(12)e-3  0.0285  0.0286 [  0.019   0.037] [  0.005   0.056]
31     Water fraction 4 2.0(30)e-3  0.0009  0.0001 [  0.000   0.004] [  0.000   0.011]
32     Water fraction 5 0.9(15)e-3 0.00032 0.00002 [ 0.0001  0.0016] [ 0.0000  0.0048]
