              Parameter       mean  median    best [   68% interval] [   95% interval]
 1      intensity R1_Ar 0.9415(36)  0.9416  0.9428 [  0.938   0.945] [  0.934   0.949]
 2    Silicon interface   40.8(41)   42.17   44.84 [   36.4    44.7] [   31.0    45.4]
 3          Silicon rho  2.134(16)  2.1397  2.1483 [  2.122   2.147] [  2.088   2.150]
 4       SiOx interface   3.08(12)   3.072   2.960 [   2.96    3.18] [   2.85    3.34]
 5             SiOx rho 3.0022(23) 3.00140 3.00031 [ 3.0004  3.0040] [ 3.0001  3.0088]
 6       SiOx thickness  30.36(58)  30.204  30.039 [  30.05   30.60] [  30.01   31.70]
 7  Permalloy interface   9.28(33)   9.255   9.105 [   8.96    9.59] [   8.68   10.04]
 8       Permalloy rhoM  1.974(15)  1.9745  1.9714 [  1.960   1.989] [  1.945   2.004]
 9        Permalloy rho  9.434(18)  9.4345  9.4289 [  9.417   9.452] [  9.398   9.467]
10  Permalloy thickness 107.60(27) 107.601 107.537 [ 107.33  107.86] [ 107.10  108.14]
11   Platinum interface   0.48(41)   0.374   0.264 [   0.12    0.83] [   0.02    1.59]
12         Platinum rho  6.312(51)   6.325   6.349 [   6.26    6.35] [   6.18    6.38]
13   Platinum thickness  50.38(26)  50.380  50.276 [  50.13   50.65] [  49.84   50.89]
14      Water interface   27.0(80)   24.45   19.64 [   19.6    37.9] [   16.7    43.8]
15            Water rho   2.87(15)   2.941   2.989 [   2.69    2.98] [   2.50    3.00]
16      Water thickness   60.5(66)   63.21   65.98 [   52.6    65.3] [   45.0    66.5]
17     Nafion interface   8.38(27)   8.377   8.518 [   8.13    8.62] [   7.81    8.93]
18           Nafion rho  4.129(20)  4.1274  4.1136 [  4.110   4.149] [  4.094   4.173]
19     Nafion thickness  224.7(66)  221.97  219.38 [  219.9   232.5] [  218.7   240.1]
