              Parameter       mean  median    best [   68% interval] [   95% interval]
 1 background R1_D2OVap  34(22)e-9 0.0000000308 0.0000000189 [0.000000011 0.000000056] [0.000000002 0.000000083]
 2  intensity R1_D2OVap 0.9778(27)  0.9777  0.9785 [  0.975   0.981] [  0.973   0.983]
 3 background R1_D2OVap 248(35)e-9 0.000000248 0.000000270 [0.00000021 0.00000028] [0.00000018 0.00000032]
 4  intensity R1_D2OVap 0.9661(23) 0.96606 0.96596 [ 0.9638  0.9684] [ 0.9615  0.9706]
 5    Silicon interface  49.73(26)  49.803  49.972 [  49.50   49.95] [  49.05   49.99]
 6          Silicon rho  3.166(31)   3.168   3.160 [   3.13    3.19] [   3.10    3.22]
 7       SiOx interface  6.070(78)   6.069   6.117 [   5.99    6.15] [   5.92    6.22]
 8             SiOx rho  1.035(28)   1.035   1.022 [   1.01    1.06] [   0.98    1.09]
 9       SiOx thickness  59.77(23)  59.845  59.923 [  59.59   59.96] [  59.14   59.99]
10  Permalloy interface   7.08(20)   7.081   6.996 [   6.88    7.28] [   6.69    7.46]
11       Permalloy rhoM 1.8658(76)  1.8658  1.8671 [  1.858   1.873] [  1.851   1.881]
12        Permalloy rho  9.082(14)  9.0828  9.0755 [  9.068   9.096] [  9.056   9.109]
13  Permalloy thickness 109.47(11) 109.474 109.417 [ 109.36  109.58] [ 109.24  109.69]
14         Platinum rho  6.686(14)  6.6857  6.6920 [  6.671   6.700] [  6.659   6.712]
15   Platinum thickness  40.98(15)  40.978  41.010 [  40.83   41.12] [  40.69   41.26]
16     Nafion interface   7.04(15)   7.035   6.938 [   6.88    7.19] [   6.74    7.33]
17           Nafion rho 4.3187(50)  4.3187  4.3243 [  4.314   4.324] [  4.309   4.329]
18     Nafion thickness 322.46(12) 322.460 322.451 [ 322.34  322.59] [ 322.23  322.70]
19  Platinum:Water(W/T)  0.504(45)   0.518   0.547 [   0.46    0.54] [   0.38    0.55]
20    Water:Nafion(W/T)  20(16)e-3  0.0158  0.0001 [  0.004   0.036] [  0.001   0.061]
