.probe
  .back_absorption = back_absorption R1XRR = 1
  .background = background R1XRR = 0
  .intensity = intensity R1XRR = 1.01936 in [0.95,1.05]
  .sample_broadening = sample_broadening R1XRR = 0
  .theta_offset = theta_offset R1XRR = 0
.sample
  .layers
    [0]
      .interface = Silicon interface = 15.7055 in [8.65,28.65]
      .material
        .irho = Silicon irho = 0.458
        .rho = Silicon rho = 20.07
      .thickness = Silicon thickness = 0
    [1]
      .interface = SiOx interface = 3.18357 in [0,13.224]
      .material
        .irho = SiOx irho = 6.16964 in [5.871,7.871]
        .rho = SiOx rho = 32.9448 in [32.94,34.94]
      .thickness = SiOx thickness = 35.8964 in [0,140.55]
    [2]
      .interface = Permalloy interface = 9.78468 in [0,16.751]
      .material
        .irho = Permalloy irho = -0.0457007 in [-1,1]
        .rho = Permalloy rho = 65.5178 in [65.49,67.49]
      .thickness = Permalloy thickness = 106.931 in [8,208]
    [3]
      .interface = Interace interface = 5.15701 in [0,16.751]
      .material
        .irho = Interace irho = 4.71251 in [2.75,4.75]
        .rho = Interace rho = 99.058 in [99,101]
      .thickness = Interace thickness = 1.31417 in [0,110]
    [4]
      .interface = Platinum interface = 3.66284 in [0,13.657]
      .material
        .irho = Platinum irho = 8.44884 in [6.451,8.451]
        .rho = Platinum rho = 134.899 in [132.9,134.9]
      .thickness = Platinum thickness = 49.2863 in [0,149.49]
    [5]
      .interface = Air interface = 0
      .material
        .irho = Air irho = 0
        .rho = Air rho = 0
      .thickness = Air thickness = 0
  .thickness = stack thickness = 193.428

[chisq=17.047(57), nllf=3025.75]
