              Parameter       mean  median    best [   68% interval] [   95% interval]
 1     background R1_Ar 261(43)e-9 0.000000265 0.000000311 [0.00000022 0.00000030] [0.00000018 0.00000035]
 2      intensity R1_Ar 0.9706(43)  0.9701  0.9713 [  0.967   0.975] [  0.963   0.981]
 3     background R1_Ar 164(45)e-9 0.000000166 0.000000112 [0.00000012 0.00000021] [0.00000008 0.00000025]
 4      intensity R1_Ar 0.9572(41)  0.9575  0.9568 [  0.953   0.961] [  0.948   0.965]
 5    Silicon interface 49.927(72)  49.944  49.997 [  49.86   49.99] [  49.73   50.00]
 6       SiOx interface   4.85(12)   4.854   4.829 [   4.74    4.97] [   4.61    5.10]
 7             SiOx rho  1.409(48)   1.401   1.405 [   1.37    1.46] [   1.32    1.52]
 8       SiOx thickness  44.81(20)  44.871  44.998 [  44.64   44.98] [  44.24   45.00]
 9  Permalloy interface   7.72(27)   7.758   8.259 [   7.48    7.92] [   7.08    8.25]
10       Permalloy rhoM  1.873(14)  1.8719  1.8974 [  1.862   1.887] [  1.846   1.905]
11        Permalloy rho  9.174(20)  9.1742  9.1777 [  9.156   9.194] [  9.134   9.217]
12  Permalloy thickness 109.19(24) 109.156 108.967 [ 108.96  109.46] [ 108.74  109.68]
13   Platinum interface   0.18(20)   0.104   0.157 [   0.04    0.33] [   0.01    0.80]
14         Platinum rho  6.509(25)   6.510   6.526 [   6.48    6.53] [   6.46    6.56]
15   Platinum thickness  47.98(34)  47.987  47.919 [  47.67   48.32] [  47.28   48.66]
16           Nafion rho  3.969(18)  3.9676  3.9937 [  3.953   3.986] [  3.933   4.006]
17 Interfacial thickness   82.7(33)  83.683  87.116 [  78.01   86.13] [  77.13   87.04]
18     Interfacial z[0] 0.0155(65)  0.0166  0.0177 [  0.008   0.021] [  0.002   0.027]
19     Interfacial z[1]  0.670(30)   0.668   0.681 [   0.65    0.69] [   0.62    0.73]
20     Interfacial z[2]  0.577(27)   0.573   0.611 [   0.56    0.60] [   0.53    0.64]
21     Interfacial z[3]  0.695(19)  0.6933  0.6983 [  0.683   0.708] [  0.649   0.739]
22     Interfacial z[4]  0.761(53)   0.744   0.769 [   0.72    0.81] [   0.69    0.90]
23     Nafion interface   9.03(29)   9.091   9.349 [   8.71    9.27] [   8.40    9.60]
24     Nafion thickness  204.2(34) 203.037 200.097 [ 200.74  209.07] [ 200.10  210.00]
25     Water fraction 0 0.1571(56)  0.1562  0.1520 [  0.152   0.162] [  0.148   0.171]
26     Water fraction 1 0.1516(68)  0.1528  0.1444 [  0.146   0.157] [  0.135   0.163]
27     Water fraction 2  90(26)e-3   0.083   0.078 [   0.07    0.12] [   0.05    0.15]
28     Water fraction 3  0.137(42)   0.148   0.072 [   0.09    0.18] [   0.05    0.18]
29     Water fraction 4  0.141(24)  0.1415  0.1273 [  0.117   0.168] [  0.096   0.172]
