.probe
  .Aguide = Aguide R1_Ar = 270
  .H = H R1_Ar = 0
  .mm
    .back_absorption = back_absorption R1_Ar = 1
    .background = background R1_Ar = 3.11115e-07 in [0,1e-05]
    .intensity = intensity R1_Ar = 0.971262 in [0.9,1.1]
    .sample_broadening = sample_broadening R1_Ar = 0
    .theta_offset = theta_offset R1_Ar = 0
  .mp = None
  .pm = None
  .pp
    .back_absorption = back_absorption R1_Ar = 1
    .background = background R1_Ar = 1.11717e-07 in [0,1e-05]
    .intensity = intensity R1_Ar = 0.956758 in [0.9,1.1]
    .sample_broadening = sample_broadening R1_Ar = 0.01
    .theta_offset = theta_offset R1_Ar = 0
.sample
  .layers
    [0]
      .interface = Silicon interface = 49.9972 in [30,50]
      .material
        .irho = Silicon irho = 0
        .rho = Silicon rho = 2.148
      .thickness = Silicon thickness = 5000
    [1]
      .interface = SiOx interface = 4.82856 in [0,20]
      .material
        .irho = SiOx irho = 0
        .rho = SiOx rho = 1.40537 in [0.7,5]
      .thickness = SiOx thickness = 44.9978 in [25,45]
    [2]
      .interface = Permalloy interface = 8.25905 in [0,20]
      .magnetism
        .dead_above = Permalloy deadM above = 0
        .dead_below = Permalloy deadM below = 0
        .interface_above = None
        .interface_below = None
        .rhoM = Permalloy rhoM = 1.89742 in [0.942,2.942]
        .thetaM = Permalloy thetaM = 270
      .material
        .irho = Permalloy irho = 0
        .rho = Permalloy rho = 9.17767 in [8.239,10.239]
      .thickness = Permalloy thickness = 108.967 in [98,115]
    [3]
      .interface = Platinum interface = 0.157278 in [0,10]
      .material
        .irho = Platinum irho = 0
        .rho = Platinum rho = 6.52636 in [5.446,7.446]
      .thickness = Platinum thickness = 47.9191 in [30,70]
    [4]
      .above
        .irho = Nafion irho = 0
        .rho = Nafion rho = 3.99372 in [2.705,4.705]
      .below
        .irho = Platinum irho = 0
        .rho = Platinum rho = 6.52636 in [5.446,7.446]
      .interface = Interfacial interface = 0
      .irho
        [0] = Interfacial irho[0] = 0
        [1] = Interfacial irho[1] = 0
        [2] = Interfacial irho[2] = 0
        [3] = Interfacial irho[3] = 0
        [4] = Interfacial irho[4] = 0
      .rho
        [0] = (((1 - Water fraction 0) * 4.058) + (Water fraction 0 * -0.5609)) = 3.35615
        [1] = (((1 - Water fraction 1) * 4.058) + (Water fraction 1 * -0.5609)) = 3.39107
        [2] = (((1 - Water fraction 2) * 4.058) + (Water fraction 2 * -0.5609)) = 3.69635
        [3] = (((1 - Water fraction 3) * 4.058) + (Water fraction 3 * -0.5609)) = 3.72479
        [4] = (((1 - Water fraction 4) * 4.058) + (Water fraction 4 * -0.5609)) = 3.47016
      .thickness = Interfacial thickness = 87.1162 in [5,150]
      .z
        [0] = Interfacial z[0] = 0.0176559 in [0,1]
        [1] = Interfacial z[1] = 0.681238 in [0,1]
        [2] = Interfacial z[2] = 0.611292 in [0,1]
        [3] = Interfacial z[3] = 0.698312 in [0,1]
        [4] = Interfacial z[4] = 0.769095 in [0,1]
    [5]
      .interface = Nafion interface = 9.34883 in [0,20]
      .material
        .irho = Nafion irho = 0
        .rho = Nafion rho = 3.99372 in [2.705,4.705]
      .thickness = Nafion thickness = 200.097 in [200,400]
    [6]
      .interface = Air interface = 0
      .material
        .irho = Air irho = 0
        .rho = Air rho = 0
      .thickness = Air thickness = 0
  .thickness = stack thickness = 5489.1

[chisq=3.318(48), nllf=1098.23]
