.probe
  .back_absorption = back_absorption R1XRR = 1
  .background = background R1XRR = 0
  .intensity = intensity R1XRR = 1.02055 in [0.95,1.05]
  .sample_broadening = sample_broadening R1XRR = 0
  .theta_offset = theta_offset R1XRR = 0
.sample
  .layers
    [0]
      .interface = Silicon interface = 11.0723 in [8.65,28.65]
      .material
        .irho = Silicon irho = -0.487027
        .rho = Silicon rho = 19.1184
      .thickness = Silicon thickness = 14.6513
    [1]
      .interface = Interface interface = 14.011 in [0,15]
      .material
        .irho = Interface irho = 3.48223 in [2.5,3.5]
        .rho = Interface rho = 22.0579 in [22,27]
      .thickness = Interface thickness = 29.5783 in [0,140.55]
    [2]
      .interface = SiOx interface = 3.28201 in [0,13.224]
      .material
        .irho = SiOx irho = 7.82738 in [5.871,7.871]
        .rho = SiOx rho = 33.3971 in [32.94,34.94]
      .thickness = SiOx thickness = 30.7593 in [0,140.55]
    [3]
      .interface = Permalloy interface = 6.67867 in [0,16.751]
      .material
        .irho = Permalloy irho = 0.552423 in [-1,1]
        .rho = Permalloy rho = 67.3245 in [65.49,67.49]
      .thickness = Permalloy thickness = 107.895 in [8,208]
    [4]
      .interface = Platinum interface = 3.65908 in [0,13.657]
      .material
        .irho = Platinum irho = 8.44993 in [6.451,8.451]
        .rho = Platinum rho = 134.675 in [132.9,134.9]
      .thickness = Platinum thickness = 49.5718 in [0,149.49]
    [5]
      .interface = Air interface = 0
      .material
        .irho = Air irho = -0.756326
        .rho = Air rho = 0
      .thickness = Air thickness = 0
  .thickness = stack thickness = 232.456

[chisq=25.810(57), nllf=4581.21]
