.probe
  .Aguide = Aguide R1_Ar = 270
  .H = H R1_Ar = 0
  .mm
    .back_absorption = back_absorption R1_Ar = 1
    .background = background R1_Ar = 1.38663e-11 in [0,1e-05]
    .intensity = intensity R1_Ar = 0.998975 in [0.9,1.1]
    .sample_broadening = sample_broadening R1_Ar = 0
    .theta_offset = theta_offset R1_Ar = 0
  .mp = None
  .pm = None
  .pp
    .back_absorption = back_absorption R1_Ar = 1
    .background = background R1_Ar = 6.78434e-11 in [0,1e-05]
    .intensity = intensity R1_Ar = 0.974367 in [0.9,1.1]
    .sample_broadening = sample_broadening R1_Ar = 0
    .theta_offset = theta_offset R1_Ar = 0
.sample
  .layers
    [0]
      .interface = Silicon interface = 29.7545 in [0,50]
      .magnetism
        .dead_above = Silicon deadM above = 0
        .dead_below = Silicon deadM below = 0
        .interface_above = None
        .interface_below = None
        .rhoM = Silicon rhoM = 0
        .thetaM = Silicon thetaM = 270
      .material
        .irho = Silicon irho = 0
        .rho = Silicon rho = 2.074
      .thickness = Silicon thickness = 0
    [1]
      .interface = SiOx interface = 5.82842 in [0,15]
      .magnetism
        .dead_above = SiOx deadM above = 0
        .dead_below = SiOx deadM below = 0
        .interface_above = None
        .interface_below = None
        .rhoM = SiOx rhoM = 0
        .thetaM = SiOx thetaM = 270
      .material
        .irho = SiOx irho = 0
        .rho = SiOx rho = 0.804439 in [0.5,5]
      .thickness = SiOx thickness = 94.2554 in [0,135.1]
    [2]
      .interface = Permalloy interface = 7.35086 in [0,20]
      .magnetism
        .dead_above = Permalloy deadM above = 0
        .dead_below = Permalloy deadM below = 0
        .interface_above = None
        .interface_below = None
        .rhoM = Permalloy rhoM = 1.93285 in [0.942,2.942]
        .thetaM = Permalloy thetaM = 270
      .material
        .irho = Permalloy irho = 0
        .rho = Permalloy rho = 8.83548 in [8.239,10.239]
      .thickness = Permalloy thickness = 109.12 in [8,208]
    [3]
      .interface = Platinum interface = 0.5166 in [0,10]
      .magnetism
        .dead_above = Platinum deadM above = 0
        .dead_below = Platinum deadM below = 0
        .interface_above = None
        .interface_below = None
        .rhoM = Platinum rhoM = 0
        .thetaM = Platinum thetaM = 270
      .material
        .irho = Platinum irho = 0
        .rho = Platinum rho = 6.41884 in [5.446,7.446]
      .thickness = Platinum thickness = 51.3843 in [0,148.25]
    [4]
      .interface = Water interface = 0.482862 in [0,10]
      .magnetism
        .dead_above = Water deadM above = 0
        .dead_below = Water deadM below = 0
        .interface_above = None
        .interface_below = None
        .rhoM = Water rhoM = 0
        .thetaM = Water thetaM = 270
      .material
        .irho = Water irho = 0
        .rho = Water rho = 2.14697 in [-1,7]
      .thickness = Water thickness = 7.80941 in [0,110]
    [5]
      .interface = Nafion interface = 8.50502 in [0,20]
      .magnetism
        .dead_above = Nafion deadM above = 0
        .dead_below = Nafion deadM below = 0
        .interface_above = None
        .interface_below = None
        .rhoM = Nafion rhoM = 0
        .thetaM = Nafion thetaM = 270
      .material
        .irho = Nafion irho = 0
        .rho = Nafion rho = 3.79776 in [2.705,4.705]
      .thickness = Nafion thickness = 275.104 in [186.6,386.6]
    [6]
      .interface = Air interface = 0
      .magnetism
        .dead_above = Air deadM above = 0
        .dead_below = Air deadM below = 0
        .interface_above = None
        .interface_below = None
        .rhoM = Air rhoM = 0
        .thetaM = Air thetaM = 270
      .material
        .irho = Air irho = 0
        .rho = Air rho = 0
      .thickness = Air thickness = 0
  .thickness = stack thickness = 537.673

[chisq=3.189(35), nllf=1068.44]
