              Parameter       mean  median    best [   68% interval] [   95% interval]
 1     background R1_Ar  91(26)e-9 0.000000089 0.000000127 [0.00000007 0.00000012] [0.00000004 0.00000015]
 2      intensity R1_Ar 0.9750(26)  0.9751  0.9770 [  0.973   0.978] [  0.970   0.980]
 3     background R1_Ar  96(33)e-9 0.000000093 0.000000125 [0.00000006 0.00000013] [0.00000004 0.00000017]
 4      intensity R1_Ar 0.9618(25)  0.9617  0.9618 [  0.959   0.964] [  0.957   0.967]
 5    Silicon interface   72.1(11)  72.200  67.583 [  71.61   72.67] [  68.95   74.29]
 6       SiOx interface  5.854(80)   5.838   6.050 [   5.79    5.93] [   5.71    6.03]
 7             SiOx rho  1.039(27)   1.041   1.024 [   1.01    1.06] [   0.98    1.09]
 8       SiOx thickness 54.981(21) 54.9873 54.9349 [ 54.963  54.998] [ 54.916  55.000]
 9  Permalloy interface   7.86(14)   7.886   7.868 [   7.75    7.97] [   7.52    8.17]
10       Permalloy rhoM 1.8869(99)  1.8852  1.8992 [  1.878   1.897] [  1.869   1.908]
11        Permalloy rho  9.065(13)  9.0657  9.0689 [  9.054   9.077] [  9.042   9.090]
12  Permalloy thickness 109.15(14) 109.144 109.144 [ 109.01  109.29] [ 108.88  109.46]
13   Platinum interface   3.22(21)   3.223   3.393 [   3.12    3.32] [   2.86    3.55]
14         Platinum rho  6.419(16)  6.4208  6.4434 [  6.401   6.433] [  6.387   6.449]
15   Platinum thickness  45.95(20)  45.932  46.309 [  45.80   46.10] [  45.61   46.46]
16           Nafion rho  3.953(10)  3.9532  3.9475 [  3.943   3.963] [  3.933   3.974]
17 Interfacial thickness  71.46(63)  71.313  74.211 [  70.99   71.91] [  70.54   73.07]
18     Interfacial z[0] 0.1472(73)  0.1476  0.1236 [  0.142   0.153] [  0.127   0.160]
19     Interfacial z[1] 0.2690(51)  0.2684  0.2804 [  0.265   0.274] [  0.259   0.279]
20     Interfacial z[2] 0.5301(68)  0.5303  0.5331 [  0.525   0.536] [  0.515   0.545]
21     Interfacial z[3] 0.8109(71)  0.8118  0.7751 [  0.806   0.817] [  0.793   0.823]
22     Interfacial z[4] 0.9991(13) 0.99950 0.99973 [ 0.9982  0.9999] [ 0.9962  1.0000]
23     Interfacial z[5] 0.8109(76)  0.8115  0.7736 [  0.806   0.817] [  0.793   0.823]
24     Nafion interface   8.65(15)   8.619   8.548 [   8.52    8.79] [   8.42    9.04]
25     Nafion thickness 217.31(66) 217.448 214.428 [ 216.81  217.78] [ 215.56  218.16]
26     Water fraction 0 0.4383(98)  0.4397  0.3762 [  0.432   0.445] [  0.412   0.454]
27     Water fraction 1 0.0401(49)  0.0399  0.0357 [  0.036   0.044] [  0.029   0.052]
28     Water fraction 2 0.2108(48)  0.2116  0.2228 [  0.206   0.215] [  0.201   0.219]
29     Water fraction 3 0.0946(62)  0.0961  0.0809 [  0.090   0.100] [  0.078   0.103]
30     Water fraction 4 0.1108(77)  0.1085  0.1198 [  0.105   0.117] [  0.101   0.134]
31     Water fraction 5  0.142(10)  0.1435  0.1106 [  0.131   0.151] [  0.119   0.154]
