.probe
  .Aguide = Aguide R1_Ar = 270
  .H = H R1_Ar = 0
  .mm
    .back_absorption = back_absorption R1_Ar = 1
    .background = background R1_Ar = 4.55995e-08 in [0,1e-05]
    .intensity = intensity R1_Ar = 0.978864 in [0.9,1.1]
    .sample_broadening = sample_broadening R1_Ar = 0
    .theta_offset = theta_offset R1_Ar = 0
  .mp = None
  .pm = None
  .pp
    .back_absorption = back_absorption R1_Ar = 1
    .background = background R1_Ar = 6.72294e-08 in [0,1e-05]
    .intensity = intensity R1_Ar = 0.963065 in [0.9,1.1]
    .sample_broadening = sample_broadening R1_Ar = 0.01
    .theta_offset = theta_offset R1_Ar = 0
.sample
  .layers
    [0]
      .interface = Silicon interface = 74.998 in [30,75]
      .material
        .irho = Silicon irho = 0
        .rho = Silicon rho = 2.24974 in [2,2.25]
      .thickness = Silicon thickness = 5000
    [1]
      .interface = SiOx interface = 5.939 in [0,20]
      .material
        .irho = SiOx irho = 0
        .rho = SiOx rho = 1.0395 in [0.7,5]
      .thickness = SiOx thickness = 74.9974 in [25,75]
    [2]
      .interface = Permalloy interface = 7.35964 in [0,20]
      .magnetism
        .dead_above = Permalloy deadM above = 0
        .dead_below = Permalloy deadM below = 0
        .interface_above = None
        .interface_below = None
        .rhoM = Permalloy rhoM = 1.89823 in [0.942,2.942]
        .thetaM = Permalloy thetaM = 270
      .material
        .irho = Permalloy irho = 0
        .rho = Permalloy rho = 9.04283 in [8.239,10.239]
      .thickness = Permalloy thickness = 109.162 in [98,115]
    [3]
      .interface = Platinum interface = 9.99888 in [0,10]
      .material
        .irho = Platinum irho = 0
        .rho = Platinum rho = 6.41903 in [5.446,7.446]
      .thickness = Platinum thickness = 47.7102 in [30,70]
    [4]
      .above
        .irho = Nafion irho = 0
        .rho = Nafion rho = 3.97929 in [2.705,4.705]
      .below
        .irho = Platinum irho = 0
        .rho = Platinum rho = 6.41903 in [5.446,7.446]
      .interface = Interfacial interface = 0
      .irho
        [0] = Interfacial irho[0] = 0
        [1] = Interfacial irho[1] = 0
        [2] = Interfacial irho[2] = 0
        [3] = Interfacial irho[3] = 0
        [4] = Interfacial irho[4] = 0
        [5] = Interfacial irho[5] = 0
      .rho
        [0] = (((1 - Water fraction 0) * 4.058) + (Water fraction 0 * -0.5609)) = 2.2952
        [1] = (((1 - Water fraction 1) * 4.058) + (Water fraction 1 * -0.5609)) = 3.79609
        [2] = (((1 - Water fraction 2) * 4.058) + (Water fraction 2 * -0.5609)) = 2.97697
        [3] = (((1 - Water fraction 3) * 4.058) + (Water fraction 3 * -0.5609)) = 3.86839
        [4] = (((1 - Water fraction 4) * 4.058) + (Water fraction 4 * -0.5609)) = 3.56605
        [5] = (((1 - Water fraction 5) * 4.058) + (Water fraction 5 * -0.5609)) = 3.69592
      .thickness = Interfacial thickness = 79.5055 in [5,150]
      .z
        [0] = Interfacial z[0] = 0.0768262 in [0,1]
        [1] = Interfacial z[1] = 0.219303 in [0,1]
        [2] = Interfacial z[2] = 0.517018 in [0,1]
        [3] = Interfacial z[3] = 0.64596 in [0,1]
        [4] = Interfacial z[4] = 0.999972 in [0,1]
        [5] = Interfacial z[5] = 0.644804 in [0,1]
    [5]
      .interface = Nafion interface = 8.79269 in [0,20]
      .material
        .irho = Nafion irho = 0
        .rho = Nafion rho = 3.97929 in [2.705,4.705]
      .thickness = Nafion thickness = 207.466 in [200,400]
    [6]
      .interface = Air interface = 0
      .material
        .irho = Air irho = 0
        .rho = Air rho = 0
      .thickness = Air thickness = 0
  .thickness = stack thickness = 5518.84

[chisq=2.295(53), nllf=756.236]
