              Parameter       mean  median    best [   68% interval] [   95% interval]
 1     background R1XRR 3.6(11)e-9 0.00000000354 0.00000000351 [0.0000000025 0.0000000047] [0.0000000015 0.0000000058]
 2      intensity R1XRR 1.0645(54)  1.0642  1.0649 [  1.059   1.070] [  1.055   1.076]
 3    Silicon interface   0.20(15)   0.162   0.070 [   0.05    0.35] [   0.01    0.57]
 4       SiOx interface  3.386(12)  3.3855  3.3826 [  3.374   3.398] [  3.362   3.410]
 5            SiOx irho   0.81(17)   0.820   0.726 [   0.63    0.99] [   0.45    1.10]
 6             SiOx rho  21.24(16)  21.244  21.312 [  21.06   21.40] [  20.90   21.53]
 7       SiOx thickness   9.15(34)   9.139   8.995 [   8.80    9.50] [   8.50    9.78]
 8  Permalloy interface  6.624(13)  6.6247  6.6250 [  6.611   6.637] [  6.598   6.651]
 9       Permalloy irho   5.08(18)   5.084   5.028 [   4.89    5.26] [   4.75    5.42]
10        Permalloy rho  59.26(20)  59.261  59.348 [  59.06   59.46] [  58.86   59.63]
11  Permalloy thickness 108.542(32) 108.542 108.531 [ 108.51  108.57] [ 108.48  108.61]
12   Interace interface  5.839(94)   5.841   5.849 [   5.74    5.93] [   5.65    6.02]
13        Interace irho  13.17(20)  13.163  13.234 [  12.98   13.35] [  12.80   13.60]
14         Interace rho 128.13(16) 128.133 128.231 [ 127.98  128.29] [ 127.81  128.44]
15   Interace thickness  40.44(33)  40.425  40.571 [  40.12   40.75] [  39.84   41.14]
16   Platinum interface 3.5216(61)  3.5218  3.5208 [  3.515   3.528] [  3.509   3.533]
17        Platinum irho   -6.6(39)   -6.36   -2.53 [  -11.1    -2.2] [  -13.5    -0.4]
18         Platinum rho 122.69(69) 122.731 122.571 [ 121.99  123.36] [ 121.21  123.94]
19   Platinum thickness   9.41(30)   9.427   9.295 [   9.12    9.70] [   8.77    9.97]
