              Parameter       mean  median    best [   68% interval] [   95% interval]
 1  intensity R1_D2OVap 0.9465(53)  0.9469  0.9473 [  0.941   0.951] [  0.935   0.956]
 2    Silicon interface   34.4(50)   34.20   42.94 [   28.9    40.1] [   26.3    44.4]
 3  Interface interface   1.03(73)   0.890   0.933 [   0.32    1.71] [   0.09    2.92]
 4        Interface rho 2.0744(37)  2.0731  2.0723 [  2.072   2.077] [  2.071   2.085]
 5  Interface thickness     30(27)    19.4    97.0 [      9      55] [      2     112]
 6       SiOx interface   1.02(77)   0.814   0.402 [   0.27    1.94] [   0.06    2.77]
 7            SiOx rhoM  0.341(82)   0.341   0.363 [   0.27    0.42] [   0.17    0.50]
 8             SiOx rho   4.38(36)   4.404   4.526 [   4.01    4.70] [   3.64    5.09]
 9       SiOx thickness  10.93(64)  10.894  10.747 [  10.38   11.52] [   9.67   12.35]
10  Permalloy interface  10.48(73)  10.358  10.284 [   9.88   11.09] [   9.40   12.25]
11       Permalloy rhoM  1.940(17)  1.9393  1.9335 [  1.924   1.956] [  1.910   1.978]
12        Permalloy rho  9.294(21)  9.2910  9.2935 [  9.275   9.312] [  9.259   9.347]
13  Permalloy thickness 103.83(41) 103.804 103.671 [ 103.44  104.24] [ 103.02  104.67]
14   Platinum interface   5.52(42)   5.544   5.453 [   5.10    5.91] [   4.72    6.37]
15         Platinum rho  6.385(32)   6.386   6.381 [   6.36    6.41] [   6.32    6.44]
16   Platinum thickness  56.01(37)  56.003  55.888 [  55.67   56.36] [  55.26   56.76]
17      Water interface   9.82(17)   9.857   9.977 [   9.69    9.96] [   9.37    9.99]
18            Water rho   2.39(11)   2.425   2.471 [   2.30    2.48] [   2.09    2.50]
19      Water thickness  11.94(78)  11.999  12.207 [  11.11   12.74] [  10.40   13.33]
20     Nafion interface   6.42(30)   6.445   6.430 [   6.16    6.70] [   5.74    6.97]
21           Nafion rho  4.409(11)  4.4091  4.4040 [  4.399   4.421] [  4.387   4.431]
22     Nafion thickness 307.41(86) 307.367 307.323 [ 306.55  308.35] [ 305.85  309.14]
