.probe
  .Aguide = Aguide R1_D2OVap = 270
  .H = H R1_D2OVap = 0
  .mm
    .back_absorption = back_absorption R1_D2OVap = 1
    .background = Background MM = 1.02262e-09
    .intensity = intensity R1_D2OVap = 0.972649
    .sample_broadening = sample_broadening R1_D2OVap = 0
    .theta_offset = theta_offset R1_D2OVap = 0
  .mp = None
  .pm = None
  .pp
    .back_absorption = back_absorption R1_D2OVap = 1
    .background = Background PP = 2.27241e-07
    .intensity = intensity R1_D2OVap = 0.965782
    .sample_broadening = sample_broadening R1_D2OVap = 0
    .theta_offset = theta_offset R1_D2OVap = 0
.sample
  .layers
    [0]
      .interface = Silicon interface = 52.1378
      .material
        .irho = Silicon irho = 0
        .rho = Silicon rho = 2.071
      .thickness = Silicon thickness = 5000
    [1]
      .interface = SiOx interface = 6.29961
      .material
        .irho = SiOx irho = 0
        .rho = SiOx rho = 0.710804
      .thickness = SiOx thickness = 83.2297
    [2]
      .interface = Permalloy interface = 6.93203
      .magnetism
        .dead_above = Permalloy deadM above = 0
        .dead_below = Permalloy deadM below = 0
        .interface_above = None
        .interface_below = None
        .rhoM = Permalloy rhoM = 1.91108
        .thetaM = Permalloy thetaM = 270
      .material
        .irho = Permalloy irho = 0
        .rho = Permalloy rho = 8.83779
      .thickness = Permalloy thickness = 109.002
    [3]
      .interface = Platinum interface = 0.25991
      .material
        .irho = Platinum irho = 0
        .rho = Platinum rho = 6.355
      .thickness = Platinum thickness = 51.7656
    [4]
      .interface = (WRL1_NRL1 * (((WRL1 thickness ** -4.0) + (NRL1 thickness ** -4.0)) ** -0.25)) = 3.90932
      .material
        .irho = WRL1 irho = 0
        .rho = ((-2.1933 * Nafion Fraction-WRL1) + 6.3503) = 3.7471
      .thickness = WRL1 thickness = 14.3351 in [4,35]
    [5]
      .interface = (NRL1:WRL2 * (((NRL1 thickness ** -4.0) + (WRL2 thickness ** -4.0)) ** -0.25)) = 1.73893
      .material
        .irho = NRL1 irho = 0
        .rho = ((-2.1933 * Nafion Fraction-NRL1) + 6.3503) = 4.09521
      .thickness = NRL1 thickness = 15.7738 in [4,35]
    [6]
      .interface = (WRL2:NRL2 * (((WRL2 thickness ** -4.0) + (NRL2 thickness ** -4.0)) ** -0.25)) = 1.69083
      .material
        .irho = WRL1 irho = 0
        .rho = ((-2.1933 * Nafion Fraction-WRL2) + 6.3503) = 3.9399
      .thickness = WRL2 thickness = 7.16407 in [4,35]
    [7]
      .interface = (NRL2:Grad * (((NRL2 thickness ** -4.0) + (Grad thickness ** -4.0)) ** -0.25)) = 2.0169
      .material
        .irho = NRL2 irho = 0
        .rho = ((-2.1933 * Nafion Fraction-NRL2) + 6.3503) = 4.20629
      .thickness = NRL2 thickness = 20.2661 in [4,35]
    [8]
      .interface = (Grad:Nafion * (((Grad thickness ** -4.0) + 6.25e-10) ** -0.25)) = 19.1888
      .material
        .irho = Gradient irho = 0
        .rho = ((-2.1933 * Nafion Fraction-Gradient) + 6.3503) = 4.24991
      .thickness = Grad thickness = 37.8336 in [4,40]
    [9]
      .interface = Bulk Nafion interface = 7.58389 in [0,20]
      .material
        .irho = Bulk Nafion irho = 0
        .rho = Bulk Nafion rho = 4.47011 in [2.705,4.705]
      .thickness = Bulk Nafion thickness = 226.284 in [175,400]
    [10]
      .interface = Air interface = 0
      .material
        .irho = Air irho = 0
        .rho = Air rho = 0
      .thickness = Air thickness = 0
  .thickness = stack thickness = 5565.65

[chisq=3.632(33), nllf=1118.54]
