              Parameter       mean  median    best [   68% interval] [   95% interval]
 1        Background MM  12(11)e-9 0.0000000084 0.0000000010 [0.000000002 0.000000023] [0.000000000 0.000000041]
 2  intensity R1_D2OVap 0.9730(30)  0.9732  0.9726 [  0.970   0.976] [  0.967   0.978]
 3        Background PP 215(44)e-9 0.000000214 0.000000227 [0.00000016 0.00000026] [0.00000013 0.00000030]
 4  intensity R1_D2OVap 0.9659(26)  0.9658  0.9658 [  0.963   0.968] [  0.961   0.971]
 5    Silicon interface   52.1(10)  52.118  52.138 [  51.25   52.89] [  49.78   54.36]
 6       SiOx interface  6.308(76)   6.305   6.300 [   6.24    6.39] [   6.16    6.46]
 7             SiOx rho  0.719(17)  0.7140  0.7108 [  0.704   0.734] [  0.701   0.762]
 8       SiOx thickness   83.3(22)  83.127  83.230 [  81.48   85.47] [  79.31   88.13]
 9  Permalloy interface   6.94(19)   6.937   6.932 [   6.78    7.11] [   6.56    7.32]
10       Permalloy rhoM 1.9119(78)  1.9124  1.9111 [  1.905   1.920] [  1.895   1.926]
11        Permalloy rho  8.840(13)  8.8389  8.8378 [  8.827   8.853] [  8.816   8.867]
12  Permalloy thickness 108.97(13) 108.974 109.002 [ 108.84  109.08] [ 108.72  109.23]
13   Platinum interface   0.30(21)   0.266   0.260 [   0.11    0.50] [   0.01    0.88]
14         Platinum rho  6.361(15)  6.3592  6.3550 [  6.347   6.376] [  6.334   6.392]
15   Platinum thickness  51.78(15)  51.783  51.766 [  51.63   51.93] [  51.48   52.07]
16       WRL1 thickness  10.99(66)  10.900  10.835 [  10.58   11.35] [   9.88   12.44]
17       NRL1 thickness   4.45(46)   4.341   4.323 [   4.08    4.75] [   4.01    5.66]
18       WRL2 thickness  17.43(63)  17.326  17.268 [  16.98   17.80] [  16.49   19.06]
19       NRL2 thickness  19.80(61)  19.824  19.843 [  19.38   20.19] [  18.41   21.06]
20       Grad thickness  29.88(77)  29.694  29.564 [  29.37   30.42] [  28.91   31.70]
21 Bulk Nafion interface   7.60(14)   7.592   7.595 [   7.46    7.73] [   7.34    7.87]
22      Bulk Nafion rho 4.4625(98)  4.4623  4.4608 [  4.453   4.472] [  4.443   4.483]
23 Bulk Nafion thickness  239.1(14) 239.455 239.782 [ 238.03  240.01] [ 235.04  240.90]
24            WRL1_NRL1  0.509(29)  0.5150  0.5171 [  0.490   0.533] [  0.446   0.545]
25 Nafion Fraction-WRL1 1.1899(95)  1.1924  1.1925 [  1.182   1.198] [  1.165   1.200]
26            NRL1:WRL2 0.0108(98)  0.0084  0.0081 [  0.003   0.016] [  0.000   0.039]
27 Nafion Fraction-NRL1  1.105(25)   1.110   1.114 [   1.09    1.12] [   1.04    1.15]
28            WRL2:NRL2  0.507(22)  0.5085  0.5093 [  0.494   0.523] [  0.457   0.546]
29 Nafion Fraction-WRL2  1.071(11)  1.0696  1.0708 [  1.062   1.080] [  1.050   1.096]
30            NRL2:Grad 0.54932(82) 0.54962 0.54997 [ 0.5487  0.5499] [ 0.5471  0.5500]
31 Nafion Fraction-NRL2  0.980(10)  0.9792  0.9781 [  0.970   0.990] [  0.960   1.000]
32          Grad:Nafion 0.5476(31)  0.5488  0.5499 [  0.545   0.550] [  0.537   0.550]
33 Nafion Fraction-Gradient 0.9937(88)  0.9950  0.9982 [  0.985   1.002] [  0.974   1.007]
