              Parameter       mean  median    best [   68% interval] [   95% interval]
 1      intensity R1_Ar 0.9516(64)  0.9517  0.9524 [  0.947   0.957] [  0.937   0.966]
 2    Silicon interface   35.1(56)   34.98   25.70 [   28.5    41.5] [   25.9    44.8]
 3       SiOx interface   4.29(22)   4.303   4.298 [   4.14    4.46] [   3.79    4.73]
 4             SiOx rho  2.081(12)  2.0769  2.0714 [  2.072   2.090] [  2.071   2.115]
 5       SiOx thickness     58(39)    51.5    50.7 [     15     104] [      3     129]
 6  Permalloy interface   8.68(52)   8.663   8.832 [   8.27    9.11] [   7.69    9.83]
 7       Permalloy rhoM  1.936(26)   1.935   1.931 [   1.92    1.96] [   1.89    1.99]
 8        Permalloy rho  9.261(26)   9.259   9.264 [   9.24    9.28] [   9.21    9.32]
 9  Permalloy thickness 108.71(41) 108.729 108.672 [ 108.39  109.02] [ 107.74  109.53]
10   Platinum interface   0.78(71)   0.573   0.096 [   0.17    1.41] [   0.03    2.71]
11         Platinum rho  6.303(51)   6.307   6.299 [   6.27    6.34] [   6.17    6.40]
12   Platinum thickness  49.95(46)  49.943  50.012 [  49.58   50.30] [  48.93   50.97]
13      Water interface   29.3(25)  29.869  29.961 [  29.16   29.98] [  25.88   30.00]
14            Water rho  2.474(54)   2.494   2.499 [   2.46    2.50] [   2.30    2.50]
15      Water thickness   33.9(70)   36.32   36.39 [   29.5    38.4] [   11.5    40.8]
16     Nafion interface   8.92(53)   8.976   8.936 [   8.53    9.32] [   7.58    9.87]
17           Nafion rho  3.971(52)   3.985   3.989 [   3.94    4.01] [   3.81    4.03]
18     Nafion thickness  250.8(71)  248.32  248.24 [  246.2   255.5] [  243.6   272.9]
e:\program files (x86)\anaconda\lib\site-packages\bumps\dream\views.py:32: RuntimeWarning: More than 20 figures have been opened. Figures created through the pyplot interface (`matplotlib.pyplot.figure`) are retained until explicitly closed and may consume too much memory. (To control this warning, see the rcParam `figure.max_open_warning`).
  figure(figsize=varplot.var_plot_size(len(all_vstats)))
e:\program files (x86)\anaconda\lib\site-packages\bumps\dream\views.py:40: RuntimeWarning: More than 20 figures have been opened. Figures created through the pyplot interface (`matplotlib.pyplot.figure`) are retained until explicitly closed and may consume too much memory. (To control this warning, see the rcParam `figure.max_open_warning`).
  figure()
e:\program files (x86)\anaconda\lib\site-packages\bumps\dream\views.py:55: RuntimeWarning: More than 20 figures have been opened. Figures created through the pyplot interface (`matplotlib.pyplot.figure`) are retained until explicitly closed and may consume too much memory. (To control this warning, see the rcParam `figure.max_open_warning`).
  figure()
e:\program files (x86)\anaconda\lib\site-packages\bumps\dream\views.py:64: RuntimeWarning: More than 20 figures have been opened. Figures created through the pyplot interface (`matplotlib.pyplot.figure`) are retained until explicitly closed and may consume too much memory. (To control this warning, see the rcParam `figure.max_open_warning`).
  figure()
