.probe
  .back_absorption = back_absorption R1XRR = 1
  .background = background R1XRR = 0
  .intensity = intensity R1XRR = 1.02283 in [0.95,1.05]
  .sample_broadening = sample_broadening R1XRR = 0
  .theta_offset = theta_offset R1XRR = 0
.sample
  .layers
    [0]
      .interface = Silicon interface = 18.8003 in [8.65,28.65]
      .material
        .irho = Silicon irho = 0.458
        .rho = Silicon rho = 20.07
      .thickness = Silicon thickness = 0
    [1]
      .interface = SiOx interface = 3.25088 in [0,30]
      .material
        .irho = SiOx irho = 7.871 in [5.871,7.871]
        .rho = SiOx rho = 33.6723 in [20,40]
      .thickness = SiOx thickness = 38.6318 in [0,140.55]
    [2]
      .interface = Permalloy interface = 6.70124 in [0,16.751]
      .material
        .irho = Permalloy irho = 0.658263 in [-1,1]
        .rho = Permalloy rho = 67.0976 in [65.49,67.49]
      .thickness = Permalloy thickness = 107.899 in [8,208]
    [3]
      .interface = Pt interface = 3.66081 in [0,13.657]
      .material
        .irho = Pt irho = 8.451 in [6.451,8.451]
        .rho = Pt rho = 134.56 in [132.9,134.9]
      .thickness = Pt thickness = 49.554 in [0,149.49]
    [4]
      .interface = Air interface = 0
      .material
        .irho = Air irho = 0
        .rho = Air rho = 0
      .thickness = Air thickness = 0
  .thickness = stack thickness = 196.084

[chisq=25.936(44), nllf=4655.43]
