              Parameter       mean  median    best [   68% interval] [   95% interval]
 1     background R1XRR 8.3(11)e-9 0.00000000834 0.00000000825 [0.0000000073 0.0000000094] [0.0000000061 0.0000000104]
 2      intensity R1XRR 1.0168(43)  1.0166  1.0164 [  1.013   1.021] [  1.008   1.025]
 3    Silicon interface  13.43(52)  13.397  13.374 [  12.91   13.92] [  12.50   14.55]
 4       SiOx interface  3.425(11)  3.4246  3.4254 [  3.413   3.436] [  3.403   3.448]
 5            SiOx irho   6.14(49)   6.145   6.255 [   5.63    6.67] [   5.17    7.05]
 6             SiOx rho  24.22(32)  24.213  24.270 [  23.90   24.55] [  23.59   24.90]
 7       SiOx thickness  38.25(90)  38.283  38.222 [  37.33   39.07] [  36.56   40.01]
 8  Permalloy interface  6.561(13)  6.5612  6.5611 [  6.548   6.575] [  6.536   6.587]
 9       Permalloy irho   3.00(24)   3.004   3.000 [   2.76    3.24] [   2.51    3.49]
10        Permalloy rho  61.43(23)  61.433  61.476 [  61.22   61.65] [  60.95   61.92]
11  Permalloy thickness 107.969(42) 107.966 107.960 [ 107.93  108.01] [ 107.89  108.06]
12   Platinum interface  5.386(93)   5.389   5.369 [   5.29    5.48] [   5.21    5.56]
13        Platinum irho  11.06(20)  11.055  11.047 [  10.85   11.26] [  10.66   11.46]
14         Platinum rho 129.13(18) 129.130 129.154 [ 128.94  129.31] [ 128.75  129.46]
15   Platinum thickness  39.06(30)  39.052  39.069 [  38.76   39.36] [  38.45   39.66]
16  Interface interface 3.5372(53)  3.5373  3.5367 [  3.532   3.542] [  3.527   3.547]
17       Interface irho  -11.7(69)  -12.08   -0.00 [  -19.3    -3.4] [  -24.0    -0.5]
18        Interface rho 127.15(50) 127.178 127.161 [ 126.66  127.63] [ 126.11  128.13]
19  Interface thickness  10.84(28)  10.845  10.827 [  10.55   11.12] [  10.26   11.41]
