              Parameter       mean  median    best [   68% interval] [   95% interval]
 1        Background MM 9.4(81)e-9 0.0000000076 0.0000000092 [0.000000002 0.000000016] [0.000000000 0.000000029]
 2  intensity R1_D2OVap 0.9721(26)  0.9722  0.9717 [  0.969   0.975] [  0.967   0.977]
 3        Background PP 195(36)e-9 0.000000196 0.000000193 [0.00000016 0.00000023] [0.00000012 0.00000026]
 4  intensity R1_D2OVap 0.9650(24) 0.96492 0.96506 [ 0.9627  0.9675] [ 0.9602  0.9699]
 5    Silicon interface   47.8(13)  48.031  49.247 [  46.39   49.22] [  44.85   49.83]
 6       SiOx interface  6.261(81)   6.261   6.210 [   6.18    6.34] [   6.10    6.42]
 7             SiOx rho  0.782(35)   0.785   0.765 [   0.74    0.82] [   0.71    0.84]
 8       SiOx thickness   83.2(27)   83.16   85.83 [   80.5    86.0] [   77.6    88.3]
 9  Permalloy interface   7.08(18)   7.082   7.016 [   6.90    7.27] [   6.73    7.42]
10       Permalloy rhoM 1.9134(73)  1.9137  1.9094 [  1.905   1.921] [  1.900   1.928]
11        Permalloy rho  8.856(19)  8.8569  8.8475 [  8.838   8.875] [  8.815   8.894]
12  Permalloy thickness 108.92(11) 108.933 108.953 [ 108.81  109.04] [ 108.70  109.13]
13   Platinum interface   0.86(54)   0.799   1.131 [   0.30    1.42] [   0.06    2.09]
14         Platinum rho  6.380(18)  6.3808  6.3640 [  6.362   6.397] [  6.344   6.414]
15   Platinum thickness  52.12(29)  52.105  52.055 [  51.83   52.39] [  51.62   52.72]
16       NRL1 thickness    9.3(20)   9.282   9.883 [   7.32   11.34] [   5.84   13.34]
17       WRL1 thickness   32.3(20)  32.719  31.492 [  30.38   34.33] [  27.51   34.91]
18       NRL2 thickness   30.7(29)   30.98   34.35 [   27.5    33.9] [   24.6    34.9]
19       WRL2 thickness   31.7(24)  32.146  32.089 [  29.30   34.07] [  25.97   34.89]
20 Bulk Nafion interface   7.54(13)   7.550   7.602 [   7.41    7.67] [   7.28    7.80]
21      Bulk Nafion rho 4.4681(89)  4.4682  4.4751 [  4.459   4.477] [  4.451   4.486]
22 Bulk Nafion thickness  217.3(30)  217.29  213.59 [  214.4   220.1] [  211.4   223.6]
23 Nafion Fraction-NRL1  0.947(13)  0.9495  0.9509 [  0.935   0.960] [  0.917   0.966]
24 Nafion Fraction-WRL1 0.9847(23) 0.98485 0.98474 [ 0.9821  0.9870] [ 0.9804  0.9887]
25 Nafion Fraction-NRL2 1.0125(18) 1.01261 1.01308 [ 1.0107  1.0144] [ 1.0090  1.0161]
26 Nafion Fraction-WRL2 1.0140(16) 1.01388 1.01637 [ 1.0125  1.0155] [ 1.0111  1.0174]
