              Parameter       mean  median    best [   68% interval] [   95% interval]
 1  intensity R1_D2OVap 0.9416(43)  0.9414  0.9414 [  0.938   0.945] [  0.933   0.951]
 2    Silicon interface   33.6(55)   32.61   36.84 [   27.9    40.4] [   26.0    44.6]
 3  Interface interface   1.22(87)   1.056   0.781 [   0.35    2.12] [   0.06    3.16]
 4        Interface rho 2.0779(97)  2.0743  2.0713 [  2.072   2.084] [  2.071   2.106]
 5  Interface thickness     17(31)     2.8    45.7 [      0      32] [      0     121]
 6       SiOx interface   4.52(11)   4.515   4.559 [   4.42    4.62] [   4.32    4.75]
 7             SiOx rho 3.0030(38)  3.0017  3.0001 [  3.000   3.005] [  3.000   3.014]
 8       SiOx thickness 25.032(56)  25.015  25.006 [  25.00   25.05] [  25.00   25.19]
 9  Permalloy interface  15.36(46)  15.328  15.256 [  14.92   15.83] [  14.48   16.32]
10       Permalloy rhoM  1.996(14)  1.9959  1.9900 [  1.983   2.008] [  1.966   2.022]
11        Permalloy rho  9.453(15)  9.4523  9.4490 [  9.439   9.468] [  9.424   9.485]
12  Permalloy thickness 102.13(24) 102.133 101.958 [ 101.91  102.34] [ 101.67  102.63]
13   Platinum interface   6.12(28)   6.121   5.805 [   5.86    6.38] [   5.58    6.70]
14         Platinum rho  6.262(30)   6.266   6.272 [   6.23    6.29] [   6.19    6.31]
15   Platinum thickness  60.24(26)  60.240  60.342 [  60.01   60.48] [  59.73   60.77]
16      Water interface   9.90(13)   9.940   9.986 [   9.81    9.99] [   9.53   10.00]
17            Water rho  2.475(25)  2.4828  2.4961 [  2.457   2.495] [  2.400   2.499]
18      Water thickness  16.95(39)  16.965  16.928 [  16.57   17.32] [  16.10   17.66]
19     Nafion interface   6.36(20)   6.365   6.441 [   6.18    6.55] [   5.91    6.75]
20           Nafion rho 4.4752(96)  4.4750  4.4674 [  4.467   4.484] [  4.457   4.495]
21     Nafion thickness 301.18(44) 301.166 301.178 [ 300.77  301.60] [ 300.36  302.10]
