.probe
  .Aguide = Aguide R1_Ar = 270
  .H = H R1_Ar = 0
  .mm
    .back_absorption = back_absorption R1_Ar = 1
    .background = Background MM = 1.71181e-08 in [0,0.0001]
    .intensity = intensity R1_Ar = 0.977679 in [0.9,1.1]
    .sample_broadening = sample_broadening R1_Ar = 0
    .theta_offset = theta_offset R1_Ar = 0
  .mp = None
  .pm = None
  .pp
    .back_absorption = back_absorption R1_Ar = 1
    .background = Background PP = 2.73896e-08 in [0,0.0001]
    .intensity = intensity R1_Ar = 0.963464 in [0.9,1.1]
    .sample_broadening = sample_broadening R1_Ar = 0
    .theta_offset = theta_offset R1_Ar = 0
.sample
  .layers
    [0]
      .interface = Silicon interface = 31.3317 in [10,100]
      .material
        .irho = Silicon irho = 0
        .rho = Silicon rho = 2.071
      .thickness = Silicon thickness = 5000
    [1]
      .interface = SiOx interface = 5.74844 in [0,20]
      .material
        .irho = SiOx irho = 0
        .rho = SiOx rho = 1.01925 in [0.7,5]
      .thickness = SiOx thickness = 89.3551 in [25,200]
    [2]
      .interface = Permalloy interface = 7.54768 in [0,20]
      .magnetism
        .dead_above = Permalloy deadM above = 0
        .dead_below = Permalloy deadM below = 0
        .interface_above = None
        .interface_below = None
        .rhoM = Permalloy rhoM = 1.91613 in [0.942,2.942]
        .thetaM = Permalloy thetaM = 270
      .material
        .irho = Permalloy irho = 0
        .rho = Permalloy rho = 8.99003 in [8.239,10.239]
      .thickness = Permalloy thickness = 109.139 in [98,115]
    [3]
      .interface = Platinum interface = 0.596666 in [0,10]
      .material
        .irho = Platinum irho = 0
        .rho = Platinum rho = 6.49992 in [5.349,7.349]
      .thickness = Platinum thickness = 51.4795 in [30,70]
    [4]
      .interface = (WRL1:NRL1 * (((WRL1 thickness ** -4.0) + (NRL1 thickness ** -4.0)) ** -0.25)) = 3.92061
      .material
        .irho = WRL1 irho = 0
        .rho = WRL1 rho = 1.83496 in [0,4.5]
      .thickness = WRL1 thickness = 8.14987 in [4,40]
    [5]
      .interface = (NRL1:WRL2 * (((NRL1 thickness ** -4.0) + (WRL2 thickness ** -4.0)) ** -0.25)) = 5.48018
      .material
        .irho = NRL1 irho = 0
        .rho = NRL1 rho = 4.09663 in [0,4.5]
      .thickness = NRL1 thickness = 18.9587 in [4,40]
    [6]
      .interface = (WRL2:NRL2 * (((WRL2 thickness ** -4.0) + (NRL2 thickness ** -4.0)) ** -0.25)) = 0.751239
      .material
        .irho = WRL2 irho = 0
        .rho = WRL2 rho = 3.22825 in [0,4.5]
      .thickness = WRL2 thickness = 13.9491 in [4,40]
    [7]
      .interface = (NRL2:Grad * (((NRL2 thickness ** -4.0) + (Grad thickness ** -4.0)) ** -0.25)) = 1.92515
      .material
        .irho = NRL2 irho = 0
        .rho = NRL2 rho = 4.22841 in [0,4.5]
      .thickness = NRL2 thickness = 5.30016 in [4,25]
    [8]
      .interface = (Grad:Nafion * (((Grad thickness ** -4.0) + 6.25e-10) ** -0.25)) = 48.8538
      .material
        .irho = Gradient irho = 0
        .rho = Gradient rho = 3.67589 in [0,4.5]
      .thickness = Grad thickness = 94.8035 in [4,400]
    [9]
      .interface = Bulk Nafion interface = 9.77769 in [0,20]
      .material
        .irho = Bulk Nafion irho = 0
        .rho = Bulk Nafion rho = 4.11172 in [2.705,4.705]
      .thickness = Bulk Nafion thickness = 142.103 in [4,400]
    [10]
      .interface = Air interface = 0
      .material
        .irho = Air irho = 0
        .rho = Air rho = 0
      .thickness = Air thickness = 0
  .thickness = stack thickness = 5533.24

[chisq=1.995(55), nllf=656.276]
              Parameter       mean  median    best [   68% interval] [   95% interval]
 1        Background MM  52(36)e-9 0.000000046 0.000000017 [0.00000002 0.00000009] [0.00000000 0.00000014]
 2      intensity R1_Ar 0.9761(37)  0.9760  0.9777 [  0.972   0.980] [  0.969   0.984]
 3        Background PP  54(34)e-9 0.000000049 0.000000027 [0.00000002 0.00000009] [0.00000000 0.00000013]
 4      intensity R1_Ar 0.9636(28)  0.9635  0.9635 [  0.961   0.966] [  0.958   0.969]
 5    Silicon interface   30.8(20)  30.628  31.332 [  28.79   32.77] [  27.14   34.92]
 6       SiOx interface  5.734(99)   5.733   5.748 [   5.64    5.83] [   5.53    5.92]
 7             SiOx rho  1.036(45)   1.034   1.019 [   0.99    1.08] [   0.95    1.13]
 8       SiOx thickness   89.3(22)  89.453  89.355 [  87.08   91.51] [  84.98   93.48]
 9  Permalloy interface   7.40(23)   7.406   7.548 [   7.19    7.62] [   6.91    7.85]
10       Permalloy rhoM  1.918(12)  1.9185  1.9161 [  1.906   1.930] [  1.895   1.941]
11        Permalloy rho  8.989(22)  8.9884  8.9900 [  8.969   9.010] [  8.946   9.033]
12  Permalloy thickness 109.22(16) 109.206 109.139 [ 109.06  109.38] [ 108.92  109.55]
13   Platinum interface   0.73(50)   0.643   0.597 [   0.23    1.27] [   0.05    1.85]
14         Platinum rho  6.508(22)  6.5073  6.4999 [  6.487   6.529] [  6.464   6.551]
15   Platinum thickness  51.06(32)  51.072  51.479 [  50.73   51.38] [  50.43   51.67]
16             WRL1 rho   2.21(29)   2.232   1.835 [   1.92    2.51] [   1.60    2.70]
17       WRL1 thickness    9.4(13)   9.347   8.150 [   8.15   10.66] [   7.17   12.07]
18             NRL1 rho  4.051(97)   4.031   4.097 [   3.96    4.15] [   3.92    4.30]
19       NRL1 thickness   18.8(21)  18.777  18.959 [  16.72   21.09] [  14.61   22.90]
20             WRL2 rho   3.14(20)   3.186   3.228 [   2.95    3.32] [   2.61    3.39]
21       WRL2 thickness   12.4(29)   12.81   13.95 [    9.2    15.3] [    6.0    17.2]
22             NRL2 rho   4.22(15)   4.231   4.228 [   4.06    4.38] [   3.92    4.47]
23       NRL2 thickness    6.4(20)   5.896   5.300 [   4.62    8.48] [   4.08   11.37]
24         Gradient rho  3.678(18)  3.6778  3.6759 [  3.659   3.696] [  3.642   3.712]
25       Grad thickness   99.8(90)   99.15   94.80 [   91.1   108.4] [   84.2   119.7]
26 Bulk Nafion interface   9.64(23)   9.634   9.778 [   9.41    9.87] [   9.19   10.08]
27      Bulk Nafion rho  4.133(35)   4.129   4.112 [   4.10    4.17] [   4.07    4.21]
28 Bulk Nafion thickness  136.5(89)  137.26  142.10 [  127.8   145.1] [  116.4   152.1]
29            WRL1:NRL1   0.31(15)   0.322   0.485 [   0.13    0.49] [   0.03    0.54]
30            NRL1:WRL2   0.34(15)   0.374   0.419 [   0.16    0.50] [   0.04    0.54]
31            WRL2:NRL2   0.28(16)   0.290   0.142 [   0.10    0.47] [   0.02    0.54]
32            NRL2:Grad   0.23(14)   0.212   0.363 [   0.07    0.41] [   0.01    0.51]
33          Grad:Nafion  0.517(31)   0.526   0.522 [   0.49    0.54] [   0.44    0.55]
