.probe
  .Aguide = Aguide R1_Ar = 270
  .H = H R1_Ar = 0
  .mm
    .back_absorption = back_absorption R1_Ar = 1
    .background = Background MM = 8.36548e-08 in [0,0.0001]
    .intensity = intensity R1_Ar = 0.974487 in [0.9,1.1]
    .sample_broadening = sample_broadening R1_Ar = 0
    .theta_offset = theta_offset R1_Ar = 0
  .mp = None
  .pm = None
  .pp
    .back_absorption = back_absorption R1_Ar = 1
    .background = Background PP = 8.74782e-08 in [0,0.0001]
    .intensity = intensity R1_Ar = 0.961497 in [0.9,1.1]
    .sample_broadening = sample_broadening R1_Ar = 0
    .theta_offset = theta_offset R1_Ar = 0
.sample
  .layers
    [0]
      .interface = Silicon interface = 29.3224 in [10,100]
      .material
        .irho = Silicon irho = 0
        .rho = Silicon rho = 2.071
      .thickness = Silicon thickness = 5000
    [1]
      .interface = SiOx interface = 5.62664 in [0,20]
      .material
        .irho = SiOx irho = 0
        .rho = SiOx rho = 1.13057 in [0.7,5]
      .thickness = SiOx thickness = 87.6259 in [25,200]
    [2]
      .interface = Permalloy interface = 7.24991 in [0,20]
      .magnetism
        .dead_above = Permalloy deadM above = 0
        .dead_below = Permalloy deadM below = 0
        .interface_above = None
        .interface_below = None
        .rhoM = Permalloy rhoM = 1.91064 in [0.942,2.942]
        .thetaM = Permalloy thetaM = 270
      .material
        .irho = Permalloy irho = 0
        .rho = Permalloy rho = 9.02469 in [8.239,10.239]
      .thickness = Permalloy thickness = 109.15 in [98,115]
    [3]
      .interface = Platinum interface = 1.00137 in [0,10]
      .material
        .irho = Platinum irho = 0
        .rho = Platinum rho = 6.52912 in [5.349,7.349]
      .thickness = Platinum thickness = 50.684 in [30,70]
    [4]
      .interface = (WRL1:NRL1 * (((WRL1 thickness ** -4.0) + (NRL1 thickness ** -4.0)) ** -0.25)) = 1.64345
      .material
        .irho = WRL1 irho = 0
        .rho = WRL1 rho = 2.58963 in [0,4.5]
      .thickness = WRL1 thickness = 11.011 in [2,40]
    [5]
      .interface = (NRL1:WRL2 * (((NRL1 thickness ** -4.0) + (WRL2 thickness ** -4.0)) ** -0.25)) = 3.05585
      .material
        .irho = NRL1 irho = 0
        .rho = NRL1 rho = 3.99151 in [0,4.5]
      .thickness = NRL1 thickness = 17.9946 in [2,40]
    [6]
      .interface = (WRL2:NRL2 * (((WRL2 thickness ** -4.0) + (NRL2 thickness ** -4.0)) ** -0.25)) = 2.03706
      .material
        .irho = WRL2 irho = 0
        .rho = WRL2 rho = 3.13398 in [0,5.5]
      .thickness = WRL2 thickness = 10.6391 in [2,40]
    [7]
      .interface = (NRL2:Grad * (((NRL2 thickness ** -4.0) + (Grad thickness ** -4.0)) ** -0.25)) = 3.52657
      .material
        .irho = NRL2 irho = 0
        .rho = NRL2 rho = 3.94496 in [0,4.5]
      .thickness = NRL2 thickness = 8.63772 in [2,40]
    [8]
      .interface = (Grad:Nafion * (((Grad thickness ** -4.0) + 6.25e-10) ** -0.25)) = 53.3286
      .material
        .irho = Gradient irho = 0
        .rho = Gradient rho = 3.67572 in [0,4.5]
      .thickness = Grad thickness = 103.063 in [4,400]
    [9]
      .interface = Bulk Nafion interface = 9.75743 in [0,20]
      .material
        .irho = Bulk Nafion irho = 0
        .rho = Bulk Nafion rho = 4.15566 in [2.705,4.705]
      .thickness = Bulk Nafion thickness = 132.564 in [100,400]
    [10]
      .interface = Air interface = 0
      .material
        .irho = Air irho = 0
        .rho = Air rho = 0
      .thickness = Air thickness = 0
  .thickness = stack thickness = 5531.37

[chisq=2.021(55), nllf=665.033]
