              Parameter       mean  median    best [   68% interval] [   95% interval]
 1        Background MM 112(49)e-9 0.000000110 0.000000084 [0.00000006 0.00000016] [0.00000002 0.00000020]
 2      intensity R1_Ar 0.9758(41)  0.9760  0.9745 [  0.972   0.980] [  0.967   0.984]
 3        Background PP 116(47)e-9 0.000000114 0.000000087 [0.00000007 0.00000017] [0.00000002 0.00000021]
 4      intensity R1_Ar 0.9624(30)  0.9623  0.9615 [  0.959   0.966] [  0.957   0.969]
 5    Silicon interface   35.1(55)   34.18   29.32 [   30.5    39.2] [   27.6    48.5]
 6       SiOx interface   5.73(13)   5.731   5.627 [   5.60    5.85] [   5.48    5.95]
 7             SiOx rho  1.077(55)   1.080   1.131 [   1.02    1.13] [   0.97    1.18]
 8       SiOx thickness   90.3(44)   90.12   87.63 [   86.0    94.9] [   81.8    98.9]
 9  Permalloy interface   7.41(27)   7.402   7.250 [   7.12    7.67] [   6.87    7.94]
10       Permalloy rhoM  1.919(13)  1.9198  1.9106 [  1.906   1.933] [  1.892   1.944]
11        Permalloy rho  9.014(28)   9.016   9.025 [   8.98    9.04] [   8.96    9.07]
12  Permalloy thickness 109.07(19) 109.069 109.150 [ 108.87  109.28] [ 108.71  109.46]
13   Platinum interface   1.01(57)   0.950   1.001 [   0.43    1.58] [   0.09    2.26]
14         Platinum rho  6.492(34)   6.493   6.529 [   6.46    6.53] [   6.42    6.55]
15   Platinum thickness  50.91(40)  50.900  50.684 [  50.54   51.27] [  50.12   51.79]
16             WRL1 rho   2.44(28)   2.462   2.590 [   2.17    2.70] [   1.84    2.97]
17       WRL1 thickness    9.9(22)  10.039  11.011 [   7.75   12.07] [   4.84   13.84]
18             NRL1 rho   3.79(47)   3.966   3.992 [   3.21    4.12] [   2.55    4.29]
19       NRL1 thickness   15.1(50)   16.79   17.99 [    7.7    19.7] [    5.6    21.5]
20             WRL2 rho   3.29(52)   3.086   3.134 [   2.87    4.07] [   2.67    4.30]
21       WRL2 thickness    9.7(30)    9.33   10.64 [    6.8    13.2] [    4.9    16.4]
22             NRL2 rho   3.58(33)   3.673   3.945 [   3.10    3.90] [   2.91    4.00]
23       NRL2 thickness     20(13)   12.11    8.64 [    8.3    36.1] [    5.6    38.8]
24         Gradient rho  3.740(77)   3.704   3.676 [   3.67    3.84] [   3.64    3.86]
25       Grad thickness     94(12)   93.66  103.06 [   83.7   104.7] [   69.6   116.4]
26 Bulk Nafion interface   9.57(27)   9.559   9.757 [   9.32    9.85] [   9.02   10.09]
27      Bulk Nafion rho  4.119(33)   4.117   4.156 [   4.09    4.15] [   4.06    4.19]
28 Bulk Nafion thickness    135(15)  134.82  132.56 [  119.8   150.5] [  106.5   165.0]
29            WRL1:NRL1   0.30(13)   0.297   0.154 [   0.15    0.45] [   0.05    0.52]
30            NRL1:WRL2   0.28(14)   0.276   0.296 [   0.11    0.44] [   0.02    0.53]
31            WRL2:NRL2   0.23(13)   0.226   0.258 [   0.09    0.37] [   0.02    0.49]
32            NRL2:Grad   0.17(12)   0.137   0.408 [   0.05    0.29] [   0.01    0.46]
33          Grad:Nafion  0.474(71)   0.492   0.526 [   0.41    0.53] [   0.29    0.55]
