              Parameter       mean  median    best [   68% interval] [   95% interval]
 1        Background MM 10.0(95)e-9 0.0000000068 0.0000000053 [0.000000002 0.000000019] [0.000000000 0.000000035]
 2  intensity R1_D2OVap 0.9718(29)  0.9717  0.9723 [  0.969   0.975] [  0.966   0.978]
 3        Background PP 190(42)e-9 0.000000192 0.000000186 [0.00000014 0.00000023] [0.00000011 0.00000027]
 4  intensity R1_D2OVap 0.9646(29)  0.9646  0.9650 [  0.962   0.967] [  0.959   0.970]
 5    Silicon interface   50.2(27)   50.13   47.23 [   47.4    52.9] [   45.1    55.4]
 6       SiOx interface  6.279(96)   6.284   6.247 [   6.18    6.37] [   6.08    6.46]
 7             SiOx rho  0.763(37)   0.759   0.800 [   0.72    0.80] [   0.70    0.84]
 8       SiOx thickness   83.2(31)   83.49   83.02 [   79.8    86.3] [   76.7    88.7]
 9  Permalloy interface   7.03(22)   7.034   7.110 [   6.80    7.26] [   6.58    7.47]
10       Permalloy rhoM 1.9141(95)  1.9153  1.9169 [  1.904   1.923] [  1.894   1.931]
11        Permalloy rho  8.854(20)  8.8552  8.8685 [  8.833   8.875] [  8.816   8.894]
12  Permalloy thickness 108.90(12) 108.901 108.842 [ 108.78  109.04] [ 108.66  109.13]
13   Platinum interface   1.03(63)   0.964   0.398 [   0.36    1.72] [   0.08    2.36]
14         Platinum rho  6.375(20)  6.3755  6.3873 [  6.355   6.394] [  6.338   6.416]
15   Platinum thickness  52.42(36)  52.409  52.398 [  52.05   52.76] [  51.83   53.25]
16       NRL1 thickness    5.8(12)   5.628   5.492 [   4.54    6.97] [   4.06    8.35]
17       WRL1 thickness   28.0(16)  28.337  29.842 [  26.26   29.54] [  24.15   29.95]
18       NRL2 thickness  29.77(23)  29.833  29.947 [  29.62   29.95] [  29.14   29.99]
19       WRL2 thickness   27.6(19)  27.856  29.063 [  25.66   29.47] [  23.20   29.93]
20       Grad thickness  10.47(41)  10.343  10.184 [  10.11   10.84] [  10.02   11.51]
21 Bulk Nafion interface   7.57(16)   7.564   7.705 [   7.41    7.72] [   7.27    7.89]
22      Bulk Nafion rho  4.470(11)  4.4699  4.4709 [  4.459   4.482] [  4.449   4.493]
23 Bulk Nafion thickness  219.6(26)  219.21  216.59 [  217.0   222.2] [  215.3   225.4]
24            NRL1:WRL1  0.524(28)  0.5322  0.5385 [  0.502   0.545] [  0.454   0.549]
25 Nafion Fraction-NRL1  0.915(24)  0.9189  0.9243 [  0.892   0.939] [  0.863   0.952]
26            WRL1:NRL2  0.524(27)  0.5323  0.5284 [  0.504   0.545] [  0.453   0.549]
27 Nafion Fraction-WRL1 0.9807(28)  0.9806  0.9815 [  0.978   0.984] [  0.976   0.987]
28            NRL2:WRL2  0.540(11)  0.5430  0.5457 [  0.531   0.548] [  0.510   0.550]
29 Nafion Fraction-NRL2 1.0074(32)  1.0075  1.0110 [  1.004   1.010] [  1.000   1.013]
30            WRL2:Grad  0.542(11)  0.5453  0.5462 [  0.536   0.549] [  0.504   0.550]
31 Nafion Fraction-WRL2 1.0097(46)  1.0096  1.0074 [  1.005   1.015] [  1.001   1.018]
32          Grad:Nafion  0.531(20)  0.5380  0.5438 [  0.517   0.546] [  0.476   0.549]
33 Nafion Fraction-Gradient 1.0241(86)  1.0243  1.0286 [  1.015   1.033] [  1.008   1.041]
