.probe
  .Aguide = Aguide R1_D2OVap = 270
  .H = H R1_D2OVap = 0
  .mm
    .back_absorption = back_absorption R1_D2OVap = 1
    .background = Background MM = 1.23265e-08 in [0,0.0001]
    .intensity = intensity R1_D2OVap = 0.972614 in [0.9,1.1]
    .sample_broadening = sample_broadening R1_D2OVap = 0
    .theta_offset = theta_offset R1_D2OVap = 0
  .mp = None
  .pm = None
  .pp
    .back_absorption = back_absorption R1_D2OVap = 1
    .background = Background PP = 2.10983e-07 in [0,0.0001]
    .intensity = intensity R1_D2OVap = 0.964264 in [0.9,1.1]
    .sample_broadening = sample_broadening R1_D2OVap = 0
    .theta_offset = theta_offset R1_D2OVap = 0
.sample
  .layers
    [0]
      .interface = Silicon interface = 48.2885 in [30,50]
      .material
        .irho = Silicon irho = 0
        .rho = Silicon rho = 2.071
      .thickness = Silicon thickness = 5000
    [1]
      .interface = SiOx interface = 6.238 in [0,20]
      .material
        .irho = SiOx irho = 0
        .rho = SiOx rho = 0.741443 in [0.7,5]
      .thickness = SiOx thickness = 85.3309 in [25,150]
    [2]
      .interface = Permalloy interface = 7.13148 in [0,20]
      .magnetism
        .dead_above = Permalloy deadM above = 0
        .dead_below = Permalloy deadM below = 0
        .interface_above = None
        .interface_below = None
        .rhoM = Permalloy rhoM = 1.91605 in [0.942,2.942]
        .thetaM = Permalloy thetaM = 270
      .material
        .irho = Permalloy irho = 0
        .rho = Permalloy rho = 8.84069 in [8.239,10.239]
      .thickness = Permalloy thickness = 108.937 in [98,115]
    [3]
      .interface = Platinum interface = 1.35516 in [0,10]
      .material
        .irho = Platinum irho = 0
        .rho = Platinum rho = 6.36557 in [5.349,7.349]
      .thickness = Platinum thickness = 52.2205 in [30,70]
    [4]
      .interface = (NRL1:WRL1 * (((NRL1 thickness ** -4.0) + (WRL1 thickness ** -4.0)) ** -0.25)) = 1.72865
      .material
        .irho = NRL1 irho = 0
        .rho = ((10.5073 * Nafion Fraction-NRL1) - 6.3503) = 3.55431
      .thickness = NRL1 thickness = 8.66059 in [4,25]
    [5]
      .interface = (WRL1:NRL2 * (((WRL1 thickness ** -4.0) + (NRL2 thickness ** -4.0)) ** -0.25)) = 12.1653
      .material
        .irho = WRL1 irho = 0
        .rho = ((10.5073 * Nafion Fraction-WRL1) - 6.3503) = 3.98577
      .thickness = WRL1 thickness = 28.9095 in [4,30]
    [6]
      .interface = (NRL2:WRL2 * (((NRL2 thickness ** -4.0) + (WRL2 thickness ** -4.0)) ** -0.25)) = 4.91543
      .material
        .irho = NRL2 irho = 0
        .rho = ((10.5073 * Nafion Fraction-NRL2) - 6.3503) = 4.26558
      .thickness = NRL2 thickness = 28.9591 in [4,30]
    [7]
      .interface = (WRL2:Grad * WRL2 thickness) = 5.90169
      .material
        .irho = WRL1 irho = 0
        .rho = ((10.5073 * Nafion Fraction-WRL2) - 6.3503) = 4.27949
      .thickness = WRL2 thickness = 29.5085 in [4,30]
    [8]
      .interface = Bulk Nafion interface = 7.48663 in [0,20]
      .material
        .irho = Bulk Nafion irho = 0
        .rho = Bulk Nafion rho = 4.45747 in [2.705,4.705]
      .thickness = Bulk Nafion thickness = 225.145 in [200,400]
    [9]
      .interface = Air interface = 0
      .material
        .irho = Air irho = 0
        .rho = Air rho = 0
      .thickness = Air thickness = 0
  .thickness = stack thickness = 5567.67

[chisq=3.728(47), nllf=1133.32]
