              Parameter       mean  median    best [   68% interval] [   95% interval]
 1        Background MM 10.2(87)e-9 0.0000000077 0.0000000123 [0.000000002 0.000000019] [0.000000000 0.000000032]
 2  intensity R1_D2OVap 0.9734(27)  0.9735  0.9726 [  0.971   0.976] [  0.968   0.978]
 3        Background PP 190(36)e-9 0.000000190 0.000000211 [0.00000015 0.00000023] [0.00000012 0.00000026]
 4  intensity R1_D2OVap 0.9656(24) 0.96548 0.96426 [ 0.9632  0.9679] [ 0.9608  0.9705]
 5    Silicon interface   48.3(12)  48.513  48.288 [  47.02   49.44] [  45.39   49.89]
 6       SiOx interface  6.257(87)   6.255   6.238 [   6.17    6.34] [   6.09    6.43]
 7             SiOx rho  0.758(32)   0.756   0.741 [   0.72    0.79] [   0.71    0.82]
 8       SiOx thickness   84.9(28)   84.91   85.33 [   82.2    87.8] [   78.9    90.0]
 9  Permalloy interface   7.07(19)   7.076   7.131 [   6.88    7.25] [   6.67    7.43]
10       Permalloy rhoM 1.9154(85)  1.9156  1.9161 [  1.907   1.924] [  1.899   1.931]
11        Permalloy rho  8.843(19)  8.8419  8.8407 [  8.824   8.862] [  8.809   8.883]
12  Permalloy thickness 108.90(12) 108.893 108.937 [ 108.78  109.03] [ 108.66  109.14]
13   Platinum interface   1.26(73)   1.215   1.355 [   0.45    2.00] [   0.14    2.84]
14         Platinum rho  6.371(19)  6.3707  6.3656 [  6.352   6.390] [  6.336   6.409]
15   Platinum thickness  52.45(39)  52.423  52.221 [  52.08   52.81] [  51.75   53.38]
16       NRL1 thickness    7.6(17)   7.500   8.661 [   5.84    9.22] [   4.72   11.26]
17       WRL1 thickness   28.4(13)  28.674  28.909 [  27.16   29.67] [  25.12   29.96]
18       NRL2 thickness   28.2(14)  28.326  28.959 [  26.83   29.56] [  24.92   29.96]
19       WRL2 thickness  29.38(55)  29.496  29.508 [  28.89   29.88] [  27.82   29.99]
20 Bulk Nafion interface   7.53(14)   7.530   7.487 [   7.40    7.67] [   7.26    7.81]
21      Bulk Nafion rho 4.4570(84)  4.4572  4.4575 [  4.449   4.466] [  4.439   4.472]
22 Bulk Nafion thickness  227.4(22) 227.405 225.145 [ 225.33  229.64] [ 223.32  232.03]
23 Nafion Fraction-NRL1  0.930(21)  0.9342  0.9426 [  0.908   0.949] [  0.876   0.961]
24 Nafion Fraction-WRL1 0.9836(22) 0.98358 0.98370 [ 0.9813  0.9857] [ 0.9791  0.9878]
25 Nafion Fraction-NRL2 1.0085(19) 1.00857 1.01033 [ 1.0065  1.0104] [ 1.0045  1.0120]
26 Nafion Fraction-WRL2 1.0112(14) 1.01117 1.01166 [ 1.0098  1.0127] [ 1.0084  1.0139]
