              Parameter       mean  median    best [   68% interval] [   95% interval]
 1     background R1_Ar 0.22(14)e-6 0.000000196 0.000000215 [0.00000008 0.00000036] [0.00000002 0.00000054]
 2      intensity R1_Ar  0.958(23)  0.9581  0.9761 [  0.934   0.982] [  0.914   1.002]
 3     background R1_Ar 0.13(10)e-6 0.000000094 0.000000129 [0.00000003 0.00000023] [0.00000000 0.00000038]
 4      intensity R1_Ar  0.953(16)  0.9519  0.9612 [  0.937   0.967] [  0.923   0.990]
 5    Silicon interface   44.3(40)   45.38   49.37 [   40.3    47.9] [   33.5    49.6]
 6          Silicon rho  2.156(65)   2.171   2.141 [   2.08    2.22] [   2.01    2.25]
 7       SiOx interface   5.03(78)   4.958   5.559 [   4.21    5.84] [   3.97    6.76]
 8             SiOx rho   2.16(52)   2.213   1.670 [   1.59    2.68] [   1.07    3.03]
 9       SiOx thickness  27.09(84)  27.088  27.286 [  26.44   27.75] [  25.35   28.98]
10  Permalloy interface    9.4(15)   9.536   6.670 [   8.04   10.67] [   5.92   12.02]
11       Permalloy rhoM  1.899(59)   1.907   1.895 [   1.84    1.95] [   1.76    2.01]
12        Permalloy rho   9.40(12)   9.426   9.236 [   9.28    9.50] [   9.11    9.56]
13  Permalloy thickness  106.6(12) 106.289 107.882 [ 105.65  107.82] [ 105.02  109.50]
14   Platinum interface   2.05(62)   2.047   0.707 [   1.55    2.49] [   0.71    3.70]
15         Platinum rho   6.34(13)   6.302   6.480 [   6.22    6.47] [   6.14    6.64]
16   Platinum thickness  49.25(98)  49.283  49.009 [  48.49   50.15] [  46.68   51.18]
17           Nafion rho  4.070(77)   4.078   4.075 [   3.99    4.14] [   3.90    4.21]
18 Interfacial thickness   69.9(24)  70.547  70.503 [  67.30   71.85] [  64.78   74.18]
19     Interfacial z[0]  0.155(15)  0.1568  0.1412 [  0.142   0.166] [  0.125   0.191]
20     Interfacial z[1]  0.145(20)  0.1505  0.1178 [  0.124   0.159] [  0.099   0.181]
21     Interfacial z[2]   0.45(10)   0.427   0.152 [   0.39    0.55] [   0.21    0.63]
22     Interfacial z[3]  0.588(33)   0.594   0.621 [   0.56    0.61] [   0.51    0.65]
23     Interfacial z[4]  0.600(46)   0.611   0.604 [   0.56    0.63] [   0.48    0.67]
24     Interfacial z[5]  0.882(61)   0.879   0.970 [   0.83    0.94] [   0.74    0.99]
25     Interfacial z[6]  0.851(89)   0.861   0.812 [   0.78    0.93] [   0.62    0.98]
26     Nafion interface    8.4(12)   8.438   9.196 [   7.28    9.48] [   5.60   10.95]
27     Nafion thickness  217.5(22) 216.997 218.632 [ 215.58  219.73] [ 213.80  222.62]
28     Water fraction 0  0.528(37)   0.529   0.557 [   0.50    0.55] [   0.45    0.61]
29     Water fraction 1   0.36(14)   0.389   0.618 [   0.20    0.50] [   0.10    0.54]
30     Water fraction 2  0.145(34)   0.144   0.095 [   0.12    0.17] [   0.07    0.22]
31     Water fraction 3  0.387(62)   0.401   0.238 [   0.34    0.43] [   0.21    0.51]
32     Water fraction 4  0.319(68)   0.351   0.178 [   0.24    0.37] [   0.14    0.38]
33     Water fraction 5  0.163(47)   0.173   0.100 [   0.12    0.21] [   0.05    0.22]
34     Water fraction 6  0.271(77)   0.291   0.123 [   0.19    0.33] [   0.09    0.40]
