.probe
  .Aguide = Aguide R1_Ar = 270
  .H = H R1_Ar = 0
  .mm
    .back_absorption = back_absorption R1_Ar = 1
    .background = background R1_Ar = 2.14888e-07 in [0,1e-05]
    .intensity = intensity R1_Ar = 0.976134 in [0.9,1.1]
    .sample_broadening = sample_broadening R1_Ar = 0
    .theta_offset = theta_offset R1_Ar = 0
  .mp = None
  .pm = None
  .pp
    .back_absorption = back_absorption R1_Ar = 1
    .background = background R1_Ar = 1.28641e-07 in [0,1e-05]
    .intensity = intensity R1_Ar = 0.961185 in [0.9,1.1]
    .sample_broadening = sample_broadening R1_Ar = 0.01
    .theta_offset = theta_offset R1_Ar = 0
.sample
  .layers
    [0]
      .interface = Silicon interface = 49.367 in [30,50]
      .material
        .irho = Silicon irho = 0
        .rho = Silicon rho = 2.14108 in [2,2.25]
      .thickness = Silicon thickness = 5000
    [1]
      .interface = SiOx interface = 5.5588 in [0,20]
      .material
        .irho = SiOx irho = 0
        .rho = SiOx rho = 1.67041 in [0.7,5]
      .thickness = SiOx thickness = 27.2865 in [25,60]
    [2]
      .interface = Permalloy interface = 6.66979 in [0,20]
      .magnetism
        .dead_above = Permalloy deadM above = 0
        .dead_below = Permalloy deadM below = 0
        .interface_above = None
        .interface_below = None
        .rhoM = Permalloy rhoM = 1.89534 in [0.942,2.942]
        .thetaM = Permalloy thetaM = 270
      .material
        .irho = Permalloy irho = 0
        .rho = Permalloy rho = 9.23626 in [8.239,10.239]
      .thickness = Permalloy thickness = 107.882 in [98,115]
    [3]
      .interface = Platinum interface = 0.707202 in [0,10]
      .material
        .irho = Platinum irho = 0
        .rho = Platinum rho = 6.48049 in [5.446,7.446]
      .thickness = Platinum thickness = 49.0087 in [30,70]
    [4]
      .above
        .irho = Nafion irho = 0
        .rho = Nafion rho = 4.07513 in [2.705,4.705]
      .below
        .irho = Platinum irho = 0
        .rho = Platinum rho = 6.48049 in [5.446,7.446]
      .interface = Interfacial interface = 0
      .irho
        [0] = Interfacial irho[0] = 0
        [1] = Interfacial irho[1] = 0
        [2] = Interfacial irho[2] = 0
        [3] = Interfacial irho[3] = 0
        [4] = Interfacial irho[4] = 0
        [5] = Interfacial irho[5] = 0
        [6] = Interfacial irho[6] = 0
      .rho
        [0] = (((1 - Water fraction 0) * 4.058) + (Water fraction 0 * -0.5609)) = 1.48446
        [1] = (((1 - Water fraction 1) * 4.058) + (Water fraction 1 * -0.5609)) = 1.20299
        [2] = (((1 - Water fraction 2) * 4.058) + (Water fraction 2 * -0.5609)) = 3.62112
        [3] = (((1 - Water fraction 3) * 4.058) + (Water fraction 3 * -0.5609)) = 2.96004
        [4] = (((1 - Water fraction 4) * 4.058) + (Water fraction 4 * -0.5609)) = 3.23571
        [5] = (((1 - Water fraction 5) * 4.058) + (Water fraction 5 * -0.5609)) = 3.59552
        [6] = (((1 - Water fraction 6) * 4.058) + (Water fraction 6 * -0.5609)) = 3.4921
      .thickness = Interfacial thickness = 70.5027 in [5,150]
      .z
        [0] = Interfacial z[0] = 0.141234 in [0,1]
        [1] = Interfacial z[1] = 0.117765 in [0,1]
        [2] = Interfacial z[2] = 0.152395 in [0,1]
        [3] = Interfacial z[3] = 0.621132 in [0,1]
        [4] = Interfacial z[4] = 0.603571 in [0,1]
        [5] = Interfacial z[5] = 0.970369 in [0,1]
        [6] = Interfacial z[6] = 0.811558 in [0,1]
    [5]
      .interface = Nafion interface = 9.19632 in [0,20]
      .material
        .irho = Nafion irho = 0
        .rho = Nafion rho = 4.07513 in [2.705,4.705]
      .thickness = Nafion thickness = 218.632 in [200,400]
    [6]
      .interface = Air interface = 0
      .material
        .irho = Air irho = 0
        .rho = Air rho = 0
      .thickness = Air thickness = 0
  .thickness = stack thickness = 5473.31

[chisq=4.198(57), nllf=1379.09]
