.probe
  .back_absorption = back_absorption R1XRR = 1
  .background = background R1XRR = 0
  .intensity = intensity R1XRR = 1.07823 in [0.95,1.1]
  .sample_broadening = sample_broadening R1XRR = 0
  .theta_offset = theta_offset R1XRR = 0
.sample
  .layers
    [0]
      .interface = Silicon interface = 17.6331 in [8.65,28.65]
      .material
        .irho = Silicon irho = -0.458
        .rho = Silicon rho = 20.07
      .thickness = Silicon thickness = 0
    [1]
      .interface = SiOx interface = 3.29594 in [0,13.224]
      .material
        .irho = SiOx irho = 6.82075 in [-0.5,15]
        .rho = SiOx rho = 31.1106 in [15,40]
      .thickness = SiOx thickness = 31.0536 in [0,140]
    [2]
      .interface = Permalloy interface = 6.58793 in [0,16.751]
      .material
        .irho = Permalloy irho = 2.73412 in [-3,10]
        .rho = Permalloy rho = 66.4175 in [60,70]
      .thickness = Permalloy thickness = 108.057 in [10,200]
    [3]
      .interface = Pt interface = 3.69347 in [0,13.657]
      .material
        .irho = Pt irho = 11.914 in [-14,15]
        .rho = Pt rho = 132.637 in [130,140]
      .thickness = Pt thickness = 49.5496 in [10,150]
    [4]
      .interface = Air interface = 0
      .material
        .irho = Air irho = 0
        .rho = Air rho = 0
      .thickness = Air thickness = 0
  .thickness = stack thickness = 188.66

[chisq=21.149(44), nllf=3796.17]
