              Parameter       mean  median    best [   68% interval] [   95% interval]
 1 background R1_D2OVap  81(46)e-9 0.000000081 0.000000010 [0.00000003 0.00000013] [0.00000000 0.00000016]
 2  intensity R1_D2OVap 0.9676(49)  0.9670  0.9671 [  0.963   0.972] [  0.959   0.979]
 3 background R1_D2OVap 278(73)e-9 0.000000288 0.000000257 [0.00000021 0.00000034] [0.00000012 0.00000042]
 4  intensity R1_D2OVap 0.9588(49)  0.9581  0.9682 [  0.954   0.964] [  0.951   0.970]
 5    Silicon interface   50.1(23)  49.209  55.752 [  48.35   52.30] [  47.68   56.13]
 6          Silicon rho  2.206(28)  2.2025  2.2330 [  2.180   2.239] [  2.160   2.248]
 7       SiOx interface   6.18(14)   6.192   6.029 [   6.04    6.29] [   5.87    6.45]
 8             SiOx rho  0.860(48)   0.875   0.847 [   0.81    0.90] [   0.74    0.93]
 9       SiOx thickness   53.9(34)  53.353  58.561 [  50.23   58.30] [  50.00   59.70]
10  Permalloy interface   7.66(32)   7.775   7.158 [   7.35    7.89] [   6.85    8.08]
11       Permalloy rhoM  1.877(13)  1.8777  1.8351 [  1.865   1.888] [  1.847   1.903]
12        Permalloy rho  9.002(34)   9.007   8.970 [   8.96    9.04] [   8.93    9.05]
13  Permalloy thickness 109.42(26) 109.382 109.139 [ 109.19  109.67] [ 108.97  109.97]
14   Platinum interface   0.39(24)   0.367   1.104 [   0.18    0.57] [   0.03    0.96]
15         Platinum rho  6.448(25)   6.451   6.429 [   6.42    6.47] [   6.39    6.50]
16   Platinum thickness  32.64(40)  32.532  33.416 [  32.36   33.00] [  32.04   33.76]
17           Nafion rho  4.420(16)  4.4176  4.4320 [  4.407   4.435] [  4.388   4.455]
18 Interfacial thickness  91.33(74)  91.438  91.881 [  90.66   91.86] [  89.63   92.66]
19     Interfacial z[0] 0.1844(81)  0.1855  0.1782 [  0.178   0.191] [  0.164   0.200]
20     Interfacial z[1]  0.184(14)  0.1888  0.1665 [  0.167   0.195] [  0.152   0.201]
21     Interfacial z[2] 0.3272(32)  0.3257  0.3322 [  0.325   0.330] [  0.324   0.335]
22     Interfacial z[3] 0.3271(30)  0.3257  0.3312 [  0.325   0.330] [  0.324   0.335]
23     Interfacial z[4] 0.8881(61)  0.8892  0.8769 [  0.884   0.891] [  0.872   0.899]
24     Interfacial z[5]  0.887(11)  0.8886  0.8698 [  0.878   0.895] [  0.861   0.909]
25     Interfacial z[6] 0.8920(98)  0.8904  0.9055 [  0.885   0.900] [  0.873   0.916]
26     Nafion interface   7.16(26)   7.128   7.588 [   6.94    7.41] [   6.66    7.78]
27     Nafion thickness 249.45(69) 249.527 248.266 [ 248.90  250.00] [ 247.74  250.74]
28     Water fraction 0 0.9961(45)  0.9980  0.9914 [  0.992   1.000] [  0.983   1.000]
29     Water fraction 1  0.393(46)   0.411   0.338 [   0.35    0.42] [   0.28    0.46]
30     Water fraction 2  31(13)e-3  0.0359  0.0107 [  0.013   0.043] [  0.001   0.044]
31     Water fraction 3 0.0477(70)  0.0468  0.0394 [  0.043   0.053] [  0.035   0.066]
32     Water fraction 4  42(11)e-3  0.0389  0.0456 [  0.033   0.052] [  0.025   0.070]
33     Water fraction 5  0.475(23)   0.472   0.489 [   0.46    0.49] [   0.42    0.53]
34     Water fraction 6  0.109(65)   0.101   0.010 [   0.03    0.18] [   0.00    0.19]
