.probe
  .Aguide = Aguide R1_D2OVap = 270
  .H = H R1_D2OVap = 0
  .mm
    .back_absorption = back_absorption R1_D2OVap = 1
    .background = background R1_D2OVap = 1.0255e-08 in [0,1e-05]
    .intensity = intensity R1_D2OVap = 0.967131 in [0.9,1.1]
    .sample_broadening = sample_broadening R1_D2OVap = 0
    .theta_offset = theta_offset R1_D2OVap = 0
  .mp = None
  .pm = None
  .pp
    .back_absorption = back_absorption R1_D2OVap = 1
    .background = background R1_D2OVap = 2.57086e-07 in [0,1e-05]
    .intensity = intensity R1_D2OVap = 0.968197 in [0.9,1.1]
    .sample_broadening = sample_broadening R1_D2OVap = 0.01
    .theta_offset = theta_offset R1_D2OVap = 0
.sample
  .layers
    [0]
      .interface = Silicon interface = 55.7518 in [30,75]
      .material
        .irho = Silicon irho = 0
        .rho = Silicon rho = 2.23298 in [2,2.25]
      .thickness = Silicon thickness = 5000
    [1]
      .interface = SiOx interface = 6.02875 in [0,20]
      .material
        .irho = SiOx irho = 0
        .rho = SiOx rho = 0.846628 in [0.7,5]
      .thickness = SiOx thickness = 58.5614 in [25,60]
    [2]
      .interface = Permalloy interface = 7.15795 in [0,20]
      .magnetism
        .dead_above = Permalloy deadM above = 0
        .dead_below = Permalloy deadM below = 0
        .interface_above = None
        .interface_below = None
        .rhoM = Permalloy rhoM = 1.83511 in [0.942,2.942]
        .thetaM = Permalloy thetaM = 270
      .material
        .irho = Permalloy irho = 0
        .rho = Permalloy rho = 8.96955 in [8.239,10.239]
      .thickness = Permalloy thickness = 109.139 in [98,115]
    [3]
      .interface = Platinum interface = 1.1041 in [0,10]
      .material
        .irho = Platinum irho = 0
        .rho = Platinum rho = 6.42923 in [5.446,7.446]
      .thickness = Platinum thickness = 33.416 in [30,70]
    [4]
      .above
        .irho = Nafion irho = 0
        .rho = Nafion rho = 4.43202 in [2.705,4.705]
      .below
        .irho = Platinum irho = 0
        .rho = Platinum rho = 6.42923 in [5.446,7.446]
      .interface = Interfacial interface = 0
      .irho
        [0] = Interfacial irho[0] = 0
        [1] = Interfacial irho[1] = 0
        [2] = Interfacial irho[2] = 0
        [3] = Interfacial irho[3] = 0
        [4] = Interfacial irho[4] = 0
        [5] = Interfacial irho[5] = 0
        [6] = Interfacial irho[6] = 0
      .rho
        [0] = (((1 - Water fraction 0) * 4.058) + (Water fraction 0 * 6.331)) = 6.31145
        [1] = (((1 - Water fraction 1) * 4.058) + (Water fraction 1 * 6.331)) = 4.82688
        [2] = (((1 - Water fraction 2) * 4.058) + (Water fraction 2 * 6.331)) = 4.08235
        [3] = (((1 - Water fraction 3) * 4.058) + (Water fraction 3 * 6.331)) = 4.14761
        [4] = (((1 - Water fraction 4) * 4.058) + (Water fraction 4 * 6.331)) = 4.16156
        [5] = (((1 - Water fraction 5) * 4.058) + (Water fraction 5 * 6.331)) = 5.16931
        [6] = (((1 - Water fraction 6) * 4.058) + (Water fraction 6 * 6.331)) = 4.08034
      .thickness = Interfacial thickness = 91.8815 in [5,150]
      .z
        [0] = Interfacial z[0] = 0.178166 in [0,1]
        [1] = Interfacial z[1] = 0.166506 in [0,1]
        [2] = Interfacial z[2] = 0.332161 in [0,1]
        [3] = Interfacial z[3] = 0.331246 in [0,1]
        [4] = Interfacial z[4] = 0.876915 in [0,1]
        [5] = Interfacial z[5] = 0.869789 in [0,1]
        [6] = Interfacial z[6] = 0.905465 in [0,1]
    [5]
      .interface = Nafion interface = 7.58805 in [0,20]
      .material
        .irho = Nafion irho = 0
        .rho = Nafion rho = 4.43202 in [2.705,4.705]
      .thickness = Nafion thickness = 248.266 in [200,400]
    [6]
      .interface = Air interface = 0
      .material
        .irho = Air irho = 0
        .rho = Air rho = 0
      .thickness = Air thickness = 0
  .thickness = stack thickness = 5541.26

[chisq=4.829(62), nllf=1448.6]
