.probe
  .Aguide = Aguide R1_D2OVap = 270
  .H = H R1_D2OVap = 0
  .mm
    .back_absorption = back_absorption R1_D2OVap = 1
    .background = background R1_D2OVap = 2.28733e-08 in [0,1e-05]
    .intensity = intensity R1_D2OVap = 0.973527 in [0.9,1.1]
    .sample_broadening = sample_broadening R1_D2OVap = 0
    .theta_offset = theta_offset R1_D2OVap = 0
  .mp = None
  .pm = None
  .pp
    .back_absorption = back_absorption R1_D2OVap = 1
    .background = background R1_D2OVap = 3.18514e-07 in [0,1e-05]
    .intensity = intensity R1_D2OVap = 0.97325 in [0.9,1.1]
    .sample_broadening = sample_broadening R1_D2OVap = 0.01
    .theta_offset = theta_offset R1_D2OVap = 0
.sample
  .layers
    [0]
      .interface = Silicon interface = 41.9197 in [30,75]
      .material
        .irho = Silicon irho = 0
        .rho = Silicon rho = 2.15422 in [2.065,2.155]
      .thickness = Silicon thickness = 5000
    [1]
      .interface = SiOx interface = 6.73491 in [0,20]
      .material
        .irho = SiOx irho = 0
        .rho = SiOx rho = 0.721967 in [0.7,5]
      .thickness = SiOx thickness = 69.9925 in [25,70]
    [2]
      .interface = Permalloy interface = 6.37227 in [0,20]
      .magnetism
        .dead_above = Permalloy deadM above = 0
        .dead_below = Permalloy deadM below = 0
        .interface_above = None
        .interface_below = None
        .rhoM = Permalloy rhoM = 1.86448 in [0.942,2.942]
        .thetaM = Permalloy thetaM = 270
      .material
        .irho = Permalloy irho = 0
        .rho = Permalloy rho = 8.8586 in [8.239,10.239]
      .thickness = Permalloy thickness = 109.253 in [98,115]
    [3]
      .interface = Platinum interface = 1.99111 in [0,10]
      .material
        .irho = Platinum irho = 0
        .rho = Platinum rho = 6.48885 in [5.446,7.446]
      .thickness = Platinum thickness = 48.3555 in [30,70]
    [4]
      .above
        .irho = Nafion irho = 0
        .rho = Nafion rho = 4.32594 in [2.705,4.705]
      .below
        .irho = Platinum irho = 0
        .rho = Platinum rho = 6.48885 in [5.446,7.446]
      .interface = Interfacial interface = 0
      .irho
        [0] = Interfacial irho[0] = 0
        [1] = Interfacial irho[1] = 0
        [2] = Interfacial irho[2] = 0
        [3] = Interfacial irho[3] = 0
        [4] = Interfacial irho[4] = 0
      .rho
        [0] = (((1 - Water fraction 0) * 4.058) + (Water fraction 0 * 6.331)) = 5.82684
        [1] = (((1 - Water fraction 1) * 4.058) + (Water fraction 1 * 6.331)) = 4.31251
        [2] = (((1 - Water fraction 2) * 4.058) + (Water fraction 2 * 6.331)) = 4.05804
        [3] = (((1 - Water fraction 3) * 4.058) + (Water fraction 3 * 6.331)) = 4.15368
        [4] = (((1 - Water fraction 4) * 4.058) + (Water fraction 4 * 6.331)) = 4.46483
      .thickness = Interfacial thickness = 25.0832 in [5,150]
      .z
        [0] = Interfacial z[0] = 0.21327 in [0,1]
        [1] = Interfacial z[1] = 0.0943367 in [0,1]
        [2] = Interfacial z[2] = 0.138405 in [0,1]
        [3] = Interfacial z[3] = 0.983465 in [0,1]
        [4] = Interfacial z[4] = 0.999738 in [0,1]
    [5]
      .interface = Nafion interface = 6.59558 in [0,20]
      .material
        .irho = Nafion irho = 0
        .rho = Nafion rho = 4.32594 in [2.705,4.705]
      .thickness = Nafion thickness = 299.601 in [200,400]
    [6]
      .interface = Air interface = 0
      .material
        .irho = Air irho = 0
        .rho = Air rho = 0
      .thickness = Air thickness = 0
  .thickness = stack thickness = 5552.29

[chisq=5.033(55), nllf=1520.02]
