              Parameter       mean  median    best [   68% interval] [   95% interval]
 1 background R1_D2OVap  29(20)e-9 0.0000000241 0.0000000229 [0.000000009 0.000000048] [0.000000001 0.000000079]
 2  intensity R1_D2OVap 0.9743(24) 0.97405 0.97353 [ 0.9719  0.9767] [ 0.9698  0.9798]
 3 background R1_D2OVap 319(30)e-9 0.000000320 0.000000319 [0.00000029 0.00000035] [0.00000026 0.00000038]
 4  intensity R1_D2OVap 0.9735(22) 0.97332 0.97325 [ 0.9715  0.9756] [ 0.9697  0.9785]
 5    Silicon interface  41.93(39)  41.918  41.920 [  41.61   42.24] [  41.12   42.81]
 6          Silicon rho 2.1509(43)  2.1522  2.1542 [  2.147   2.154] [  2.139   2.155]
 7       SiOx interface  6.736(75)   6.734   6.735 [   6.66    6.82] [   6.60    6.89]
 8             SiOx rho  0.721(13)  0.7213  0.7220 [  0.706   0.733] [  0.701   0.750]
 9       SiOx thickness 69.969(38)  69.983  69.992 [  69.94   70.00] [  69.87   70.00]
10  Permalloy interface   6.38(14)   6.379   6.372 [   6.27    6.51] [   6.05    6.70]
11       Permalloy rhoM 1.8648(68)  1.8646  1.8645 [  1.858   1.871] [  1.852   1.880]
12        Permalloy rho 8.8588(93)  8.8596  8.8586 [  8.849   8.868] [  8.839   8.874]
13  Permalloy thickness 109.30(12) 109.284 109.253 [ 109.19  109.42] [ 109.08  109.56]
14   Platinum interface   2.00(23)   1.988   1.991 [   1.87    2.12] [   1.51    2.52]
15         Platinum rho  6.484(12)  6.4854  6.4889 [  6.472   6.496] [  6.459   6.508]
16   Platinum thickness  48.34(17)  48.336  48.355 [  48.17   48.48] [  48.00   48.67]
17           Nafion rho 4.3278(58)  4.3277  4.3259 [  4.322   4.333] [  4.317   4.339]
18 Interfacial thickness  25.19(58)  25.100  25.083 [  24.81   25.65] [  24.19   26.58]
19     Interfacial z[0]  0.208(22)  0.2127  0.2133 [  0.197   0.221] [  0.144   0.243]
20     Interfacial z[1] 0.0951(71)  0.0947  0.0943 [  0.090   0.100] [  0.081   0.112]
21     Interfacial z[2] 0.1382(83)  0.1386  0.1384 [  0.133   0.144] [  0.119   0.153]
22     Interfacial z[3] 0.9834(36)  0.9837  0.9835 [  0.981   0.986] [  0.976   0.990]
23     Interfacial z[4] 0.99973(12) 0.999745 0.999738 [0.99963 0.99984] [0.99942 0.99990]
24     Nafion interface   6.60(10)   6.595   6.596 [   6.53    6.68] [   6.37    6.83]
25     Nafion thickness 299.48(53) 299.555 299.601 [ 299.05  299.85] [ 298.24  300.34]
26     Water fraction 0  0.779(27)   0.779   0.778 [   0.76    0.80] [   0.72    0.84]
27     Water fraction 1  0.112(26)   0.112   0.112 [   0.10    0.13] [   0.05    0.17]
28     Water fraction 2 1.8(22)e-3 0.00102 0.00002 [ 0.0002  0.0037] [ 0.0000  0.0078]
29     Water fraction 3  41(12)e-3  0.0418  0.0421 [  0.033   0.050] [  0.014   0.068]
30     Water fraction 4  0.180(19)  0.1781  0.1790 [  0.170   0.188] [  0.152   0.233]
