              Parameter       mean  median    best [   68% interval] [   95% interval]
 1      intensity R1XRR 1.0360(20) 1.03570 1.03440 [ 1.0342  1.0375] [ 1.0328  1.0410]
 2    Silicon interface  19.88(72)  19.854  19.681 [  19.18   20.58] [  18.58   21.39]
 3       SiOx interface  3.335(13)  3.3349  3.3404 [  3.323   3.347] [  3.308   3.359]
 4            SiOx irho   7.55(33)   7.652   7.837 [   7.27    7.82] [   6.61    7.86]
 5             SiOx rho  33.10(14)  33.064  33.106 [  32.97   33.24] [  32.95   33.47]
 6       SiOx thickness   42.9(23)  43.005  41.195 [  40.56   45.15] [  38.05   47.03]
 7  Permalloy interface  6.769(15)  6.7688  6.7650 [  6.754   6.784] [  6.741   6.798]
 8       Permalloy irho  -0.01(42)   0.140   0.320 [  -0.57    0.39] [  -0.92    0.53]
 9        Permalloy rho  66.72(15)  66.724  66.798 [  66.58   66.86] [  66.40   66.99]
10  Permalloy thickness 107.882(38) 107.877 107.866 [ 107.85  107.92] [ 107.82  107.97]
11   Platinum interface 3.3040(67)  3.3038  3.2999 [  3.297   3.311] [  3.291   3.317]
12        Platinum irho 8.4479(34)  8.4490  8.4491 [  8.446   8.450] [  8.439   8.451]
13         Platinum rho 134.824(86) 134.851 134.899 [ 134.77  134.89] [ 134.58  134.90]
14   Platinum thickness 49.545(26)  49.548  49.559 [  49.52   49.57] [  49.49   49.59]
15  Interface interface  4.475(20)  4.4760  4.4795 [  4.456   4.494] [  4.433   4.514]
16       Interface irho   3.94(53)   4.134   4.135 [   3.31    4.44] [   2.66    4.49]
17        Interface rho  50.69(32)  50.798  50.803 [  50.43   50.95] [  49.79   50.99]
18  Interface thickness  34(42)e-3   0.020   0.000 [   0.01    0.06] [   0.00    0.16]
e:\program files (x86)\anaconda\lib\site-packages\bumps\dream\views.py:64: RuntimeWarning: More than 20 figures have been opened. Figures created through the pyplot interface (`matplotlib.pyplot.figure`) are retained until explicitly closed and may consume too much memory. (To control this warning, see the rcParam `figure.max_open_warning`).
  figure()
