              Parameter       mean  median    best [   68% interval] [   95% interval]
 1      intensity R1_Ar 0.9625(62)  0.9626  0.9655 [  0.957   0.969] [  0.951   0.975]
 2 sample_broadening R1_Ar 7.9(44)e-3  0.0073  0.0127 [  0.003   0.013] [  0.001   0.018]
 3    Silicon interface  49.68(33)  49.775  49.474 [  49.44   49.94] [  48.67   49.99]
 4       SiOx interface   3.56(20)   3.582   3.435 [   3.39    3.72] [   3.11    3.98]
 5             SiOx rho 3.0056(51)  3.0043  3.0105 [  3.001   3.010] [  3.000   3.018]
 6       SiOx thickness   36.4(53)   39.52   25.86 [   28.3    40.4] [   25.6    40.8]
 7  Permalloy interface   9.97(28)   9.968   9.935 [   9.80   10.15] [   9.27   10.61]
 8       Permalloy rhoM  1.871(23)  1.8738  1.8776 [  1.847   1.894] [  1.825   1.916]
 9        Permalloy rho  9.426(32)   9.428   9.402 [   9.40    9.46] [   9.36    9.48]
10  Permalloy thickness 106.84(62) 106.847 106.921 [ 106.18  107.46] [ 105.66  108.06]
11   Platinum interface   5.48(38)   5.496   5.481 [   5.33    5.67] [   4.54    6.19]
12         Platinum rho  6.224(59)   6.223   6.260 [   6.17    6.29] [   6.11    6.33]
13   Platinum thickness  49.13(64)  49.152  49.194 [  48.63   49.62] [  47.80   50.48]
14     Nafion thickness  324.4(15) 324.241 323.443 [ 323.19  325.88] [ 322.02  327.92]
15          Nafion z[0] 0.0266(88)  0.0273  0.0303 [  0.017   0.036] [  0.010   0.042]
16          Nafion z[1] 0.0233(66)  0.0236  0.0159 [  0.016   0.030] [  0.010   0.035]
17          Nafion z[2]  0.518(36)   0.517   0.488 [   0.49    0.55] [   0.46    0.59]
18          Nafion z[3] 0.99580(83) 0.99573 0.99635 [ 0.9950  0.9966] [ 0.9944  0.9977]
19          Nafion z[4] 0.8147(70)  0.8153  0.8178 [  0.808   0.821] [  0.799   0.825]
20     Water fraction 0  0.414(67)   0.426   0.371 [   0.34    0.47] [   0.27    0.53]
21     Water fraction 1  0.204(19)  0.2044  0.1936 [  0.185   0.222] [  0.165   0.243]
22     Water fraction 2 0.00105(82) 0.00086 0.00038 [ 0.0002  0.0019] [ 0.0000  0.0029]
23     Water fraction 3 4.3(39)e-3  0.0032  0.0006 [  0.001   0.008] [  0.000   0.015]
24     Water fraction 4  0.977(16)  0.9784  0.9710 [  0.963   0.993] [  0.934   0.999]
