.probe
  .Aguide = Aguide R1_Ar = 270
  .H = H R1_Ar = 0
  .mm
    .back_absorption = back_absorption R1_Ar = 1
    .background = background R1_Ar = 0
    .intensity = intensity R1_Ar = 0.965476 in [0.01,3]
    .sample_broadening = sample_broadening R1_Ar = 0.0126501 in [0,0.1]
    .theta_offset = theta_offset R1_Ar = 0
  .mp = None
  .pm = None
  .pp
    .back_absorption = back_absorption R1_Ar = 1
    .background = background R1_Ar = 0
    .intensity = intensity R1_Ar = 0.965476 in [0.01,3]
    .sample_broadening = sample_broadening R1_Ar = 0.0126501 in [0,0.1]
    .theta_offset = theta_offset R1_Ar = 0
.sample
  .layers
    [0]
      .interface = Silicon interface = 49.474 in [30,50]
      .material
        .irho = Silicon irho = 0
        .rho = Silicon rho = 2.148
      .thickness = Silicon thickness = 5000
    [1]
      .interface = SiOx interface = 3.43536 in [0,20]
      .material
        .irho = SiOx irho = 0
        .rho = SiOx rho = 3.01053 in [3,5]
      .thickness = SiOx thickness = 25.8567 in [25,45]
    [2]
      .interface = Permalloy interface = 9.93508 in [0,20]
      .magnetism
        .dead_above = Permalloy deadM above = 0
        .dead_below = Permalloy deadM below = 0
        .interface_above = None
        .interface_below = None
        .rhoM = Permalloy rhoM = 1.87758 in [0.942,2.942]
        .thetaM = Permalloy thetaM = 270
      .material
        .irho = Permalloy irho = 0
        .rho = Permalloy rho = 9.40237 in [8.239,10.239]
      .thickness = Permalloy thickness = 106.921 in [98,115]
    [3]
      .interface = Platinum interface = 5.48148 in [0,10]
      .material
        .irho = Platinum irho = 0
        .rho = Platinum rho = 6.26025 in [5.446,7.446]
      .thickness = Platinum thickness = 49.1944 in [30,70]
    [4]
      .above
        .irho = Air irho = 0
        .rho = Air rho = 0
      .below
        .irho = Platinum irho = 0
        .rho = Platinum rho = 6.26025 in [5.446,7.446]
      .interface = Nafion interface = 0
      .irho
        [0] = Nafion irho[0] = 0
        [1] = Nafion irho[1] = 0
        [2] = Nafion irho[2] = 0
        [3] = Nafion irho[3] = 0
        [4] = Nafion irho[4] = 0
      .rho
        [0] = (((1 - Water fraction 0) * 3.705) + (Water fraction 0 * -0.5609)) = 2.12097
        [1] = (((1 - Water fraction 1) * 3.705) + (Water fraction 1 * -0.5609)) = 2.87906
        [2] = (((1 - Water fraction 2) * 3.705) + (Water fraction 2 * -0.5609)) = 3.70337
        [3] = (((1 - Water fraction 3) * 3.705) + (Water fraction 3 * -0.5609)) = 3.70229
        [4] = (((1 - Water fraction 4) * 3.705) + (Water fraction 4 * -0.5609)) = -0.437389
      .thickness = Nafion thickness = 323.443 in [200,600]
      .z
        [0] = Nafion z[0] = 0.0302665 in [0,1]
        [1] = Nafion z[1] = 0.0159088 in [0,1]
        [2] = Nafion z[2] = 0.487789 in [0,1]
        [3] = Nafion z[3] = 0.996347 in [0,1]
        [4] = Nafion z[4] = 0.817795 in [0,1]
    [5]
      .interface = Air interface = 0
      .material
        .irho = Air irho = 0
        .rho = Air rho = 0
      .thickness = Air thickness = 0
  .thickness = stack thickness = 5505.42

[chisq=8.295(40), nllf=2766.31]
