              Parameter       mean  median    best [   68% interval] [   95% interval]
 1      intensity R1_Ar  0.952(11)  0.9515  0.9500 [  0.941   0.963] [  0.932   0.976]
 2 sample_broadening R1_Ar 0.0159(93)  0.0152  0.0255 [  0.005   0.025] [  0.002   0.036]
 3    Silicon interface  56.66(33)  56.636  56.443 [  56.47   56.87] [  55.97   57.35]
 4       SiOx interface   2.31(30)   2.226   2.220 [   2.10    2.58] [   1.96    3.10]
 5             SiOx rho  3.032(24)  3.0260  3.0062 [  3.008   3.058] [  3.001   3.090]
 6       SiOx thickness  34.58(51)  34.541  34.183 [  34.30   34.89] [  33.58   35.64]
 7  Permalloy interface   9.77(43)   9.846   9.709 [   9.47   10.07] [   8.74   10.52]
 8       Permalloy rhoM  1.884(52)   1.886   1.899 [   1.83    1.94] [   1.78    1.99]
 9        Permalloy rho  9.429(56)   9.428   9.427 [   9.38    9.49] [   9.31    9.54]
10  Permalloy thickness 109.45(72) 109.586 108.865 [ 108.76  110.17] [ 107.76  110.45]
11   Platinum interface   0.12(10)   0.089   0.022 [   0.04    0.21] [   0.01    0.36]
12         Platinum rho   6.32(12)   6.324   6.262 [   6.20    6.43] [   6.04    6.51]
13   Platinum thickness  47.81(30)  47.779  47.627 [  47.62   48.01] [  47.22   48.49]
14     Nafion thickness  296.5(16) 296.222 297.124 [ 295.33  297.93] [ 294.12  300.19]
15          Nafion z[0] 4.0(32)e-3  0.0033  0.0061 [  0.001   0.007] [  0.000   0.012]
16          Nafion z[1]  0.100(60)   0.093   0.157 [   0.04    0.16] [   0.01    0.23]
17          Nafion z[2]  0.197(60)   0.208   0.155 [   0.14    0.25] [   0.04    0.28]
18          Nafion z[3]  0.892(21)  0.8906  0.9349 [  0.871   0.913] [  0.851   0.934]
19          Nafion z[4] 0.9505(91)  0.9505  0.9486 [  0.942   0.959] [  0.932   0.968]
20          Nafion z[5] 0.9744(85)  0.9744  0.9698 [  0.967   0.981] [  0.954   0.994]
21     Water fraction 0  0.128(57)   0.135   0.130 [   0.06    0.19] [   0.01    0.23]
22     Water fraction 1  0.169(35)   0.171   0.149 [   0.14    0.20] [   0.09    0.23]
23     Water fraction 2  22(24)e-3  0.0149  0.0212 [  0.004   0.040] [  0.001   0.090]
24     Water fraction 3 4.9(45)e-3  0.0037  0.0091 [  0.001   0.009] [  0.000   0.015]
25     Water fraction 4  0.162(47)   0.165   0.054 [   0.11    0.21] [   0.08    0.26]
26     Water fraction 5   0.56(10)   0.537   0.543 [   0.47    0.64] [   0.38    0.81]
