              Parameter       mean  median    best [   68% interval] [   95% interval]
 1        Background MM 463(38)e-9 0.000000463 0.000000458 [0.00000042 0.00000050] [0.00000039 0.00000054]
 2      intensity R1H92 0.9934(38)  0.9934  0.9954 [  0.990   0.997] [  0.986   1.001]
 3        Background PP 141(54)e-9 0.000000139 0.000000140 [0.00000009 0.00000020] [0.00000004 0.00000026]
 4      intensity R1H92 0.9458(36)  0.9459  0.9487 [  0.942   0.949] [  0.939   0.953]
 5    Silicon interface   23.0(20)  23.020  22.585 [  21.00   25.02] [  19.04   27.07]
 6       SiOx interface   3.26(12)   3.260   3.279 [   3.14    3.37] [   3.03    3.48]
 7             SiOx rho  2.541(27)   2.541   2.548 [   2.51    2.57] [   2.49    2.59]
 8       SiOx thickness  153.7(25)  153.79  153.00 [  151.3   156.2] [  148.4   158.4]
 9  Permalloy interface   9.57(17)   9.570   9.604 [   9.40    9.74] [   9.18    9.89]
10       Permalloy rhoM  1.651(11)  1.6524  1.6417 [  1.639   1.662] [  1.629   1.676]
11        Permalloy rho  8.835(15)  8.8350  8.8288 [  8.819   8.849] [  8.807   8.863]
12  Permalloy thickness 108.19(15) 108.194 108.184 [ 108.03  108.35] [ 107.90  108.49]
13   Platinum interface   0.15(13)   0.121   0.093 [   0.03    0.28] [   0.00    0.49]
14         Platinum rho  6.517(20)  6.5174  6.4998 [  6.496   6.537] [  6.477   6.557]
15   Platinum thickness  48.09(19)  48.087  48.104 [  47.90   48.28] [  47.74   48.44]
16       WRL1 thickness  33.50(32)  33.514  33.449 [  33.18   33.81] [  32.91   34.12]
17       NRL1 thickness  15.04(83)  15.013  15.142 [  14.20   15.89] [  13.54   16.80]
18       WRL2 thickness   11.7(25)  11.654  11.519 [   9.18   14.21] [   7.15   16.75]
19       NRL2 thickness   23.8(56)   23.46   28.51 [   18.7    29.2] [   11.6    35.5]
20       Grad thickness   37.0(24)  37.466  33.722 [  34.66   39.35] [  30.90   39.90]
21 Bulk Nafion interface  12.73(16)  12.731  12.871 [  12.56   12.88] [  12.40   13.06]
22      Bulk Nafion rho  3.280(17)  3.2796  3.2810 [  3.263   3.296] [  3.248   3.311]
23 Bulk Nafion thickness  204.9(37)  205.26  203.39 [  201.7   208.3] [  196.1   211.6]
24            WRL1_NRL1  24(17)e-3  0.0207  0.0284 [  0.007   0.041] [  0.001   0.067]
25 Nafion Fraction-WRL1 0.8561(39)  0.8561  0.8531 [  0.852   0.860] [  0.848   0.863]
26            NRL1:WRL2  34(31)e-3   0.024   0.010 [   0.01    0.06] [   0.00    0.11]
27 Nafion Fraction-NRL1 0.7012(11) 0.70086 0.70047 [ 0.7003  0.7021] [ 0.7000  0.7043]
28            WRL2:NRL2   0.31(15)   0.323   0.212 [   0.12    0.48] [   0.02    0.54]
29 Nafion Fraction-WRL2  0.824(14)  0.8219  0.8201 [  0.810   0.837] [  0.801   0.858]
30            NRL2:Grad  0.505(51)   0.522   0.510 [   0.47    0.54] [   0.36    0.55]
31 Nafion Fraction-NRL2 0.7655(64)  0.7659  0.7705 [  0.760   0.772] [  0.751   0.776]
32          Grad:Nafion  0.534(16)  0.5394  0.5471 [  0.523   0.547] [  0.485   0.549]
33 Nafion Fraction-Gradient 0.7646(49)  0.7645  0.7636 [  0.760   0.769] [  0.755   0.775]
