.probe
  .Aguide = Aguide R1H92 = 270
  .H = H R1H92 = 0
  .mm
    .back_absorption = back_absorption R1H92 = 1
    .background = Background MM = 4.58241e-07 in [0,0.0001]
    .intensity = intensity R1H92 = 0.995428 in [0.9,1.1]
    .sample_broadening = sample_broadening R1H92 = 0
    .theta_offset = theta_offset R1H92 = 0
  .mp = None
  .pm = None
  .pp
    .back_absorption = back_absorption R1H92 = 1
    .background = Background PP = 1.39887e-07 in [0,0.0001]
    .intensity = intensity R1H92 = 0.948662 in [0.9,1.1]
    .sample_broadening = sample_broadening R1H92 = 0
    .theta_offset = theta_offset R1H92 = 0
.sample
  .layers
    [0]
      .interface = Silicon interface = 22.5847 in [10,100]
      .material
        .irho = Silicon irho = 0
        .rho = Silicon rho = 2.071
      .thickness = Silicon thickness = 5000
    [1]
      .interface = SiOx interface = 3.27886 in [0,20]
      .material
        .irho = SiOx irho = 0
        .rho = SiOx rho = 2.54817 in [0.7,5]
      .thickness = SiOx thickness = 152.995 in [25,200]
    [2]
      .interface = Permalloy interface = 9.60387 in [0,20]
      .magnetism
        .dead_above = Permalloy deadM above = 0
        .dead_below = Permalloy deadM below = 0
        .interface_above = None
        .interface_below = None
        .rhoM = Permalloy rhoM = 1.64171 in [0.942,2.942]
        .thetaM = Permalloy thetaM = 270
      .material
        .irho = Permalloy irho = 0
        .rho = Permalloy rho = 8.82883 in [8.239,10.239]
      .thickness = Permalloy thickness = 108.184 in [98,115]
    [3]
      .interface = Platinum interface = 0.0928869 in [0,10]
      .material
        .irho = Platinum irho = 0
        .rho = Platinum rho = 6.49984 in [5.349,7.349]
      .thickness = Platinum thickness = 48.104 in [30,70]
    [4]
      .interface = (WRL1_NRL1 * (((WRL1 thickness ** -4.0) + (NRL1 thickness ** -4.0)) ** -0.25)) = 0.425969
      .material
        .irho = WRL1 irho = 0
        .rho = ((4.7169 * Nafion Fraction-WRL1) + -0.5599) = 3.46406
      .thickness = WRL1 thickness = 33.4485 in [4,40]
    [5]
      .interface = (NRL1:WRL2 * (((NRL1 thickness ** -4.0) + (WRL2 thickness ** -4.0)) ** -0.25)) = 0.110115
      .material
        .irho = NRL1 irho = 0
        .rho = ((4.7169 * Nafion Fraction-NRL1) + -0.5599) = 2.74413
      .thickness = NRL1 thickness = 15.1417 in [4,40]
    [6]
      .interface = (WRL2:NRL2 * (((WRL2 thickness ** -4.0) + (NRL2 thickness ** -4.0)) ** -0.25)) = 2.43041
      .material
        .irho = WRL1 irho = 0
        .rho = ((4.7169 * Nafion Fraction-WRL2) + -0.5599) = 3.30831
      .thickness = WRL2 thickness = 11.519 in [4,40]
    [7]
      .interface = (NRL2:Grad * (((NRL2 thickness ** -4.0) + (Grad thickness ** -4.0)) ** -0.25)) = 13.1162
      .material
        .irho = NRL2 irho = 0
        .rho = ((4.7169 * Nafion Fraction-NRL2) + -0.5599) = 3.07426
      .thickness = NRL2 thickness = 28.5087 in [4,40]
    [8]
      .interface = (Grad:Nafion * (((Grad thickness ** -4.0) + 6.25e-10) ** -0.25)) = 18.4459
      .material
        .irho = Gradient irho = 0
        .rho = ((4.7169 * Nafion Fraction-Gradient) + -0.5599) = 3.04183
      .thickness = Grad thickness = 33.7218 in [4,40]
    [9]
      .interface = Bulk Nafion interface = 12.8715 in [0,20]
      .material
        .irho = Bulk Nafion irho = 0
        .rho = Bulk Nafion rho = 3.28105 in [2.705,4.705]
      .thickness = Bulk Nafion thickness = 203.385 in [175,400]
    [10]
      .interface = Air interface = 0
      .material
        .irho = Air irho = 0
        .rho = Air rho = 0
      .thickness = Air thickness = 0
  .thickness = stack thickness = 5635.01

[chisq=5.061(56), nllf=1652.3]
