.probe
  .Aguide = Aguide R1_D2OVap = 270
  .H = H R1_D2OVap = 0
  .mm
    .back_absorption = back_absorption R1_D2OVap = 1
    .background = background R1_D2OVap = 0
    .intensity = intensity R1_D2OVap = 0.946169 in [0.01,3]
    .sample_broadening = sample_broadening R1_D2OVap = 0.036218 in [0,0.1]
    .theta_offset = theta_offset R1_D2OVap = 0
  .mp = None
  .pm = None
  .pp
    .back_absorption = back_absorption R1_D2OVap = 1
    .background = background R1_D2OVap = 0
    .intensity = intensity R1_D2OVap = 0.946169 in [0.01,3]
    .sample_broadening = sample_broadening R1_D2OVap = 0.036218 in [0,0.1]
    .theta_offset = theta_offset R1_D2OVap = 0
.sample
  .layers
    [0]
      .interface = Silicon interface = 74.9451 in [30,75]
      .material
        .irho = Silicon irho = 0
        .rho = Silicon rho = 2.148
      .thickness = Silicon thickness = 5000
    [1]
      .interface = SiOx interface = 4.13242 in [0,20]
      .material
        .irho = SiOx irho = 0
        .rho = SiOx rho = 3.00238 in [3,5]
      .thickness = SiOx thickness = 25.0171 in [25,45]
    [2]
      .interface = Permalloy interface = 8.62394 in [0,20]
      .magnetism
        .dead_above = Permalloy deadM above = 0
        .dead_below = Permalloy deadM below = 0
        .interface_above = None
        .interface_below = None
        .rhoM = Permalloy rhoM = 1.86206 in [0.942,2.942]
        .thetaM = Permalloy thetaM = 270
      .material
        .irho = Permalloy irho = 0
        .rho = Permalloy rho = 9.34419 in [8.239,10.239]
      .thickness = Permalloy thickness = 109.465 in [98,115]
    [3]
      .interface = Platinum interface = 5.05614 in [0,10]
      .material
        .irho = Platinum irho = 0
        .rho = Platinum rho = 5.91452 in [5.446,7.446]
      .thickness = Platinum thickness = 47.5942 in [30,70]
    [4]
      .above
        .irho = Air irho = 0
        .rho = Air rho = 0
      .below
        .irho = Platinum irho = 0
        .rho = Platinum rho = 5.91452 in [5.446,7.446]
      .interface = Nafion interface = 0
      .irho
        [0] = Nafion irho[0] = 0
        [1] = Nafion irho[1] = 0
        [2] = Nafion irho[2] = 0
        [3] = Nafion irho[3] = 0
        [4] = Nafion irho[4] = 0
      .rho
        [0] = (((1 - Water fraction 0) * 3.705) + (Water fraction 0 * 6.331)) = 3.70752
        [1] = (((1 - Water fraction 1) * 3.705) + (Water fraction 1 * 6.331)) = 4.28389
        [2] = (((1 - Water fraction 2) * 3.705) + (Water fraction 2 * 6.331)) = 5.17677
        [3] = (((1 - Water fraction 3) * 3.705) + (Water fraction 3 * 6.331)) = 4.53805
        [4] = (((1 - Water fraction 4) * 3.705) + (Water fraction 4 * 6.331)) = 5.32708
      .thickness = Nafion thickness = 342.201 in [200,600]
      .z
        [0] = Nafion z[0] = 0.0143718 in [0,1]
        [1] = Nafion z[1] = 0.205938 in [0,1]
        [2] = Nafion z[2] = 0.587603 in [0,1]
        [3] = Nafion z[3] = 0.746018 in [0,1]
        [4] = Nafion z[4] = 0.910539 in [0,1]
    [5]
      .interface = Air interface = 0
      .material
        .irho = Air irho = 0
        .rho = Air rho = 0
      .thickness = Air thickness = 0
  .thickness = stack thickness = 5524.28

[chisq=5.567(44), nllf=1697.85]
