              Parameter       mean  median    best [   68% interval] [   95% interval]
 1  intensity R1_D2OVap 0.9465(21) 0.94638 0.94617 [ 0.9445  0.9486] [ 0.9423  0.9508]
 2 sample_broadening R1_D2OVap 0.03642(57) 0.03640 0.03622 [ 0.0359  0.0370] [ 0.0353  0.0375]
 3    Silicon interface 74.980(23) 74.9883 74.9451 [ 74.963  74.997] [ 74.916  75.000]
 4       SiOx interface  4.278(75)   4.306   4.132 [   4.20    4.34] [   4.10    4.38]
 5             SiOx rho 3.0022(23) 3.00139 3.00238 [ 3.0004  3.0041] [ 3.0000  3.0089]
 6       SiOx thickness 25.014(18) 25.0076 25.0171 [ 25.002  25.027] [ 25.000  25.069]
 7  Permalloy interface  8.607(72)   8.613   8.624 [   8.55    8.66] [   8.45    8.76]
 8       Permalloy rhoM 1.8682(71)  1.8687  1.8621 [  1.861   1.875] [  1.853   1.881]
 9        Permalloy rho 9.3418(99)  9.3415  9.3442 [  9.332   9.351] [  9.324   9.363]
10  Permalloy thickness 109.524(84) 109.546 109.465 [ 109.45  109.58] [ 109.32  109.65]
11   Platinum interface   5.46(20)   5.522   5.056 [   5.32    5.58] [   4.91    5.70]
12         Platinum rho  5.903(16)  5.9012  5.9145 [  5.889   5.918] [  5.873   5.936]
13   Platinum thickness  47.10(29)  46.978  47.594 [  46.90   47.38] [  46.83   47.86]
14     Nafion thickness 341.76(24) 341.666 342.201 [ 341.57  341.99] [ 341.47  342.42]
15          Nafion z[0] 0.0168(15) 0.01709 0.01437 [ 0.0156  0.0181] [ 0.0130  0.0189]
16          Nafion z[1] 0.2096(40)  0.2099  0.2059 [  0.206   0.213] [  0.201   0.217]
17          Nafion z[2] 0.6038(76)  0.6044  0.5876 [  0.597   0.611] [  0.586   0.618]
18          Nafion z[3] 0.7355(47)  0.7347  0.7460 [  0.731   0.740] [  0.728   0.746]
19          Nafion z[4] 0.9149(21) 0.91566 0.91054 [ 0.9128  0.9166] [ 0.9095  0.9173]
20     Water fraction 0 1.2(12)e-3 0.00084 0.00096 [ 0.0002  0.0023] [ 0.0000  0.0040]
21     Water fraction 1 0.2250(48)  0.2253  0.2204 [  0.220   0.229] [  0.216   0.234]
22     Water fraction 2 0.5591(60)  0.5588  0.5605 [  0.553   0.565] [  0.547   0.571]
23     Water fraction 3 0.3101(73)  0.3098  0.3172 [  0.304   0.317] [  0.296   0.326]
24     Water fraction 4 0.6032(76)  0.6024  0.6177 [  0.596   0.611] [  0.591   0.620]
