.probe
  .back_absorption = back_absorption R1XRR = 1
  .background = background R1XRR = 0
  .intensity = intensity R1XRR = 1.04997 in [0.95,1.05]
  .sample_broadening = sample_broadening R1XRR = 0
  .theta_offset = theta_offset R1XRR = 0
.sample
  .layers
    [0]
      .interface = Silicon interface = 16.8843 in [8.65,28.65]
      .material
        .irho = Silicon irho = 0.100019 in [-0.542,1.458]
        .rho = Silicon rho = 20.0687 in [19.07,21.07]
      .thickness = Silicon thickness = 4.27814 in [0,100]
    [1]
      .interface = SiOx interface = 2.7317 in [0,13.224]
      .material
        .irho = SiOx irho = 5.871 in [5.871,7.871]
        .rho = SiOx rho = 34.47 in [32.94,34.94]
      .thickness = SiOx thickness = 33.5932 in [0,140.55]
    [2]
      .interface = Interface interface = 3.50373 in [0,15]
      .material
        .irho = Interface irho = 3.23766 in [2.45,4.45]
        .rho = Interface rho = 49.1675 in [49,51]
      .thickness = Interface thickness = 1.04899 in [0,110]
    [3]
      .interface = Permalloy interface = 6.71972 in [0,16.751]
      .material
        .irho = Permalloy irho = 0.291246 in [-1,1]
        .rho = Permalloy rho = 66.5022 in [65.49,67.49]
      .thickness = Permalloy thickness = 107.45 in [8,208]
    [4]
      .interface = Platinum interface = 3.66279 in [0,13.657]
      .material
        .irho = Platinum irho = 8.32024 in [6.451,8.451]
        .rho = Platinum rho = 133.443 in [132.9,134.9]
      .thickness = Platinum thickness = 49.4949 in [0,149.49]
    [5]
      .interface = Air interface = 0
      .material
        .irho = Air irho = 0.042295 in [-1,1]
        .rho = Air rho = 0.529886 in [-1,1]
      .thickness = Air thickness = 10.5848 in [0,100]
  .thickness = stack thickness = 206.45

[chisq=28.064(77), nllf=4897.21]
