.probe
  .Aguide = Aguide R1_Ar = 270
  .H = H R1_Ar = 0
  .mm
    .back_absorption = back_absorption R1_Ar = 1
    .background = background R1_Ar = 0
    .intensity = intensity R1_Ar = 0.972793 in [0.01,3]
    .sample_broadening = sample_broadening R1_Ar = 0.021009 in [0,0.1]
    .theta_offset = theta_offset R1_Ar = 0
  .mp = None
  .pm = None
  .pp
    .back_absorption = back_absorption R1_Ar = 1
    .background = background R1_Ar = 0
    .intensity = intensity R1_Ar = 0.972793 in [0.01,3]
    .sample_broadening = sample_broadening R1_Ar = 0.021009 in [0,0.1]
    .theta_offset = theta_offset R1_Ar = 0
.sample
  .layers
    [0]
      .interface = Silicon interface = 51.9011 in [30,75]
      .material
        .irho = Silicon irho = 0
        .rho = Silicon rho = 2.148
      .thickness = Silicon thickness = 5000
    [1]
      .interface = SiOx interface = 3.56553 in [0,20]
      .material
        .irho = SiOx irho = 0
        .rho = SiOx rho = 3.00672 in [3,5]
      .thickness = SiOx thickness = 29.0699 in [25,45]
    [2]
      .interface = Permalloy interface = 12.0474 in [0,20]
      .magnetism
        .dead_above = Permalloy deadM above = 0
        .dead_below = Permalloy deadM below = 0
        .interface_above = None
        .interface_below = None
        .rhoM = Permalloy rhoM = 1.87209 in [0.942,2.942]
        .thetaM = Permalloy thetaM = 270
      .material
        .irho = Permalloy irho = 0
        .rho = Permalloy rho = 9.4297 in [8.239,10.239]
      .thickness = Permalloy thickness = 105.475 in [98,115]
    [3]
      .interface = Platinum interface = 0.592612 in [0,10]
      .material
        .irho = Platinum irho = 0
        .rho = Platinum rho = 6.45778 in [5.446,7.446]
      .thickness = Platinum thickness = 46.4007 in [30,70]
    [4]
      .above
        .irho = Air irho = 0
        .rho = Air rho = 0
      .below
        .irho = Platinum irho = 0
        .rho = Platinum rho = 6.45778 in [5.446,7.446]
      .interface = Nafion interface = 0
      .irho
        [0] = Nafion irho[0] = 0
        [1] = Nafion irho[1] = 0
        [2] = Nafion irho[2] = 0
        [3] = Nafion irho[3] = 0
        [4] = Nafion irho[4] = 0
        [5] = Nafion irho[5] = 0
        [6] = Nafion irho[6] = 0
      .rho
        [0] = (((1 - Water fraction 0) * 3.705) + (Water fraction 0 * -0.5609)) = 3.21487
        [1] = (((1 - Water fraction 1) * 3.705) + (Water fraction 1 * -0.5609)) = 3.1901
        [2] = (((1 - Water fraction 2) * 3.705) + (Water fraction 2 * -0.5609)) = 3.68499
        [3] = (((1 - Water fraction 3) * 3.705) + (Water fraction 3 * -0.5609)) = 3.67997
        [4] = (((1 - Water fraction 4) * 3.705) + (Water fraction 4 * -0.5609)) = 2.79757
        [5] = (((1 - Water fraction 5) * 3.705) + (Water fraction 5 * -0.5609)) = 3.23442
        [6] = (((1 - Water fraction 6) * 3.705) + (Water fraction 6 * -0.5609)) = 2.44861
      .thickness = Nafion thickness = 295.026 in [200,600]
      .z
        [0] = Nafion z[0] = 0.038957 in [0,1]
        [1] = Nafion z[1] = 0.132868 in [0,1]
        [2] = Nafion z[2] = 0.282241 in [0,1]
        [3] = Nafion z[3] = 0.951 in [0,1]
        [4] = Nafion z[4] = 0.986434 in [0,1]
        [5] = Nafion z[5] = 0.996915 in [0,1]
        [6] = Nafion z[6] = 0.987823 in [0,1]
    [5]
      .interface = Air interface = 0
      .material
        .irho = Air irho = 0
        .rho = Air rho = 0
      .thickness = Air thickness = 0
  .thickness = stack thickness = 5475.97

[chisq=9.352(47), nllf=3100.06]
