              Parameter       mean  median    best [   68% interval] [   95% interval]
 1      intensity R1_Ar  0.979(14)  0.9798  0.9728 [  0.966   0.992] [  0.945   1.003]
 2 sample_broadening R1_Ar 0.0160(95)  0.0150  0.0210 [  0.006   0.026] [  0.001   0.036]
 3    Silicon interface  52.29(29)  52.313  51.901 [  52.13   52.45] [  51.66   52.80]
 4       SiOx interface   3.17(15)   3.172   3.566 [   3.06    3.27] [   2.86    3.56]
 5             SiOx rho  3.039(33)   3.033   3.007 [   3.01    3.07] [   3.00    3.14]
 6       SiOx thickness  29.08(17)  29.081  29.070 [  28.99   29.17] [  28.70   29.47]
 7  Permalloy interface  12.04(11)  12.047  12.047 [  11.98   12.10] [  11.82   12.24]
 8       Permalloy rhoM  1.886(60)   1.886   1.872 [   1.82    1.95] [   1.78    2.00]
 9        Permalloy rho  9.381(69)   9.369   9.430 [   9.32    9.45] [   9.28    9.53]
10  Permalloy thickness 105.10(25) 105.072 105.475 [ 104.94  105.27] [ 104.64  105.79]
11   Platinum interface   1.05(20)   1.057   0.593 [   0.93    1.17] [   0.60    1.55]
12         Platinum rho  6.243(91)   6.224   6.458 [   6.17    6.33] [   6.10    6.47]
13   Platinum thickness  46.23(21)  46.217  46.401 [  46.13   46.34] [  45.84   46.75]
14     Nafion thickness 294.60(64) 294.528 295.026 [ 294.17  295.00] [ 293.46  296.12]
15          Nafion z[0] 0.0439(67)  0.0438  0.0390 [  0.038   0.049] [  0.031   0.060]
16          Nafion z[1]  94(38)e-3   0.087   0.133 [   0.06    0.12] [   0.04    0.19]
17          Nafion z[2]  0.305(41)   0.302   0.282 [   0.27    0.34] [   0.24    0.38]
18          Nafion z[3]  0.918(33)   0.920   0.951 [   0.89    0.94] [   0.84    0.98]
19          Nafion z[4]  0.980(16)  0.9835  0.9864 [  0.965   0.996] [  0.942   0.999]
20          Nafion z[5]  0.981(16)  0.9864  0.9969 [  0.963   0.996] [  0.942   0.999]
21          Nafion z[6]  0.979(20)  0.9841  0.9878 [  0.962   0.994] [  0.932   0.999]
22     Water fraction 0  0.241(57)   0.250   0.115 [   0.18    0.29] [   0.10    0.33]
23     Water fraction 1  0.214(46)   0.216   0.121 [   0.17    0.26] [   0.13    0.29]
24     Water fraction 2 3.5(37)e-3  0.0026  0.0047 [  0.001   0.006] [  0.000   0.013]
25     Water fraction 3  33(27)e-3  0.0268  0.0059 [  0.006   0.064] [  0.001   0.092]
26     Water fraction 4  0.203(68)   0.206   0.213 [   0.14    0.26] [   0.06    0.35]
27     Water fraction 5   0.24(11)   0.224   0.110 [   0.12    0.33] [   0.03    0.47]
28     Water fraction 6  0.336(79)   0.334   0.295 [   0.28    0.38] [   0.16    0.52]
