              Parameter       mean  median    best [   68% interval] [   95% interval]
 1 background R1_D2OVap  17(14)e-9 0.0000000135 0.0000000072 [0.000000005 0.000000031] [0.000000001 0.000000051]
 2  intensity R1_D2OVap 0.9713(25) 0.97116 0.97240 [ 0.9688  0.9738] [ 0.9665  0.9763]
 3 background R1_D2OVap 216(34)e-9 0.000000215 0.000000213 [0.00000018 0.00000025] [0.00000015 0.00000028]
 4  intensity R1_D2OVap 0.9639(24) 0.96384 0.96309 [ 0.9616  0.9663] [ 0.9593  0.9688]
 5    Silicon interface   47.8(15)  48.041  49.157 [  46.15   49.39] [  44.19   49.90]
 6       SiOx interface  6.108(75)   6.107   6.116 [   6.03    6.19] [   5.96    6.26]
 7             SiOx rho  0.802(34)   0.801   0.795 [   0.77    0.83] [   0.74    0.87]
 8       SiOx thickness   82.5(28)   82.49   82.62 [   79.8    85.4] [   76.9    88.0]
 9  Permalloy interface   7.21(18)   7.209   7.205 [   7.02    7.39] [   6.84    7.55]
10       Permalloy rhoM 1.9097(76)  1.9102  1.9156 [  1.902   1.917] [  1.894   1.924]
11        Permalloy rho  8.867(18)  8.8675  8.8704 [  8.848   8.885] [  8.829   8.901]
12  Permalloy thickness 109.09(11) 109.086 109.100 [ 108.97  109.20] [ 108.87  109.30]
13   Platinum interface   0.34(25)   0.287   0.233 [   0.09    0.59] [   0.02    0.94]
14         Platinum rho  6.322(26)   6.323   6.325 [   6.30    6.35] [   6.27    6.37]
15   Platinum thickness  50.96(13)  50.966  50.858 [  50.83   51.10] [  50.70   51.23]
16      Water interface   47.6(19)  48.042  46.762 [  45.68   49.48] [  43.19   49.92]
17            Water rho  3.793(42)   3.793   3.801 [   3.75    3.83] [   3.71    3.87]
18      Water thickness   44.8(44)   44.97   45.20 [   40.4    49.2] [   36.0    53.5]
19     Nafion interface   7.69(14)   7.687   7.649 [   7.55    7.84] [   7.42    7.96]
20           Nafion rho 4.4752(98)  4.4750  4.4751 [  4.465   4.485] [  4.457   4.495]
21     Nafion thickness  277.6(44)  277.46  277.30 [  273.2   282.0] [  269.0   286.2]
