              Parameter       mean  median    best [   68% interval] [   95% interval]
 1     background R1H92 372(51)e-9 0.000000373 0.000000359 [0.00000032 0.00000042] [0.00000027 0.00000047]
 2      intensity R1H92 1.0074(50)  1.0072  1.0071 [  1.003   1.012] [  0.998   1.018]
 3     background R1H92  18(14)e-9 0.0000000148 0.0000000070 [0.000000004 0.000000032] [0.000000001 0.000000056]
 4      intensity R1H92 0.9605(43)  0.9604  0.9625 [  0.957   0.964] [  0.952   0.969]
 5    Silicon interface   0.56(38)   0.480   0.252 [   0.19    0.94] [   0.03    1.44]
 6       SiOx interface   2.44(15)   2.454   2.423 [   2.30    2.58] [   2.13    2.70]
 7             SiOx rho  2.501(30)   2.497   2.500 [   2.47    2.53] [   2.45    2.57]
 8       SiOx thickness  29.01(45)  29.030  28.927 [  28.58   29.43] [  28.05   29.80]
 9  Permalloy interface   9.70(23)   9.689   9.636 [   9.48    9.91] [   9.30   10.20]
10       Permalloy rhoM  1.627(15)  1.6264  1.6222 [  1.614   1.640] [  1.599   1.658]
11        Permalloy rho  8.742(15)  8.7421  8.7387 [  8.728   8.756] [  8.712   8.773]
12  Permalloy thickness 107.83(18) 107.843 107.806 [ 107.68  108.00] [ 107.43  108.16]
13   Platinum interface   8.60(38)   8.641   8.739 [   8.42    8.81] [   8.05    9.03]
14         Platinum rho  6.348(26)   6.350   6.356 [   6.32    6.37] [   6.29    6.39]
15   Platinum thickness  57.24(56)  57.284  57.425 [  57.02   57.53] [  56.51   57.75]
16      Water interface   2.17(47)   2.238   2.288 [   1.79    2.58] [   0.95    2.87]
17            Water rho  -0.80(31)  -0.861  -0.914 [  -0.97   -0.65] [  -0.99   -0.30]
18      Water thickness   5.43(22)   5.404   5.382 [   5.26    5.62] [   5.13    5.95]
19     Nafion interface  12.31(22)  12.325  12.377 [  12.11   12.50] [  11.86   12.74]
20           Nafion rho  3.222(13)  3.2216  3.2210 [  3.210   3.235] [  3.198   3.251]
21     Nafion thickness 310.79(64) 310.754 310.655 [ 310.45  311.05] [ 310.16  311.53]
