.probe
  .Aguide = Aguide R1_Ar = 270
  .H = H R1_Ar = 0
  .mm
    .back_absorption = back_absorption R1_Ar = 1
    .background = Background MM = 9.51516e-08 in [0,0.0001]
    .intensity = intensity R1_Ar = 0.97617 in [0.9,1.1]
    .sample_broadening = sample_broadening R1_Ar = 0
    .theta_offset = theta_offset R1_Ar = 0
  .mp = None
  .pm = None
  .pp
    .back_absorption = back_absorption R1_Ar = 1
    .background = Background PP = 1.07108e-07 in [0,0.0001]
    .intensity = intensity R1_Ar = 0.964566 in [0.9,1.1]
    .sample_broadening = sample_broadening R1_Ar = 0
    .theta_offset = theta_offset R1_Ar = 0
.sample
  .layers
    [0]
      .interface = Silicon interface = 32.2784 in [10,100]
      .material
        .irho = Silicon irho = 0
        .rho = Silicon rho = 2.071
      .thickness = Silicon thickness = 5000
    [1]
      .interface = SiOx interface = 5.75959 in [0,20]
      .material
        .irho = SiOx irho = 0
        .rho = SiOx rho = 1.066 in [0.7,5]
      .thickness = SiOx thickness = 89.655 in [25,200]
    [2]
      .interface = Permalloy interface = 7.44998 in [0,20]
      .magnetism
        .dead_above = Permalloy deadM above = 0
        .dead_below = Permalloy deadM below = 0
        .interface_above = None
        .interface_below = None
        .rhoM = Permalloy rhoM = 1.91626 in [0.942,2.942]
        .thetaM = Permalloy thetaM = 270
      .material
        .irho = Permalloy irho = 0
        .rho = Permalloy rho = 9.00659 in [8.239,10.239]
      .thickness = Permalloy thickness = 109.033 in [98,115]
    [3]
      .interface = Platinum interface = 0.494869 in [0,10]
      .material
        .irho = Platinum irho = 0
        .rho = Platinum rho = 6.49293 in [5.349,7.349]
      .thickness = Platinum thickness = 51.012 in [30,70]
    [4]
      .interface = (WRL1:NRL1 * (((WRL1 thickness ** -4.0) + (NRL1 thickness ** -4.0)) ** -0.25)) = 3.03418
      .material
        .irho = WRL1 irho = 0
        .rho = WRL1 rho = 2.41519 in [0,4.5]
      .thickness = WRL1 thickness = 10.0623 in [4,40]
    [5]
      .interface = (NRL1:WRL2 * (((NRL1 thickness ** -4.0) + (WRL2 thickness ** -4.0)) ** -0.25)) = 1.68867
      .material
        .irho = NRL1 irho = 0
        .rho = NRL1 rho = 3.96306 in [0,4.5]
      .thickness = NRL1 thickness = 19.9794 in [4,40]
    [6]
      .interface = (WRL2:Grad * (((WRL2 thickness ** -4.0) + (Grad thickness ** -4.0)) ** -0.25)) = 0.888491
      .material
        .irho = WRL2 irho = 0
        .rho = WRL2 rho = 2.71124 in [0,4.5]
      .thickness = WRL2 thickness = 5.02402 in [4,40]
    [7]
      .interface = (Grad:Nafion * (((Grad thickness ** -4.0) + 6.25e-10) ** -0.25)) = 53.5334
      .material
        .irho = Gradient irho = 0
        .rho = Gradient rho = 3.69969 in [0,4.5]
      .thickness = Grad thickness = 109.165 in [4,400]
    [8]
      .interface = Bulk Nafion interface = 9.56953 in [0,20]
      .material
        .irho = Bulk Nafion irho = 0
        .rho = Bulk Nafion rho = 4.11323 in [2.705,4.705]
      .thickness = Bulk Nafion thickness = 139.312 in [75,400]
    [9]
      .interface = Air interface = 0
      .material
        .irho = Air irho = 0
        .rho = Air rho = 0
      .thickness = Air thickness = 0
  .thickness = stack thickness = 5533.24

[chisq=2.044(50), nllf=675.636]
              Parameter       mean  median    best [   68% interval] [   95% interval]
 1        Background MM  85(45)e-9 0.000000084 0.000000095 [0.00000003 0.00000013] [0.00000001 0.00000018]
 2      intensity R1_Ar 0.9761(36)  0.9759  0.9762 [  0.972   0.980] [  0.969   0.983]
 3        Background PP  87(47)e-9 0.000000085 0.000000107 [0.00000003 0.00000014] [0.00000001 0.00000018]
 4      intensity R1_Ar 0.9633(28)  0.9633  0.9646 [  0.961   0.966] [  0.958   0.969]
 5    Silicon interface   32.6(21)  32.507  32.278 [  30.47   34.77] [  28.86   37.15]
 6       SiOx interface   5.73(10)   5.724   5.760 [   5.63    5.83] [   5.53    5.93]
 7             SiOx rho  1.057(41)   1.057   1.066 [   1.02    1.09] [   0.98    1.13]
 8       SiOx thickness   90.9(26)   90.88   89.66 [   88.4    93.5] [   85.8    96.3]
 9  Permalloy interface   7.38(23)   7.385   7.450 [   7.14    7.61] [   6.91    7.82]
10       Permalloy rhoM  1.921(12)  1.9206  1.9163 [  1.909   1.933] [  1.899   1.943]
11        Permalloy rho  8.997(21)  8.9983  9.0066 [  8.976   9.018] [  8.953   9.037]
12  Permalloy thickness 109.08(15) 109.082 109.033 [ 108.93  109.21] [ 108.77  109.35]
13   Platinum interface   0.70(50)   0.592   0.495 [   0.18    1.26] [   0.04    1.88]
14         Platinum rho  6.500(24)  6.4991  6.4929 [  6.476   6.522] [  6.456   6.546]
15   Platinum thickness  51.04(37)  51.020  51.012 [  50.67   51.40] [  50.35   51.80]
16             WRL1 rho   2.28(32)   2.324   2.415 [   1.93    2.58] [   1.59    2.79]
17       WRL1 thickness    9.9(18)   9.856  10.062 [   8.08   11.69] [   6.92   13.83]
18             NRL1 rho   4.01(12)   3.970   3.963 [   3.91    4.11] [   3.87    4.36]
19       NRL1 thickness   19.5(24)  19.916  19.979 [  17.09   21.87] [  13.76   23.16]
20             WRL2 rho   2.85(22)   2.860   2.711 [   2.61    3.08] [   2.42    3.22]
21       WRL2 thickness    6.4(19)   5.969   5.024 [   4.58    8.46] [   4.06   11.15]
22         Gradient rho  3.709(17)  3.7087  3.6997 [  3.692   3.726] [  3.677   3.742]
23       Grad thickness    120(13)  117.38  109.16 [  107.5   132.7] [   97.8   150.4]
24 Bulk Nafion interface   9.78(26)   9.766   9.570 [   9.51   10.03] [   9.31   10.32]
25      Bulk Nafion rho  4.164(47)   4.157   4.113 [   4.12    4.21] [   4.09    4.27]
26 Bulk Nafion thickness    128(13)  130.15  139.31 [  115.1   140.3] [   96.8   150.0]
27            WRL1:NRL1   0.34(15)   0.366   0.306 [   0.17    0.50] [   0.05    0.54]
28            NRL1:WRL2   0.29(15)   0.301   0.336 [   0.10    0.47] [   0.02    0.54]
29            WRL2:Grad   0.20(14)   0.178   0.177 [   0.05    0.35] [   0.01    0.49]
30          Grad:Nafion  0.509(36)   0.517   0.501 [   0.48    0.54] [   0.41    0.55]
