              Parameter       mean  median    best [   68% interval] [   95% interval]
 1  intensity R1_D2OVap 0.9478(58)  0.9482  0.9482 [  0.942   0.953] [  0.936   0.959]
 2 sample_broadening R1_D2OVap 0.0369(21) 0.03694 0.03809 [ 0.0348  0.0389] [ 0.0332  0.0410]
 3    Silicon interface  37.76(21)  37.784  37.737 [  37.64   37.85] [  37.27   38.13]
 4       SiOx interface   3.51(25)   3.400   4.226 [   3.32    3.78] [   3.28    4.15]
 5             SiOx rho  3.056(42)   3.045   3.026 [   3.01    3.11] [   3.00    3.15]
 6       SiOx thickness 25.027(28) 25.0183 25.0726 [ 25.004  25.054] [ 25.001  25.097]
 7  Permalloy interface   8.09(22)   8.042   7.909 [   7.97    8.23] [   7.66    8.69]
 8       Permalloy rhoM  1.852(27)  1.8488  1.8364 [  1.824   1.882] [  1.811   1.909]
 9        Permalloy rho  9.257(34)   9.258   9.241 [   9.22    9.29] [   9.18    9.31]
10  Permalloy thickness 107.97(33) 107.844 108.251 [ 107.73  108.29] [ 107.62  108.91]
11   Platinum interface  0.153(82)   0.152   0.311 [   0.09    0.20] [   0.02    0.35]
12         Platinum rho  5.852(44)   5.843   5.792 [   5.81    5.90] [   5.78    5.95]
13   Platinum thickness  46.61(14)  46.608  46.661 [  46.54   46.70] [  46.26   46.89]
14     Nafion thickness 344.66(21) 344.658 344.230 [ 344.52  344.80] [ 344.25  345.16]
15          Nafion z[0] 0.0266(29)  0.0268  0.0250 [  0.024   0.029] [  0.020   0.031]
16          Nafion z[1]  0.204(15)  0.2037  0.2104 [  0.190   0.217] [  0.180   0.238]
17          Nafion z[2]  0.593(38)   0.598   0.567 [   0.55    0.63] [   0.51    0.65]
18          Nafion z[3]  0.722(14)  0.7206  0.7184 [  0.709   0.736] [  0.699   0.754]
19          Nafion z[4]  0.610(26)   0.617   0.635 [   0.58    0.63] [   0.54    0.65]
20          Nafion z[5] 0.9091(21) 0.90923 0.90963 [ 0.9075  0.9109] [ 0.9040  0.9129]
21     Water fraction 0 5.2(46)e-3  0.0038  0.0047 [  0.001   0.010] [  0.000   0.018]
22     Water fraction 1  0.232(14)  0.2297  0.2418 [  0.219   0.245] [  0.208   0.264]
23     Water fraction 2  0.571(17)  0.5743  0.5646 [  0.556   0.588] [  0.531   0.595]
24     Water fraction 3  0.582(21)  0.5848  0.5898 [  0.564   0.599] [  0.535   0.618]
25     Water fraction 4  0.298(36)   0.297   0.284 [   0.26    0.33] [   0.23    0.37]
26     Water fraction 5  0.607(29)   0.606   0.618 [   0.58    0.64] [   0.56    0.66]
