.probe
  .Aguide = Aguide R1_D2OVap = 270
  .H = H R1_D2OVap = 0
  .mm
    .back_absorption = back_absorption R1_D2OVap = 1
    .background = background R1_D2OVap = 0
    .intensity = intensity R1_D2OVap = 0.948249 in [0.01,3]
    .sample_broadening = sample_broadening R1_D2OVap = 0.038094 in [0,0.1]
    .theta_offset = theta_offset R1_D2OVap = 0
  .mp = None
  .pm = None
  .pp
    .back_absorption = back_absorption R1_D2OVap = 1
    .background = background R1_D2OVap = 0
    .intensity = intensity R1_D2OVap = 0.948249 in [0.01,3]
    .sample_broadening = sample_broadening R1_D2OVap = 0.038094 in [0,0.1]
    .theta_offset = theta_offset R1_D2OVap = 0
.sample
  .layers
    [0]
      .interface = Silicon interface = 37.737 in [30,75]
      .material
        .irho = Silicon irho = 0
        .rho = Silicon rho = 2.148
      .thickness = Silicon thickness = 5000
    [1]
      .interface = SiOx interface = 4.22599 in [0,20]
      .material
        .irho = SiOx irho = 0
        .rho = SiOx rho = 3.02556 in [3,5]
      .thickness = SiOx thickness = 25.0726 in [25,45]
    [2]
      .interface = Permalloy interface = 7.90939 in [0,20]
      .magnetism
        .dead_above = Permalloy deadM above = 0
        .dead_below = Permalloy deadM below = 0
        .interface_above = None
        .interface_below = None
        .rhoM = Permalloy rhoM = 1.83643 in [0.942,2.942]
        .thetaM = Permalloy thetaM = 270
      .material
        .irho = Permalloy irho = 0
        .rho = Permalloy rho = 9.24127 in [8.239,10.239]
      .thickness = Permalloy thickness = 108.251 in [98,115]
    [3]
      .interface = Platinum interface = 0.311292 in [0,10]
      .material
        .irho = Platinum irho = 0
        .rho = Platinum rho = 5.79216 in [5.446,7.446]
      .thickness = Platinum thickness = 46.6608 in [30,70]
    [4]
      .above
        .irho = Air irho = 0
        .rho = Air rho = 0
      .below
        .irho = Platinum irho = 0
        .rho = Platinum rho = 5.79216 in [5.446,7.446]
      .interface = Nafion interface = 0
      .irho
        [0] = Nafion irho[0] = 0
        [1] = Nafion irho[1] = 0
        [2] = Nafion irho[2] = 0
        [3] = Nafion irho[3] = 0
        [4] = Nafion irho[4] = 0
        [5] = Nafion irho[5] = 0
      .rho
        [0] = (((1 - Water fraction 0) * 3.705) + (Water fraction 0 * 6.331)) = 3.71743
        [1] = (((1 - Water fraction 1) * 3.705) + (Water fraction 1 * 6.331)) = 4.33993
        [2] = (((1 - Water fraction 2) * 3.705) + (Water fraction 2 * 6.331)) = 5.1877
        [3] = (((1 - Water fraction 3) * 3.705) + (Water fraction 3 * 6.331)) = 5.25373
        [4] = (((1 - Water fraction 4) * 3.705) + (Water fraction 4 * 6.331)) = 4.45128
        [5] = (((1 - Water fraction 5) * 3.705) + (Water fraction 5 * 6.331)) = 5.32865
      .thickness = Nafion thickness = 344.23 in [200,600]
      .z
        [0] = Nafion z[0] = 0.024999 in [0,1]
        [1] = Nafion z[1] = 0.210354 in [0,1]
        [2] = Nafion z[2] = 0.567299 in [0,1]
        [3] = Nafion z[3] = 0.718404 in [0,1]
        [4] = Nafion z[4] = 0.634644 in [0,1]
        [5] = Nafion z[5] = 0.909632 in [0,1]
    [5]
      .interface = Air interface = 0
      .material
        .irho = Air irho = 0
        .rho = Air rho = 0
      .thickness = Air thickness = 0
  .thickness = stack thickness = 5524.21

[chisq=6.158(47), nllf=1872.01]
