.probe
  .Aguide = Aguide R1_D2OVap = 270
  .H = H R1_D2OVap = 0
  .mm
    .back_absorption = back_absorption R1_D2OVap = 1
    .background = background R1_D2OVap = 0
    .intensity = intensity R1_D2OVap = 0.95216 in [0.01,3]
    .sample_broadening = sample_broadening R1_D2OVap = 0.0332229 in [0,0.1]
    .theta_offset = theta_offset R1_D2OVap = 0
  .mp = None
  .pm = None
  .pp
    .back_absorption = back_absorption R1_D2OVap = 1
    .background = background R1_D2OVap = 0
    .intensity = intensity R1_D2OVap = 0.95216 in [0.01,3]
    .sample_broadening = sample_broadening R1_D2OVap = 0.0332229 in [0,0.1]
    .theta_offset = theta_offset R1_D2OVap = 0
.sample
  .layers
    [0]
      .interface = Silicon interface = 60.2855 in [30,75]
      .material
        .irho = Silicon irho = 0
        .rho = Silicon rho = 2.148
      .thickness = Silicon thickness = 5000
    [1]
      .interface = SiOx interface = 5.25126 in [0,20]
      .material
        .irho = SiOx irho = 0
        .rho = SiOx rho = 3.03518 in [3,5]
      .thickness = SiOx thickness = 27.2647 in [25,45]
    [2]
      .interface = Permalloy interface = 6.84194 in [0,20]
      .magnetism
        .dead_above = Permalloy deadM above = 0
        .dead_below = Permalloy deadM below = 0
        .interface_above = None
        .interface_below = None
        .rhoM = Permalloy rhoM = 1.8543 in [0.942,2.942]
        .thetaM = Permalloy thetaM = 270
      .material
        .irho = Permalloy irho = 0
        .rho = Permalloy rho = 9.34484 in [8.239,10.239]
      .thickness = Permalloy thickness = 108.297 in [98,115]
    [3]
      .interface = Platinum interface = 1.20987 in [0,10]
      .material
        .irho = Platinum irho = 0
        .rho = Platinum rho = 5.89975 in [5.446,7.446]
      .thickness = Platinum thickness = 49.26 in [30,70]
    [4]
      .above
        .irho = Air irho = 0
        .rho = Air rho = 0
      .below
        .irho = Platinum irho = 0
        .rho = Platinum rho = 5.89975 in [5.446,7.446]
      .interface = Nafion interface = 0
      .irho
        [0] = Nafion irho[0] = 0
        [1] = Nafion irho[1] = 0
        [2] = Nafion irho[2] = 0
        [3] = Nafion irho[3] = 0
        [4] = Nafion irho[4] = 0
        [5] = Nafion irho[5] = 0
        [6] = Nafion irho[6] = 0
      .rho
        [0] = (((1 - Water fraction 0) * 3.705) + (Water fraction 0 * 6.331)) = 3.72425
        [1] = (((1 - Water fraction 1) * 3.705) + (Water fraction 1 * 6.331)) = 3.72556
        [2] = (((1 - Water fraction 2) * 3.705) + (Water fraction 2 * 6.331)) = 4.65801
        [3] = (((1 - Water fraction 3) * 3.705) + (Water fraction 3 * 6.331)) = 5.03614
        [4] = (((1 - Water fraction 4) * 3.705) + (Water fraction 4 * 6.331)) = 4.54883
        [5] = (((1 - Water fraction 5) * 3.705) + (Water fraction 5 * 6.331)) = 4.3393
        [6] = (((1 - Water fraction 6) * 3.705) + (Water fraction 6 * 6.331)) = 5.20837
      .thickness = Nafion thickness = 336.901 in [200,600]
      .z
        [0] = Nafion z[0] = 0.0110117 in [0,1]
        [1] = Nafion z[1] = 0.0939903 in [0,1]
        [2] = Nafion z[2] = 0.343767 in [0,1]
        [3] = Nafion z[3] = 0.671215 in [0,1]
        [4] = Nafion z[4] = 0.671675 in [0,1]
        [5] = Nafion z[5] = 0.745501 in [0,1]
        [6] = Nafion z[6] = 0.929875 in [0,1]
    [5]
      .interface = Air interface = 0
      .material
        .irho = Air irho = 0
        .rho = Air rho = 0
      .thickness = Air thickness = 0
  .thickness = stack thickness = 5521.72

[chisq=6.469(51), nllf=1960.17]
