              Parameter       mean  median    best [   68% interval] [   95% interval]
 1  intensity R1_D2OVap 0.9416(81)  0.9416  0.9522 [  0.934   0.950] [  0.925   0.958]
 2 sample_broadening R1_D2OVap 0.0325(25) 0.03255 0.03322 [ 0.0300  0.0350] [ 0.0279  0.0376]
 3    Silicon interface  60.29(15)  60.294  60.285 [  60.16   60.40] [  59.99   60.60]
 4       SiOx interface   5.61(18)   5.625   5.251 [   5.48    5.75] [   5.12    5.90]
 5             SiOx rho  3.041(30)   3.035   3.035 [   3.01    3.07] [   3.00    3.12]
 6       SiOx thickness  27.32(16)  27.317  27.265 [  27.21   27.43] [  26.98   27.65]
 7  Permalloy interface   7.18(17)   7.142   6.842 [   7.09    7.28] [   6.95    7.68]
 8       Permalloy rhoM  1.860(25)  1.8594  1.8543 [  1.835   1.883] [  1.814   1.910]
 9        Permalloy rho  9.406(43)   9.408   9.345 [   9.36    9.45] [   9.31    9.47]
10  Permalloy thickness 108.48(13) 108.477 108.297 [ 108.38  108.58] [ 108.16  108.80]
11   Platinum interface   1.22(19)   1.208   1.210 [   1.08    1.34] [   0.85    1.66]
12         Platinum rho  5.932(42)   5.928   5.900 [   5.89    5.97] [   5.85    6.02]
13   Platinum thickness  48.62(37)  48.532  49.260 [  48.37   48.91] [  48.05   49.52]
14     Nafion thickness 335.51(46) 335.372 336.901 [ 335.17  335.86] [ 334.85  336.78]
15          Nafion z[0] 0.0158(40)  0.0161  0.0110 [  0.012   0.020] [  0.007   0.023]
16          Nafion z[1]  72(26)e-3  0.0726  0.0940 [  0.046   0.097] [  0.024   0.121]
17          Nafion z[2]  0.362(27)  0.3593  0.3438 [  0.336   0.393] [  0.318   0.416]
18          Nafion z[3]  0.676(16)  0.6736  0.6712 [  0.663   0.689] [  0.654   0.717]
19          Nafion z[4]  0.685(19)  0.6838  0.6717 [  0.669   0.700] [  0.658   0.737]
20          Nafion z[5]  0.724(23)  0.7263  0.7455 [  0.704   0.745] [  0.672   0.768]
21          Nafion z[6] 0.9420(35)  0.9422  0.9299 [  0.939   0.945] [  0.934   0.948]
22     Water fraction 0  22(19)e-3  0.0153  0.0073 [  0.005   0.040] [  0.001   0.070]
23     Water fraction 1  12(10)e-3  0.0093  0.0078 [  0.003   0.021] [  0.001   0.038]
24     Water fraction 2  0.372(25)  0.3704  0.3629 [  0.346   0.399] [  0.333   0.425]
25     Water fraction 3  0.497(22)  0.4962  0.5069 [  0.473   0.521] [  0.460   0.543]
26     Water fraction 4  0.282(49)   0.277   0.321 [   0.24    0.33] [   0.20    0.39]
27     Water fraction 5  0.217(42)   0.219   0.242 [   0.17    0.26] [   0.14    0.31]
28     Water fraction 6  0.531(32)   0.531   0.572 [   0.50    0.56] [   0.47    0.59]
