              Parameter       mean  median    best [   68% interval] [   95% interval]
 1        Background MM 103(44)e-9 0.000000102 0.000000095 [0.00000006 0.00000015] [0.00000002 0.00000019]
 2      intensity R1_Ar 0.9812(40)  0.9811  0.9809 [  0.977   0.985] [  0.973   0.989]
 3        Background PP 120(42)e-9 0.000000121 0.000000116 [0.00000008 0.00000016] [0.00000003 0.00000020]
 4      intensity R1_Ar 0.9644(29)  0.9644  0.9647 [  0.962   0.967] [  0.958   0.970]
 5    Silicon interface   57.1(46)   57.12   56.94 [   52.6    61.6] [   47.5    66.3]
 6       SiOx interface   5.90(11)   5.898   5.890 [   5.79    6.01] [   5.68    6.13]
 7             SiOx rho  1.033(54)   1.033   1.046 [   0.98    1.09] [   0.93    1.14]
 8       SiOx thickness  79.26(85)  79.553  79.998 [  78.61   79.89] [  76.88   79.98]
 9  Permalloy interface   7.55(27)   7.560   7.619 [   7.29    7.81] [   7.02    8.06]
10       Permalloy rhoM  1.908(12)  1.9083  1.9065 [  1.896   1.920] [  1.884   1.932]
11        Permalloy rho  9.034(20)  9.0335  9.0379 [  9.013   9.055] [  8.994   9.072]
12  Permalloy thickness 109.16(17) 109.172 109.150 [ 108.99  109.34] [ 108.79  109.50]
13   Platinum interface   1.08(82)   0.869   0.458 [   0.28    1.96] [   0.05    2.99]
14         Platinum rho  6.421(23)  6.4206  6.4184 [  6.397   6.443] [  6.379   6.465]
15   Platinum thickness  48.09(37)  48.119  48.228 [  47.74   48.46] [  47.24   48.72]
16       NRL1 thickness   4.52(50)   4.368   4.057 [   4.08    4.97] [   4.01    5.83]
17       WRL1 thickness   11.0(11)  10.951  11.063 [   9.79   12.09] [   8.80   13.37]
18       NRL2 thickness    9.8(11)   9.826  10.098 [   8.66   10.91] [   7.19   11.87]
19       WRL2 thickness  27.20(85)  27.079  26.835 [  26.43   28.10] [  25.63   29.01]
20       Grad thickness  5.091(88)   5.065   5.000 [   5.02    5.18] [   5.00    5.31]
21 Bulk Nafion interface   8.82(22)   8.814   8.762 [   8.61    9.05] [   8.42    9.26]
22      Bulk Nafion rho  3.942(14)  3.9418  3.9444 [  3.928   3.956] [  3.915   3.971]
23 Bulk Nafion thickness 229.02(64) 229.032 229.350 [ 228.35  229.68] [ 227.76  230.21]
24            NRL1:WRL1   0.23(14)   0.218   0.181 [   0.07    0.39] [   0.01    0.52]
25 Nafion Fraction-NRL1  1.279(23)  1.2864  1.3000 [  1.263   1.296] [  1.225   1.299]
26            WRL1:NRL2  0.502(41)   0.515   0.530 [   0.47    0.54] [   0.39    0.55]
27 Nafion Fraction-WRL1  0.407(58)   0.408   0.418 [   0.35    0.46] [   0.28    0.51]
28            NRL2:WRL2  0.529(22)  0.5369  0.5500 [  0.511   0.547] [  0.471   0.550]
29 Nafion Fraction-NRL2  1.177(40)   1.174   1.168 [   1.14    1.22] [   1.11    1.27]
30            WRL2:Grad 0.5470(31)  0.5479  0.5500 [  0.544   0.550] [  0.538   0.550]
31 Nafion Fraction-WRL2  0.635(12)  0.6344  0.6285 [  0.623   0.647] [  0.613   0.661]
32          Grad:Nafion   0.21(14)   0.194   0.136 [   0.06    0.38] [   0.01    0.49]
33 Nafion Fraction-Gradient  1.189(10)  1.1924  1.2000 [  1.181   1.198] [  1.161   1.200]
