              Parameter       mean  median    best [   68% interval] [   95% interval]
 1        Background MM  57(38)e-9 0.000000052 0.000000036 [0.00000002 0.00000009] [0.00000000 0.00000014]
 2     intensity R1_H92 1.0053(44)  1.0053  1.0057 [  1.001   1.010] [  0.997   1.013]
 3        Background PP 270(50)e-9 0.000000271 0.000000260 [0.00000022 0.00000032] [0.00000017 0.00000037]
 4     intensity R1_H92 0.9656(37)  0.9656  0.9663 [  0.962   0.969] [  0.958   0.973]
 5    Silicon interface     64(10)   66.83   74.21 [   53.9    72.9] [   34.5    74.6]
 6       SiOx interface   6.34(11)   6.348   6.332 [   6.23    6.44] [   6.09    6.56]
 7             SiOx rho  1.982(38)   1.984   1.983 [   1.94    2.02] [   1.91    2.05]
 8       SiOx thickness     53(22)   45.22   98.87 [   30.6    80.9] [   26.0    95.7]
 9  Permalloy interface   8.06(24)   8.056   8.016 [   7.81    8.30] [   7.57    8.54]
10       Permalloy rhoM  1.637(12)  1.6365  1.6368 [  1.625   1.648] [  1.613   1.659]
11        Permalloy rho  8.695(17)  8.6964  8.6904 [  8.677   8.713] [  8.664   8.727]
12  Permalloy thickness 108.75(15) 108.753 108.763 [ 108.60  108.91] [ 108.47  109.02]
13   Platinum interface   0.43(32)   0.354   0.030 [   0.11    0.78] [   0.02    1.19]
14         Platinum rho  6.401(18)  6.4015  6.4013 [  6.382   6.419] [  6.368   6.439]
15   Platinum thickness  49.69(18)  49.690  49.719 [  49.50   49.87] [  49.33   50.03]
16       NRL1 thickness   4.59(53)   4.445   4.444 [   4.12    5.09] [   4.02    6.02]
17       WRL1 thickness  10.41(83)  10.426  10.530 [   9.60   11.25] [   8.59   12.02]
18       NRL2 thickness  12.06(91)  11.963  11.684 [  11.23   12.90] [  10.52   14.10]
19       WRL2 thickness   23.7(18)  23.890  24.637 [  21.85   25.39] [  19.49   26.56]
20       Grad thickness   8.24(88)   8.186   7.615 [   7.39    9.08] [   6.73   10.16]
21 Bulk Nafion interface  11.91(23)  11.913  11.928 [  11.67   12.15] [  11.49   12.38]
22      Bulk Nafion rho  3.195(13)  3.1960  3.1966 [  3.182   3.208] [  3.169   3.218]
23 Bulk Nafion thickness  264.9(11) 264.872 264.926 [ 263.72  266.10] [ 262.94  267.23]
24            NRL1:WRL1  0.483(69)   0.504   0.550 [   0.43    0.54] [   0.30    0.55]
25 Nafion Fraction-NRL1  0.713(13)  0.7094  0.7000 [  0.703   0.723] [  0.700   0.748]
26            WRL1:NRL2  0.444(59)   0.450   0.456 [   0.38    0.50] [   0.31    0.54]
27 Nafion Fraction-WRL1  0.477(44)   0.480   0.482 [   0.43    0.52] [   0.39    0.56]
28            NRL2:WRL2 0.5424(92)  0.5458  0.5500 [  0.535   0.549] [  0.514   0.550]
29 Nafion Fraction-NRL2  1.272(25)  1.2791  1.2837 [  1.246   1.295] [  1.208   1.299]
30            WRL2:Grad  0.375(61)   0.374   0.343 [   0.32    0.44] [   0.25    0.50]
31 Nafion Fraction-WRL2  0.504(39)   0.508   0.528 [   0.47    0.54] [   0.41    0.57]
32          Grad:Nafion 0.5415(88)  0.5443  0.5500 [  0.535   0.548] [  0.515   0.550]
33 Nafion Fraction-Gradient  1.154(38)   1.164   1.168 [   1.12    1.19] [   1.06    1.20]
