              Parameter       mean  median    best [   68% interval] [   95% interval]
 1        Background MM 294(34)e-9 0.000000294 0.000000314 [0.00000026 0.00000033] [0.00000023 0.00000036]
 2     intensity R1_H92 0.9979(38)  0.9979  0.9979 [  0.994   1.002] [  0.990   1.005]
 3        Background PP 424(39)e-9 0.000000424 0.000000444 [0.00000039 0.00000046] [0.00000035 0.00000050]
 4     intensity R1_H92 0.9605(33)  0.9606  0.9611 [  0.957   0.964] [  0.954   0.967]
 5    Silicon interface   39.5(58)   39.06   35.88 [   33.0    46.5] [   30.6    49.5]
 6       SiOx interface  5.625(99)   5.631   5.537 [   5.53    5.73] [   5.43    5.80]
 7             SiOx rho  2.040(27)   2.040   2.059 [   2.01    2.07] [   1.99    2.10]
 8       SiOx thickness     92(29)    94.8    94.5 [     59     122] [     32     144]
 9  Permalloy interface   8.30(22)   8.303   8.452 [   8.09    8.51] [   7.90    8.73]
10       Permalloy rhoM  1.634(11)  1.6338  1.6294 [  1.623   1.645] [  1.614   1.655]
11        Permalloy rho  8.707(14)  8.7057  8.7149 [  8.692   8.722] [  8.679   8.735]
12  Permalloy thickness 108.69(12) 108.690 108.659 [ 108.57  108.81] [ 108.46  108.92]
13   Platinum interface   0.19(13)   0.169   0.037 [   0.06    0.32] [   0.01    0.51]
14         Platinum rho  6.466(16)  6.4660  6.4566 [  6.449   6.482] [  6.434   6.495]
15   Platinum thickness  49.27(13)  49.271  49.306 [  49.14   49.41] [  49.01   49.52]
16       NRL1 thickness  17.28(20)  17.287  17.382 [  17.08   17.48] [  16.89   17.65]
17       WRL1 thickness   8.29(20)   8.293   8.179 [   8.08    8.51] [   7.90    8.66]
18       NRL2 thickness  26.54(62)  26.571  26.369 [  25.93   27.16] [  25.25   27.63]
19       WRL2 thickness    6.0(13)   5.910   6.557 [   4.68    7.31] [   4.09    9.08]
20 Bulk Nafion interface  12.50(18)  12.493  12.604 [  12.32   12.67] [  12.14   12.86]
21      Bulk Nafion rho 3.2362(97)  3.2362  3.2377 [  3.226   3.245] [  3.217   3.257]
22 Bulk Nafion thickness 266.42(88) 266.505 265.981 [ 265.58  267.28] [ 264.31  267.90]
23 Nafion Fraction-NRL1 0.7011(11) 0.70076 0.70093 [ 0.7002  0.7020] [ 0.7000  0.7041]
24 Nafion Fraction-WRL1 1.1980(19) 1.19861 1.19819 [ 1.1964  1.1997] [ 1.1931  1.1999]
25 Nafion Fraction-NRL2 0.70038(34) 0.70027 0.70023 [ 0.7001  0.7007] [ 0.7000  0.7013]
26 Nafion Fraction-WRL2  1.014(55)   1.005   0.977 [   0.96    1.08] [   0.92    1.13]
