              Parameter       mean  median    best [   68% interval] [   95% interval]
 1        Background MM  71(53)e-9 0.000000059 0.000000030 [0.00000002 0.00000012] [0.00000000 0.00000021]
 2      intensity R1H92 1.0049(59)  1.0048  1.0014 [  0.999   1.010] [  0.994   1.016]
 3        Background PP 246(66)e-9 0.000000243 0.000000254 [0.00000019 0.00000031] [0.00000012 0.00000039]
 4      intensity R1H92 0.9634(56)  0.9633  0.9628 [  0.958   0.969] [  0.952   0.974]
 5    Silicon interface     65(21)   67.49   46.41 [   41.9    85.3] [   20.6    97.3]
 6       SiOx interface   6.23(20)   6.252   6.138 [   6.07    6.41] [   5.66    6.53]
 7             SiOx rho  2.019(69)   2.023   2.040 [   1.95    2.08] [   1.88    2.17]
 8       SiOx thickness    122(47)   120.4   120.2 [     70     178] [     38     198]
 9  Permalloy interface   8.26(37)   8.231   7.642 [   7.93    8.58] [   7.61    9.23]
10       Permalloy rhoM  1.645(17)  1.6445  1.6341 [  1.629   1.661] [  1.610   1.678]
11        Permalloy rho  8.703(32)   8.703   8.704 [   8.67    8.73] [   8.64    8.76]
12  Permalloy thickness 108.75(19) 108.762 108.738 [ 108.58  108.92] [ 108.36  109.10]
13   Platinum interface   0.82(56)   0.734   0.434 [   0.26    1.33] [   0.05    2.08]
14         Platinum rho  6.401(31)   6.404   6.433 [   6.37    6.43] [   6.34    6.45]
15   Platinum thickness  50.27(48)  50.280  50.246 [  49.96   50.63] [  49.44   51.03]
16             WRL1 rho   2.34(36)   2.334   2.466 [   2.08    2.55] [   1.78    2.89]
17       WRL1 thickness   11.9(19)  12.058  13.054 [  10.35   13.46] [   7.19   15.18]
18             NRL1 rho   4.20(41)   4.259   4.388 [   4.11    4.44] [   2.73    4.68]
19       NRL1 thickness   17.0(32)   17.59   16.96 [   15.0    19.5] [    7.8    21.7]
20             WRL2 rho   2.62(63)   2.476   2.431 [   2.26    2.68] [   1.98    4.45]
21       WRL2 thickness   13.6(28)   13.76   13.19 [   11.4    16.0] [    6.2    18.4]
22             NRL2 rho   3.51(39)   3.603   3.548 [   3.49    3.73] [   2.35    3.90]
23       NRL2 thickness   16.0(34)   16.21   19.62 [   12.7    19.1] [    9.2    22.2]
24         Gradient rho   3.22(11)   3.198   3.202 [   3.18    3.22] [   3.17    3.49]
25       Grad thickness    182(65)   214.5   213.3 [    104     218] [     18     242]
26 Bulk Nafion interface  12.63(59)  12.646  13.616 [  12.04   13.13] [  11.57   13.68]
27      Bulk Nafion rho   3.30(15)   3.310   3.382 [   3.21    3.36] [   3.16    3.42]
28 Bulk Nafion thickness     83(68)    47.9    47.1 [     46     159] [     21     261]
29            WRL1:NRL1   0.32(12)   0.332   0.308 [   0.20    0.46] [   0.06    0.53]
30            NRL1:WRL2   0.29(12)   0.303   0.430 [   0.17    0.42] [   0.04    0.52]
31            WRL2:NRL2   0.27(13)   0.264   0.084 [   0.13    0.42] [   0.04    0.52]
32            NRL2:Grad   0.24(14)   0.240   0.090 [   0.08    0.39] [   0.02    0.51]
33          Grad:Nafion   0.11(15)   0.012   0.002 [   0.00    0.31] [   0.00    0.48]
