              Parameter       mean  median    best [   68% interval] [   95% interval]
 1     background R1XRR 20.05(87)e-9 0.00000002006 0.00000001985 [0.0000000192 0.0000000209] [0.0000000184 0.0000000217]
 2      intensity R1XRR 1.0754(28)  1.0753  1.0744 [  1.073   1.078] [  1.070   1.081]
 3    Silicon interface  14.68(25)  14.690  14.746 [  14.43   14.95] [  14.18   15.15]
 4  Interface interface  2.626(36)   2.623   2.633 [   2.59    2.66] [   2.56    2.71]
 5       Interface irho  22.53(88)  22.547  23.479 [  21.66   23.44] [  20.74   24.18]
 6        Interface rho  26.27(64)  26.301  27.090 [  25.64   26.92] [  24.92   27.38]
 7  Interface thickness  38.74(55)  38.732  39.231 [  38.17   39.31] [  37.68   39.78]
 8       SiOx interface  4.760(63)   4.758   4.678 [   4.69    4.82] [   4.64    4.89]
 9            SiOx irho  -0.07(29)  -0.114  -0.372 [  -0.36    0.22] [  -0.48    0.61]
10             SiOx rho   30.9(21)  30.735  27.557 [  28.86   32.92] [  27.50   35.35]
11       SiOx thickness   0.19(18)   0.134   0.000 [   0.04    0.34] [   0.00    0.73]
12  Permalloy interface  6.555(13)  6.5551  6.5492 [  6.541   6.568] [  6.529   6.580]
13       Permalloy irho   5.72(23)   5.713   5.775 [   5.50    5.94] [   5.26    6.16]
14        Permalloy rho  66.77(19)  66.776  66.904 [  66.59   66.95] [  66.42   67.15]
15  Permalloy thickness 106.07(11) 106.073 105.986 [ 105.97  106.18] [ 105.82  106.28]
16   Platinum interface 3.7179(22) 3.71775 3.71786 [ 3.7156  3.7202] [ 3.7135  3.7223]
17        Platinum irho 12.459(94)  12.460  12.436 [  12.36   12.55] [  12.27   12.64]
18         Platinum rho 133.26(13) 133.262 133.304 [ 133.13  133.39] [ 132.99  133.52]
19   Platinum thickness 49.352(21) 49.3525 49.3528 [ 49.332  49.374] [ 49.310  49.395]
