.probe
  .Aguide = Aguide R1_Ar = 270
  .H = H R1_Ar = 0
  .mm
    .back_absorption = back_absorption R1_Ar = 1
    .background = Background MM = 5.92984e-08 in [0,0.0001]
    .intensity = intensity R1_Ar = 0.974909 in [0.9,1.1]
    .sample_broadening = sample_broadening R1_Ar = 0
    .theta_offset = theta_offset R1_Ar = 0
  .mp = None
  .pm = None
  .pp
    .back_absorption = back_absorption R1_Ar = 1
    .background = Background PP = 4.65713e-08 in [0,0.0001]
    .intensity = intensity R1_Ar = 0.959164 in [0.9,1.1]
    .sample_broadening = sample_broadening R1_Ar = 0
    .theta_offset = theta_offset R1_Ar = 0
.sample
  .layers
    [0]
      .interface = Silicon interface = 35.2037 in [10,100]
      .material
        .irho = Silicon irho = 0
        .rho = Silicon rho = 2.071
      .thickness = Silicon thickness = 5000
    [1]
      .interface = SiOx interface = 5.70982 in [0,20]
      .material
        .irho = SiOx irho = 0
        .rho = SiOx rho = 1.12874 in [0.7,5]
      .thickness = SiOx thickness = 94.9864 in [25,200]
    [2]
      .interface = Permalloy interface = 7.58102 in [0,20]
      .magnetism
        .dead_above = Permalloy deadM above = 0
        .dead_below = Permalloy deadM below = 0
        .interface_above = None
        .interface_below = None
        .rhoM = Permalloy rhoM = 1.92917 in [0.942,2.942]
        .thetaM = Permalloy thetaM = 270
      .material
        .irho = Permalloy irho = 0
        .rho = Permalloy rho = 9.0191 in [8.239,10.239]
      .thickness = Permalloy thickness = 109.002 in [98,115]
    [3]
      .interface = Platinum interface = 0.557513 in [0,10]
      .material
        .irho = Platinum irho = 0
        .rho = Platinum rho = 6.4865 in [5.349,7.349]
      .thickness = Platinum thickness = 51.0502 in [30,70]
    [4]
      .interface = (WRL1:NRL1 * (((WRL1 thickness ** -4.0) + (NRL1 thickness ** -4.0)) ** -0.25)) = 2.15883
      .material
        .irho = WRL1 irho = 0
        .rho = WRL1 rho = 2.28785 in [0,4.5]
      .thickness = WRL1 thickness = 9.5806 in [4,40]
    [5]
      .interface = (NRL1:WRL2 * (((NRL1 thickness ** -4.0) + (WRL2 thickness ** -4.0)) ** -0.25)) = 1.21592
      .material
        .irho = NRL1 irho = 0
        .rho = NRL1 rho = 3.85195 in [0,4.5]
      .thickness = NRL1 thickness = 20.9306 in [4,40]
    [6]
      .interface = (WRL2:NRL2 * (((WRL2 thickness ** -4.0) + (NRL2 thickness ** -4.0)) ** -0.25)) = 1.17046
      .material
        .irho = WRL2 irho = 0
        .rho = WRL2 rho = 2.72622 in [0,4.5]
      .thickness = WRL2 thickness = 5.74905 in [4,40]
    [7]
      .interface = (NRL2:Grad * (((NRL2 thickness ** -4.0) + (Grad thickness ** -4.0)) ** -0.25)) = 2.45762
      .material
        .irho = NRL2 irho = 0
        .rho = NRL2 rho = 3.65907 in [0,4.5]
      .thickness = NRL2 thickness = 37.1661 in [25,50]
    [8]
      .interface = (Grad:Nafion * (((Grad thickness ** -4.0) + 6.25e-10) ** -0.25)) = 78.6561
      .material
        .irho = Gradient irho = 0
        .rho = Gradient rho = 3.83337 in [0,4.5]
      .thickness = Grad thickness = 167.726 in [4,400]
    [9]
      .interface = Bulk Nafion interface = 10.2988 in [0,20]
      .material
        .irho = Bulk Nafion irho = 0
        .rho = Bulk Nafion rho = 4.32498 in [2.705,4.705]
      .thickness = Bulk Nafion thickness = 42.1648 in [4,400]
    [10]
      .interface = Air interface = 0
      .material
        .irho = Air irho = 0
        .rho = Air rho = 0
      .thickness = Air thickness = 0
  .thickness = stack thickness = 5538.36

[chisq=2.018(55), nllf=663.905]
              Parameter       mean  median    best [   68% interval] [   95% interval]
 1        Background MM  68(39)e-9 0.000000062 0.000000059 [0.00000003 0.00000011] [0.00000001 0.00000016]
 2      intensity R1_Ar 0.9760(38)  0.9759  0.9749 [  0.972   0.980] [  0.969   0.983]
 3        Background PP  68(37)e-9 0.000000064 0.000000047 [0.00000003 0.00000011] [0.00000001 0.00000014]
 4      intensity R1_Ar 0.9625(29)  0.9625  0.9592 [  0.960   0.965] [  0.957   0.968]
 5    Silicon interface   36.3(29)   36.18   35.20 [   33.5    39.0] [   31.3    42.3]
 6       SiOx interface   5.69(11)   5.693   5.710 [   5.58    5.80] [   5.47    5.91]
 7             SiOx rho  1.092(51)   1.094   1.129 [   1.04    1.14] [   0.99    1.20]
 8       SiOx thickness   94.2(33)   94.21   94.99 [   90.8    97.4] [   88.1   100.9]
 9  Permalloy interface   7.49(25)   7.484   7.581 [   7.24    7.74] [   7.01    7.95]
10       Permalloy rhoM  1.924(12)  1.9237  1.9292 [  1.911   1.935] [  1.900   1.948]
11        Permalloy rho  9.012(23)  9.0121  9.0191 [  8.988   9.034] [  8.966   9.056]
12  Permalloy thickness 109.00(17) 109.011 109.002 [ 108.83  109.16] [ 108.69  109.33]
13   Platinum interface   0.81(52)   0.741   0.558 [   0.26    1.33] [   0.06    1.93]
14         Platinum rho  6.478(27)   6.477   6.487 [   6.45    6.50] [   6.42    6.53]
15   Platinum thickness  51.20(31)  51.200  51.050 [  50.87   51.50] [  50.61   51.86]
16             WRL1 rho   2.16(28)   2.196   2.288 [   1.88    2.43] [   1.52    2.63]
17       WRL1 thickness    9.1(12)   9.115   9.581 [   7.88   10.36] [   6.91   11.55]
18             NRL1 rho  3.896(58)   3.893   3.852 [   3.84    3.95] [   3.80    4.02]
19       NRL1 thickness   20.5(15)  20.500  20.931 [  19.09   21.85] [  17.26   23.16]
20             WRL2 rho   2.86(20)   2.884   2.726 [   2.65    3.06] [   2.40    3.17]
21       WRL2 thickness    6.5(15)   6.330   5.749 [   4.87    8.02] [   4.10    9.73]
22             NRL2 rho  3.678(21)  3.6787  3.6591 [  3.657   3.699] [  3.635   3.717]
23       NRL2 thickness   36.7(27)   36.70   37.17 [   34.2    39.1] [   31.4    41.7]
24         Gradient rho  3.829(29)   3.830   3.833 [   3.80    3.86] [   3.77    3.88]
25       Grad thickness    108(22)  103.23  167.73 [   87.4   129.9] [   75.9   162.6]
26 Bulk Nafion interface   9.75(28)   9.735  10.299 [   9.48   10.02] [   9.27   10.36]
27      Bulk Nafion rho  4.177(63)   4.165   4.325 [   4.12    4.24] [   4.08    4.33]
28 Bulk Nafion thickness    103(23)  107.68   42.16 [   80.9   124.0] [   47.4   135.1]
29            WRL1:NRL1   0.31(15)   0.322   0.228 [   0.13    0.48] [   0.03    0.54]
30            NRL1:WRL2   0.13(11)   0.096   0.212 [   0.03    0.24] [   0.01    0.42]
31            WRL2:NRL2   0.15(11)   0.123   0.204 [   0.05    0.26] [   0.01    0.43]
32            NRL2:Grad  99(86)e-3   0.080   0.066 [   0.03    0.16] [   0.00    0.37]
33          Grad:Nafion  0.501(38)   0.509   0.519 [   0.47    0.54] [   0.41    0.55]
