              Parameter       mean  median    best [   68% interval] [   95% interval]
 1        Background MM 111(46)e-9 0.000000113 0.000000103 [0.00000006 0.00000016] [0.00000002 0.00000020]
 2      intensity R1_Ar 0.9967(36)  0.9969  1.0003 [  0.993   1.000] [  0.989   1.003]
 3        Background PP 127(40)e-9 0.000000125 0.000000103 [0.00000009 0.00000017] [0.00000005 0.00000021]
 4      intensity R1_Ar 0.9735(27)  0.9734  0.9741 [  0.971   0.976] [  0.968   0.979]
 5    Silicon interface   34.2(17)  34.110  34.699 [  32.56   35.88] [  31.20   37.74]
 6       SiOx interface   6.01(10)   6.006   6.070 [   5.91    6.11] [   5.81    6.22]
 7             SiOx rho  0.838(44)   0.837   0.840 [   0.80    0.88] [   0.75    0.93]
 8       SiOx thickness   97.9(15)  98.258  98.512 [  96.36   99.38] [  94.62   99.86]
 9  Permalloy interface   7.36(25)   7.363   7.190 [   7.11    7.63] [   6.85    7.84]
10       Permalloy rhoM  1.936(11)  1.9364  1.9370 [  1.924   1.948] [  1.913   1.956]
11        Permalloy rho  8.867(21)  8.8669  8.8606 [  8.846   8.889] [  8.828   8.907]
12  Permalloy thickness 108.91(17) 108.907 108.933 [ 108.74  109.07] [ 108.59  109.24]
13   Platinum interface   0.61(44)   0.529   0.416 [   0.17    1.05] [   0.03    1.60]
14         Platinum rho  6.389(21)  6.3898  6.3946 [  6.368   6.410] [  6.349   6.427]
15   Platinum thickness  49.42(67)  49.247  48.911 [  48.79   50.27] [  48.45   50.79]
16       NRL1 thickness   4.26(24)   4.196   4.056 [   4.05    4.48] [   4.01    4.87]
17       WRL1 thickness    7.4(17)   7.128   6.977 [   5.93    9.03] [   5.02   11.66]
18       NRL2 thickness   17.8(26)  18.401  19.173 [  15.06   20.17] [  11.55   21.39]
19       WRL2 thickness   11.0(21)  10.875  11.369 [   8.81   13.21] [   7.22   15.25]
20 Bulk Nafion interface   8.61(20)   8.599   8.641 [   8.41    8.81] [   8.23    9.02]
21      Bulk Nafion rho  3.841(10)  3.8416  3.8438 [  3.831   3.852] [  3.821   3.860]
22 Bulk Nafion thickness 244.66(97) 244.694 244.169 [ 243.70  245.62] [ 242.69  246.43]
23 Nafion Fraction-NRL1   1.09(17)   1.148   1.258 [   0.88    1.26] [   0.73    1.30]
24 Nafion Fraction-WRL1  0.359(74)   0.356   0.311 [   0.29    0.43] [   0.22    0.51]
25 Nafion Fraction-NRL2  0.979(40)   0.967   0.957 [   0.95    1.01] [   0.93    1.09]
26 Nafion Fraction-WRL2  0.728(27)  0.7313  0.7386 [  0.703   0.753] [  0.669   0.768]
