              Parameter       mean  median    best [   68% interval] [   95% interval]
 1        Background MM 193(38)e-9 0.000000195 0.000000184 [0.00000015 0.00000023] [0.00000012 0.00000027]
 2      intensity R1_Ar 0.9784(40)  0.9785  0.9755 [  0.975   0.982] [  0.970   0.986]
 3        Background PP 200(42)e-9 0.000000201 0.000000199 [0.00000015 0.00000024] [0.00000012 0.00000028]
 4      intensity R1_Ar 0.9651(30)  0.9651  0.9610 [  0.962   0.968] [  0.959   0.971]
 5    Silicon interface   67.1(18)  67.240  67.747 [  66.05   68.23] [  62.70   70.73]
 6       SiOx interface   5.81(12)   5.807   5.771 [   5.69    5.93] [   5.60    6.07]
 7             SiOx rho  0.982(37)   0.975   0.993 [   0.95    1.02] [   0.92    1.07]
 8       SiOx thickness  102.7(32)  103.40  103.41 [  100.7   105.0] [   93.2   108.3]
 9  Permalloy interface   7.60(22)   7.590   7.549 [   7.38    7.81] [   7.15    8.07]
10       Permalloy rhoM  1.911(13)  1.9101  1.9195 [  1.898   1.924] [  1.888   1.936]
11        Permalloy rho  8.991(20)  8.9886  8.9977 [  8.971   9.009] [  8.956   9.033]
12  Permalloy thickness 109.11(18) 109.105 109.112 [ 108.93  109.28] [ 108.76  109.47]
13   Platinum interface   1.69(35)   1.805   1.576 [   1.43    1.94] [   0.81    2.08]
14         Platinum rho  6.358(20)  6.3596  6.3661 [  6.339   6.378] [  6.313   6.394]
15   Platinum thickness  50.17(21)  50.138  50.148 [  49.97   50.39] [  49.80   50.61]
16       WRL1 thickness  16.57(38)  16.547  16.647 [  16.28   16.91] [  15.80   17.34]
17       NRL1 thickness   5.53(23)   5.530   5.358 [   5.33    5.73] [   5.01    6.03]
18       WRL2 thickness  18.99(70)  19.101  18.480 [  18.27   19.67] [  17.38   20.11]
19       NRL2 thickness  29.67(51)  29.596  29.971 [  29.31   30.12] [  28.69   30.79]
20       Grad thickness  33.61(93)  33.533  32.906 [  32.96   34.23] [  31.86   35.95]
21 Bulk Nafion interface   9.36(19)   9.348   9.457 [   9.18    9.56] [   8.99    9.76]
22      Bulk Nafion rho  4.049(16)  4.0475  4.0715 [  4.033   4.066] [  4.021   4.083]
23 Bulk Nafion thickness 180.11(97) 180.150 181.276 [ 179.28  180.92] [ 177.86  182.02]
24            WRL1_NRL1  0.203(17)  0.2031  0.2127 [  0.194   0.214] [  0.169   0.234]
25 Nafion Fraction-WRL1  0.697(11)  0.6978  0.6909 [  0.687   0.709] [  0.675   0.715]
26            NRL1:WRL2  0.534(10)  0.5355  0.5349 [  0.524   0.544] [  0.508   0.549]
27 Nafion Fraction-NRL1  1.149(18)  1.1477  1.1534 [  1.133   1.161] [  1.114   1.195]
28            WRL2:NRL2  43(18)e-3  0.0423  0.0502 [  0.027   0.058] [  0.006   0.079]
29 Nafion Fraction-WRL2 0.7994(73)  0.7997  0.7966 [  0.793   0.806] [  0.782   0.813]
30            NRL2:Grad  0.148(32)   0.152   0.171 [   0.13    0.17] [   0.06    0.21]
31 Nafion Fraction-NRL2 0.8825(41)  0.8821  0.8817 [  0.879   0.886] [  0.874   0.891]
32          Grad:Nafion 0.5443(44)  0.5454  0.5443 [  0.540   0.548] [  0.533   0.550]
33 Nafion Fraction-Gradient 0.9230(58)  0.9225  0.9187 [  0.917   0.929] [  0.911   0.935]
