              Parameter       mean  median    best [   68% interval] [   95% interval]
 1     background R1_Ar  29(22)e-9 0.0000000236 0.0000000000 [0.000000008 0.000000049] [0.000000001 0.000000088]
 2      intensity R1_Ar 0.9988(34)  0.9988  0.9990 [  0.995   1.002] [  0.992   1.005]
 3     background R1_Ar  31(21)e-9 0.0000000273 0.0000000001 [0.000000010 0.000000054] [0.000000002 0.000000079]
 4      intensity R1_Ar 0.9742(26)  0.9742  0.9744 [  0.972   0.977] [  0.969   0.979]
 5    Silicon interface   29.6(13)  29.653  29.755 [  28.36   30.87] [  27.22   32.21]
 6       SiOx interface  5.819(92)   5.820   5.828 [   5.72    5.91] [   5.64    6.00]
 7             SiOx rho  0.807(36)   0.808   0.804 [   0.77    0.84] [   0.74    0.88]
 8       SiOx thickness   94.3(15)  94.247  94.255 [  92.83   95.82] [  91.42   97.34]
 9  Permalloy interface   7.33(25)   7.329   7.351 [   7.08    7.57] [   6.85    7.83]
10       Permalloy rhoM  1.933(10)  1.9330  1.9329 [  1.923   1.944] [  1.913   1.953]
11        Permalloy rho  8.836(19)  8.8362  8.8355 [  8.816   8.855] [  8.799   8.875]
12  Permalloy thickness 109.11(15) 109.110 109.120 [ 108.96  109.27] [ 108.83  109.39]
13   Platinum interface   0.89(59)   0.811   0.517 [   0.24    1.57] [   0.05    2.10]
14         Platinum rho  6.420(20)  6.4205  6.4188 [  6.399   6.440] [  6.381   6.458]
15   Platinum thickness  51.53(37)  51.502  51.384 [  51.18   51.87] [  50.89   52.41]
16      Water interface   1.41(98)   1.274   0.483 [   0.41    2.37] [   0.07    3.56]
17            Water rho   1.87(43)   1.965   2.147 [   1.42    2.25] [   0.83    2.43]
18      Water thickness    7.1(11)   7.223   7.809 [   5.97    8.18] [   4.74    9.00]
19     Nafion interface   8.52(19)   8.515   8.505 [   8.34    8.70] [   8.15    8.89]
20           Nafion rho 3.7979(79)  3.7974  3.7978 [  3.790   3.806] [  3.782   3.814]
21     Nafion thickness 275.64(92) 275.512 275.104 [ 274.84  276.47] [ 274.13  277.80]
