              Parameter       mean  median    best [   68% interval] [   95% interval]
 1     background R1_Ar 235(30)e-9 0.000000233 0.000000220 [0.00000021 0.00000026] [0.00000017 0.00000030]
 2      intensity R1_Ar 0.9757(36)  0.9758  0.9747 [  0.972   0.979] [  0.969   0.983]
 3     background R1_Ar  93(29)e-9 0.000000093 0.000000096 [0.00000007 0.00000012] [0.00000003 0.00000015]
 4      intensity R1_Ar 0.9482(26) 0.94781 0.94824 [ 0.9456  0.9505] [ 0.9441  0.9540]
 5    Silicon interface  49.81(32)  49.931  49.935 [  49.69   49.99] [  49.03   50.00]
 6       SiOx interface  4.273(84)   4.274   4.345 [   4.19    4.35] [   4.10    4.43]
 7             SiOx rho 2.07190(95) 2.07153 2.07113 [ 2.0711  2.0728] [ 2.0710  2.0746]
 8       SiOx thickness   26.7(89)   25.39   24.45 [   21.5    31.6] [   13.2    47.7]
 9  Permalloy interface   8.75(19)   8.753   8.708 [   8.58    8.93] [   8.38    9.17]
10       Permalloy rhoM  1.915(12)  1.9152  1.9211 [  1.903   1.928] [  1.892   1.936]
11        Permalloy rho  9.298(12)  9.2987  9.2934 [  9.285   9.310] [  9.272   9.319]
12  Permalloy thickness 108.47(15) 108.469 108.614 [ 108.33  108.62] [ 108.18  108.77]
13   Platinum interface   2.00(31)   2.059   1.870 [   1.78    2.21] [   1.25    2.50]
14         Platinum rho  6.381(17)  6.3823  6.3827 [  6.364   6.397] [  6.341   6.411]
15   Platinum thickness  50.40(16)  50.399  50.217 [  50.23   50.56] [  50.10   50.71]
16      Water interface  9.980(26)  9.9895  9.9775 [  9.959   9.998] [  9.914  10.000]
17            Water rho  2.486(16)  2.4916  2.4851 [  2.477   2.498] [  2.437   2.500]
18      Water thickness  12.83(67)  12.838  12.757 [  12.14   13.57] [  11.50   13.79]
19     Nafion interface   7.96(18)   7.977   7.902 [   7.78    8.13] [   7.60    8.27]
20           Nafion rho 3.8115(86)  3.8121  3.8132 [  3.803   3.820] [  3.794   3.827]
21     Nafion thickness 272.01(73) 271.952 272.090 [ 271.19  272.76] [ 270.93  273.48]
