.probe
  .Aguide = Aguide R1_Ar = 270
  .H = H R1_Ar = 0
  .mm
    .back_absorption = back_absorption R1_Ar = 1
    .background = background R1_Ar = 2.20117e-07 in [0,1e-05]
    .intensity = intensity R1_Ar = 0.974684 in [0.9,1.1]
    .sample_broadening = sample_broadening R1_Ar = 0
    .theta_offset = theta_offset R1_Ar = 0
  .mp = None
  .pm = None
  .pp
    .back_absorption = back_absorption R1_Ar = 1
    .background = background R1_Ar = 9.61297e-08 in [0,1e-05]
    .intensity = intensity R1_Ar = 0.948242 in [0.9,1.1]
    .sample_broadening = sample_broadening R1_Ar = 0
    .theta_offset = theta_offset R1_Ar = 0
.sample
  .layers
    [0]
      .interface = Silicon interface = 49.935 in [25.49,50]
      .magnetism
        .dead_above = Silicon deadM above = 0
        .dead_below = Silicon deadM below = 0
        .interface_above = None
        .interface_below = None
        .rhoM = Silicon rhoM = 0
        .thetaM = Silicon thetaM = 0
      .material
        .irho = Silicon irho = 0
        .rho = Silicon rho = 2.071
      .thickness = Silicon thickness = 0
    [1]
      .interface = SiOx interface = 4.34493 in [0,25]
      .magnetism
        .dead_above = SiOx deadM above = 0
        .dead_below = SiOx deadM below = 0
        .interface_above = None
        .interface_below = None
        .rhoM = SiOx rhoM = 0
        .thetaM = SiOx thetaM = 0
      .material
        .irho = SiOx irho = 0
        .rho = SiOx rho = 2.07113 in [2.071,5]
      .thickness = SiOx thickness = 24.452 in [10,135]
    [2]
      .interface = Permalloy interface = 8.70772 in [0,18.522]
      .magnetism
        .dead_above = Permalloy deadM above = 0
        .dead_below = Permalloy deadM below = 0
        .interface_above = None
        .interface_below = None
        .rhoM = Permalloy rhoM = 1.92112 in [0.942,2.942]
        .thetaM = Permalloy thetaM = 270
      .material
        .irho = Permalloy irho = 0
        .rho = Permalloy rho = 9.29336 in [8.239,10.239]
      .thickness = Permalloy thickness = 108.614 in [8,208]
    [3]
      .interface = Platinum interface = 1.87026 in [0,10]
      .magnetism
        .dead_above = Platinum deadM above = 0
        .dead_below = Platinum deadM below = 0
        .interface_above = None
        .interface_below = None
        .rhoM = Platinum rhoM = 0
        .thetaM = Platinum thetaM = 0
      .material
        .irho = Platinum irho = 0
        .rho = Platinum rho = 6.38273 in [5.446,7.446]
      .thickness = Platinum thickness = 50.2166 in [0,148.25]
    [4]
      .interface = Water interface = 9.9775 in [0,10]
      .magnetism
        .dead_above = Water deadM above = 0
        .dead_below = Water deadM below = 0
        .interface_above = None
        .interface_below = None
        .rhoM = Water rhoM = 0
        .thetaM = Water thetaM = 0
      .material
        .irho = Water irho = 0
        .rho = Water rho = 2.48509 in [-0.6,2.5]
      .thickness = Water thickness = 12.7567 in [0,110]
    [5]
      .interface = Nafion interface = 7.90201 in [0,17.702]
      .magnetism
        .dead_above = Nafion deadM above = 0
        .dead_below = Nafion deadM below = 0
        .interface_above = None
        .interface_below = None
        .rhoM = Nafion rhoM = 0
        .thetaM = Nafion thetaM = 0
      .material
        .irho = Nafion irho = 0
        .rho = Nafion rho = 3.81318 in [2.705,4.705]
      .thickness = Nafion thickness = 272.09 in [186.6,386.6]
    [6]
      .interface = Air interface = 0
      .magnetism
        .dead_above = Air deadM above = 0
        .dead_below = Air deadM below = 0
        .interface_above = None
        .interface_below = None
        .rhoM = Air rhoM = 0
        .thetaM = Air thetaM = 0
      .material
        .irho = Air irho = 0
        .rho = Air rho = 0
      .thickness = Air thickness = 0
  .thickness = stack thickness = 468.129

[chisq=6.512(35), nllf=2181.42]
