              Parameter       mean  median    best [   68% interval] [   95% interval]
 1     background R1XRR 23.88(89)e-9 0.00000002390 0.00000002425 [0.0000000229 0.0000000248] [0.0000000222 0.0000000256]
 2      intensity R1XRR 1.0454(23) 1.04552 1.04730 [ 1.0431  1.0478] [ 1.0406  1.0495]
 3    Silicon interface  12.35(53)  12.366  12.277 [  11.83   12.86] [  11.32   13.42]
 4       SiOx interface  3.281(10)  3.2810  3.2833 [  3.270   3.291] [  3.261   3.303]
 5            SiOx irho   0.18(38)   0.178   0.171 [  -0.25    0.58] [  -0.46    0.91]
 6             SiOx rho  25.72(34)  25.724  25.717 [  25.36   26.08] [  25.10   26.39]
 7       SiOx thickness  28.42(97)  28.439  28.168 [  27.47   29.39] [  26.45   30.26]
 8  Interface interface  21.60(54)  21.614  21.415 [  21.06   22.13] [  20.54   22.67]
 9       Interface irho  -0.24(15)  -0.237  -0.005 [  -0.41   -0.07] [  -0.48    0.00]
10        Interface rho  60.49(29)  60.483  60.484 [  60.20   60.78] [  59.96   61.10]
11  Interface thickness 98.493(68)  98.502  98.524 [  98.43   98.56] [  98.33   98.60]
12  Permalloy interface  6.130(10)  6.1302  6.1277 [  6.120   6.141] [  6.110   6.150]
13       Permalloy irho   5.56(44)   5.565   5.472 [   5.11    6.01] [   4.68    6.41]
14        Permalloy rho 74.943(52)  74.958  74.991 [  74.90   74.99] [  74.80   75.00]
15  Permalloy thickness 10.048(52)  10.032  10.006 [  10.01   10.09] [  10.00   10.20]
16   Platinum interface 3.6892(20) 3.68917 3.69167 [ 3.6872  3.6913] [ 3.6855  3.6934]
17        Platinum irho  10.32(10)  10.316  10.375 [  10.22   10.42] [  10.12   10.53]
18         Platinum rho 134.01(12) 134.011 133.979 [ 133.89  134.13] [ 133.80  134.26]
19   Platinum thickness 49.322(39)  49.321  49.336 [  49.28   49.36] [  49.24   49.40]
